#
# A fatal error has been detected by the Java Runtime Environment:
#
#  EXCEPTION_ACCESS_VIOLATION (0xc0000005) at pc=0x00000178dd310f84, pid=7444, tid=9700
#
# JRE version: OpenJDK Runtime Environment Temurin-21.0.1+12 (21.0.1+12) (build 21.0.1+12-LTS)
# Java VM: OpenJDK 64-Bit Server VM Temurin-21.0.1+12 (21.0.1+12-LTS, mixed mode, emulated-client, sharing, tiered, compressed oops, compressed class ptrs, g1 gc, windows-amd64)
# Problematic frame:
# v  ~BufferBlob::MethodHandles adapters 0x00000178dd310f84
#
# No core dump will be written. Minidumps are not enabled by default on client versions of Windows
#
# If you would like to submit a bug report, please visit:
#   https://github.com/adoptium/adoptium-support/issues
#

---------------  S U M M A R Y ------------

Command Line: -XX:+ShowCodeDetailsInExceptionMessages -agentlib:jdwp=transport=dt_socket,suspend=y,address=localhost:57024 -Dcom.sun.management.jmxremote -Dcom.sun.management.jmxremote.port=57023 -Dcom.sun.management.jmxremote.authenticate=false -Dcom.sun.management.jmxremote.ssl=false -Djava.rmi.server.hostname=localhost -Dspring.jmx.enabled=true -Dmanagement.endpoints.jmx.exposure.include=* -Dspring.application.admin.enabled=true -XX:TieredStopAtLevel=1 -Dspring.boot.project.name=book -javaagent:C:\pleiades\2023-12\eclipse\configuration\org.eclipse.osgi\249\0\.cp\lib\javaagent-shaded.jar -Dfile.encoding=UTF-8 -Dstdout.encoding=UTF-8 -Dstderr.encoding=UTF-8 com.example.demo.BookApplication --spring.output.ansi.enabled=always

Host: Intel(R) Core(TM) i5-7300U CPU @ 2.60GHz, 4 cores, 7G,  Windows 10 , 64 bit Build 19041 (10.0.19041.3636)
Time: Sat Feb 10 12:33:30 2024  Windows 10 , 64 bit Build 19041 (10.0.19041.3636) elapsed time: 96.578765 seconds (0d 0h 1m 36s)

---------------  T H R E A D  ---------------

Current thread (0x00000178e9cb6920):  JavaThread "http-nio-8080-exec-3" daemon [_thread_in_Java, id=9700, stack(0x000000160a200000,0x000000160a300000) (1024K)]

Stack: [0x000000160a200000,0x000000160a300000],  sp=0x000000160a2fd1f8,  free space=1012k
Native frames: (J=compiled Java code, j=interpreted, Vv=VM code, C=native code)
C  0x00000178dd310f84

The last pc belongs to _linkToVirtual (printed below).

siginfo: EXCEPTION_ACCESS_VIOLATION (0xc0000005), reading address 0x000001796664443e


Registers:
RAX=0x00000178dd2e958b, RBX=0x0000000084f8cb20, RCX=0x000000160a2fd210, RDX=0x0000000000000004
RSP=0x000000160a2fd1f8, RBP=0x000000160a2fd258, RSI=0x00000178e9af0898, RDI=0x00000178ed2e65c0
R8 =0x0000000000000004, R9 =0x0000000000000004, R10=0x0000017966644276, R11=0x0000000000000000
R12=0x0000000000000000, R13=0x000000160a2fd1f8, R14=0x000000160a2fd288, R15=0x00000178e9cb6920
RIP=0x00000178dd310f84, EFLAGS=0x0000000000010202


Register to memory mapping:

RAX=0x00000178dd2e958b is at code_begin+4363 in an Interpreter codelet
return entry points  [0x00000178dd2e8480, 0x00000178dd2ea298]  7704 bytes
RBX=0x0000000084f8cb20 is an oop: org.springframework.validation.support.BindingAwareModelMap 
{0x0000000084f8cb20} - klass: 'org/springframework/validation/support/BindingAwareModelMap'
 - ---- fields (total size 8 words):
 - transient 'keySet' 'Ljava/util/Set;' @12  null (0x00000000)
 - transient 'values' 'Ljava/util/Collection;' @16  null (0x00000000)
 - transient 'size' 'I' @20  0 (0x00000000)
 - transient 'modCount' 'I' @24  0 (0x00000000)
 - 'threshold' 'I' @28  0 (0x00000000)
 - final 'loadFactor' 'F' @32  0.750000 (0x3f400000)
 - transient 'table' '[Ljava/util/HashMap$Node;' @36  null (0x00000000)
 - transient 'entrySet' 'Ljava/util/Set;' @40  null (0x00000000)
 - transient 'putMode' 'I' @44  0 (0x00000000)
 - final 'accessOrder' 'Z' @48  false (0x00)
 - transient 'head' 'Ljava/util/LinkedHashMap$Entry;' @52  null (0x00000000)
 - transient 'tail' 'Ljava/util/LinkedHashMap$Entry;' @56  null (0x00000000)
RCX=0x000000160a2fd210 is pointing into the stack for thread: 0x00000178e9cb6920
RDX=0x0000000000000004 is an unknown value
RSP=0x000000160a2fd1f8 is pointing into the stack for thread: 0x00000178e9cb6920
RBP=0x000000160a2fd258 is pointing into the stack for thread: 0x00000178e9cb6920
RSI=0x00000178e9af0898 points into unknown readable memory: 0x880046001a17c6fc | fc c6 17 1a 00 46 00 88
RDI=0x00000178ed2e65c0 points into unknown readable memory: 0x0000002800000080 | 80 00 00 00 28 00 00 00
R8 =0x0000000000000004 is an unknown value
R9 =0x0000000000000004 is an unknown value
R10=0x0000017966644276 is an unknown value
R11=0x0 is null
R12=0x0 is null
R13=0x000000160a2fd1f8 is pointing into the stack for thread: 0x00000178e9cb6920
R14=0x000000160a2fd288 is pointing into the stack for thread: 0x00000178e9cb6920
R15=0x00000178e9cb6920 is a thread

Top of Stack: (sp=0x000000160a2fd1f8)
0x000000160a2fd1f8:   00000178dd2e958b 0000000082d8fea8
0x000000160a2fd208:   0000000084188c20 000000160a2fd210
0x000000160a2fd218:   00000178e6644276 0000000000000006
0x000000160a2fd228:   00000178e66443c8 000000160a2fd2f8
0x000000160a2fd238:   0000000083ed6810 00000178e6644288
0x000000160a2fd248:   000000160a2fd1f8 000000160a2fd290
0x000000160a2fd258:   000000160a2fd2f8 00000178dd2e958b
0x000000160a2fd268:   0000000084e34de0 0000000084f8cb20
0x000000160a2fd278:   0000000082d8fea8 0000000084188c20
0x000000160a2fd288:   0000000084e34eb0 000000008bdf1078
0x000000160a2fd298:   0000000082d8fea8 00000000844aef00
0x000000160a2fd2a8:   000000008bc93828 000000160a2fd2b0
0x000000160a2fd2b8:   00000178e6d11301 000000000000000c
0x000000160a2fd2c8:   00000178e6d11450 0000000000000000
0x000000160a2fd2d8:   00000000838bab20 00000178e6d11310
0x000000160a2fd2e8:   000000160a2fd290 000000160a2fd360
0x000000160a2fd2f8:   000000160a2fd610 00000178ddd46eca
0x000000160a2fd308:   0000000084e34eb0 0000000084f8cb20
0x000000160a2fd318:   0000000084e34ed8 0000000084188c20
0x000000160a2fd328:   0000000084e34f00 0000000082d8fea8
0x000000160a2fd338:   0000000084e34f28 0000000084f8cb20
0x000000160a2fd348:   0000000082d8fea8 0000000084188c20
0x000000160a2fd358:   0000000084e34f50 0000000000000000
0x000000160a2fd368:   00000000844afb20 00000000838842b0
0x000000160a2fd378:   000000008bc93cb0 000000008bc93c80
0x000000160a2fd388:   0000000000000001 00000000838842b0
0x000000160a2fd398:   0000000084ebbeb0 00000000844af750
0x000000160a2fd3a8:   00007ffbe90df4a6 000000160a2fd610
0x000000160a2fd3b8:   00000178dd68ba6c 0000000000000000
0x000000160a2fd3c8:   0000000000000000 000000160a2fd610
0x000000160a2fd3d8:   00000178de04026c 0000000000000000
0x000000160a2fd3e8:   0000000000000000 0000000000000000 

Instructions: (pc=0x00000178dd310f84)
0x00000178dd310e84:   00 00 00 00 01 00 00 00 00 00 00 00 10 e6 a1 e9
0x00000178dd310e94:   fb 7f 00 00 00 0f 31 dd 78 01 00 00 80 1f 31 dd
0x00000178dd310ea4:   78 01 00 00 00 0f 31 dd 78 01 00 00 80 1f 31 dd
0x00000178dd310eb4:   78 01 00 00 f0 0e 31 dd 78 01 00 00 f0 0e 31 dd
0x00000178dd310ec4:   78 01 00 00 00 00 00 00 00 00 00 00 a8 e6 a1 e9
0x00000178dd310ed4:   fb 7f 00 00 f0 10 00 00 60 00 00 00 ff ff ff ff
0x00000178dd310ee4:   f0 10 00 00 00 00 00 00 00 00 00 00 00 00 00 00
0x00000178dd310ef4:   00 00 00 00 00 00 00 00 00 00 00 00 f4 66 66 66
0x00000178dd310f04:   0f 1f 84 00 00 00 00 00 66 66 66 90 66 66 66 0f
0x00000178dd310f14:   1f 84 00 00 00 00 00 66 66 66 90 90 48 8b 53 08
0x00000178dd310f24:   0f b7 52 2e 48 8b 0c d4 8b 59 14 8b 5b 28 8b 5b
0x00000178dd310f34:   24 48 8b 5b 10 48 85 db 0f 84 10 00 00 00 41 80
0x00000178dd310f44:   bf e0 05 00 00 00 74 03 ff 63 38 ff 63 50 e9 a9
0x00000178dd310f54:   16 00 00 66 0f 1f 84 00 00 00 00 00 48 8b 53 08
0x00000178dd310f64:   0f b7 52 2e 48 8b 0c d4 58 5b 50 44 8b 51 08 49
0x00000178dd310f74:   bb 00 00 00 80 78 01 00 00 4d 03 d3 4c 8b 5b 10
0x00000178dd310f84:   4b 8b 9c da c8 01 00 00 48 85 db 0f 84 10 00 00
0x00000178dd310f94:   00 41 80 bf e0 05 00 00 00 74 03 ff 63 38 ff 63
0x00000178dd310fa4:   50 e9 56 16 00 00 66 66 66 0f 1f 84 00 00 00 00
0x00000178dd310fb4:   00 66 66 66 90 0f 1f 80 00 00 00 00 58 5b 50 8b
0x00000178dd310fc4:   5b 24 48 8b 5b 10 48 85 db 0f 84 10 00 00 00 41
0x00000178dd310fd4:   80 bf e0 05 00 00 00 74 03 ff 63 38 ff 63 50 e9
0x00000178dd310fe4:   18 16 00 00 66 66 66 0f 1f 84 00 00 00 00 00 66
0x00000178dd310ff4:   66 66 90 66 0f 1f 84 00 00 00 00 00 48 8b 53 08
0x00000178dd311004:   0f b7 52 2e 48 8b 0c d4 58 5b 50 48 3b 01 8b 5b
0x00000178dd311014:   24 48 8b 5b 10 48 85 db 0f 84 10 00 00 00 41 80
0x00000178dd311024:   bf e0 05 00 00 00 74 03 ff 63 38 ff 63 50 e9 c9
0x00000178dd311034:   15 00 00 66 0f 1f 84 00 00 00 00 00 48 8b 53 08
0x00000178dd311044:   0f b7 52 2e 48 8b 0c d4 58 5b 50 44 8b 51 08 49
0x00000178dd311054:   bb 00 00 00 80 78 01 00 00 4d 03 d3 8b 43 18 48
0x00000178dd311064:   8b 40 10 48 8b 5b 10 45 8b 9a a0 00 00 00 4f 8d
0x00000178dd311074:   9c da c8 01 00 00 4d 8d 14 da 49 8b 1b 48 3b c3 


Stack slot to memory mapping:

stack at sp + 0 slots: 0x00000178dd2e958b is at code_begin+4363 in an Interpreter codelet
return entry points  [0x00000178dd2e8480, 0x00000178dd2ea298]  7704 bytes
stack at sp + 1 slots: 0x0000000082d8fea8 is an oop: java.lang.Integer 
{0x0000000082d8fea8} - klass: 'java/lang/Integer'
 - ---- fields (total size 2 words):
 - private final 'value' 'I' @12  1 (0x00000001)
stack at sp + 2 slots: 0x0000000084188c20 is an oop: com.example.demo.controller.AuthorsController 
{0x0000000084188c20} - klass: 'com/example/demo/controller/AuthorsController'
 - ---- fields (total size 3 words):
 - 'authorService' 'Lcom/example/demo/service/AuthorService;' @12  a 'com/example/demo/service/AuthorService'{0x0000000084188c38} (0x84188c38)
 - 'bookService' 'Lcom/example/demo/service/BookService;' @16  a 'com/example/demo/service/BookService'{0x00000000842cf3a0} (0x842cf3a0)
stack at sp + 3 slots: 0x000000160a2fd210 is pointing into the stack for thread: 0x00000178e9cb6920
stack at sp + 4 slots: 0x00000178e6644276 is pointing into metadata
stack at sp + 5 slots: 0x0000000000000006 is an unknown value
stack at sp + 6 slots: 0x00000178e66443c8 is pointing into metadata
stack at sp + 7 slots: 0x000000160a2fd2f8 is pointing into the stack for thread: 0x00000178e9cb6920

MethodHandle::interpreter_entry::_linkToVirtual [0x00000178dd310f57, 0x00000178dd310faa] (83 bytes)
[MachCode]
  0x00000178dd310f57: 660f 1f84 | 0000 0000 | 0048 8b53 | 080f b752 | 2e48 8b0c | d458 5b50 | 448b 5108 | 49bb 0000 
  0x00000178dd310f77: 0080 7801 | 0000 4d03 | d34c 8b5b | 104b 8b9c | dac8 0100 | 0048 85db | 0f84 1000 | 0000 4180 
  0x00000178dd310f97: bfe0 0500 | 0000 7403 | ff63 38ff | 6350 e956 | 
[/MachCode]

---------------  P R O C E S S  ---------------

Threads class SMR info:
_java_thread_list=0x00000178e9d3e180, length=30, elements={
0x00000178e4bf3170, 0x00000178e4bf44d0, 0x00000178e4bf5990, 0x00000178e4bf7e20,
0x00000178e4bfb6c0, 0x00000178e4bfbd50, 0x00000178e4c034c0, 0x00000178e4bfa9a0,
0x00000178e915ea00, 0x00000178e91620a0, 0x00000178e9162720, 0x00000178e4bfb030,
0x00000178e4bf95f0, 0x00000178e4bf88d0, 0x00000178e4bf8f60, 0x00000178e4bfa310,
0x00000178e9cb3b30, 0x00000178e9caf990, 0x00000178e9cb4850, 0x00000178e9cb6290,
0x00000178e9cb6920, 0x00000178ececf370, 0x00000178ececd2a0, 0x00000178eced1440,
0x00000178ececc580, 0x00000178eced0db0, 0x00000178ececbef0, 0x00000178ececfa00,
0x00000178ececdfc0, 0x00000178e9cb4ee0
}

Java Threads: ( => current thread )
  0x00000178e4bf3170 JavaThread "Reference Handler"          daemon [_thread_blocked, id=14716, stack(0x0000001607e00000,0x0000001607f00000) (1024K)]
  0x00000178e4bf44d0 JavaThread "Finalizer"                  daemon [_thread_blocked, id=16932, stack(0x0000001607f00000,0x0000001608000000) (1024K)]
  0x00000178e4bf5990 JavaThread "Signal Dispatcher"          daemon [_thread_blocked, id=18112, stack(0x0000001608000000,0x0000001608100000) (1024K)]
  0x00000178e4bf7e20 JavaThread "Attach Listener"            daemon [_thread_blocked, id=15908, stack(0x0000001608100000,0x0000001608200000) (1024K)]
  0x00000178e4bfb6c0 JavaThread "Service Thread"             daemon [_thread_blocked, id=1728, stack(0x0000001608200000,0x0000001608300000) (1024K)]
  0x00000178e4bfbd50 JavaThread "Monitor Deflation Thread"   daemon [_thread_blocked, id=8664, stack(0x0000001608300000,0x0000001608400000) (1024K)]
  0x00000178e4c034c0 JavaThread "C1 CompilerThread0"         daemon [_thread_blocked, id=14580, stack(0x0000001608400000,0x0000001608500000) (1024K)]
  0x00000178e4bfa9a0 JavaThread "Common-Cleaner"             daemon [_thread_blocked, id=10764, stack(0x0000001608500000,0x0000001608600000) (1024K)]
  0x00000178e915ea00 JavaThread "JDWP Transport Listener: dt_socket" daemon [_thread_blocked, id=14980, stack(0x0000001608700000,0x0000001608800000) (1024K)]
  0x00000178e91620a0 JavaThread "JDWP Event Helper Thread"   daemon [_thread_blocked, id=16448, stack(0x0000001608800000,0x0000001608900000) (1024K)]
  0x00000178e9162720 JavaThread "JDWP Command Reader"        daemon [_thread_in_native, id=11932, stack(0x0000001608900000,0x0000001608a00000) (1024K)]
  0x00000178e4bfb030 JavaThread "Notification Thread"        daemon [_thread_blocked, id=6060, stack(0x0000001608a00000,0x0000001608b00000) (1024K)]
  0x00000178e4bf95f0 JavaThread "RMI TCP Accept-0"           daemon [_thread_in_native, id=12292, stack(0x0000001608f00000,0x0000001609000000) (1024K)]
  0x00000178e4bf88d0 JavaThread "RMI TCP Accept-57023"       daemon [_thread_in_native, id=13360, stack(0x0000001609000000,0x0000001609100000) (1024K)]
  0x00000178e4bf8f60 JavaThread "RMI TCP Accept-0"           daemon [_thread_in_native, id=17372, stack(0x0000001609100000,0x0000001609200000) (1024K)]
  0x00000178e4bfa310 JavaThread "RMI Scheduler(0)"           daemon [_thread_blocked, id=14784, stack(0x0000001609300000,0x0000001609400000) (1024K)]
  0x00000178e9cb3b30 JavaThread "RMI TCP Connection(idle)"   daemon [_thread_blocked, id=12304, stack(0x0000001609400000,0x0000001609500000) (1024K)]
  0x00000178e9caf990 JavaThread "JMX server connection timeout 33" daemon [_thread_blocked, id=19140, stack(0x0000001609500000,0x0000001609600000) (1024K)]
  0x00000178e9cb4850 JavaThread "mysql-cj-abandoned-connection-cleanup" daemon [_thread_blocked, id=15884, stack(0x0000001609b00000,0x0000001609c00000) (1024K)]
  0x00000178e9cb6290 JavaThread "Live Reload Server"         daemon [_thread_in_native, id=9968, stack(0x000000160a000000,0x000000160a100000) (1024K)]
=>0x00000178e9cb6920 JavaThread "http-nio-8080-exec-3"       daemon [_thread_in_Java, id=9700, stack(0x000000160a200000,0x000000160a300000) (1024K)]
  0x00000178ececf370 JavaThread "DestroyJavaVM"                     [_thread_blocked, id=15428, stack(0x0000001607600000,0x0000001607700000) (1024K)]
  0x00000178ececd2a0 JavaThread "ForkJoinPool.commonPool-worker-1" daemon [_thread_blocked, id=3012, stack(0x0000001609600000,0x0000001609700000) (1024K)]
  0x00000178eced1440 JavaThread "ForkJoinPool.commonPool-worker-2" daemon [_thread_blocked, id=9520, stack(0x0000001609700000,0x0000001609800000) (1024K)]
  0x00000178ececc580 JavaThread "Catalina-utility-1"                [_thread_blocked, id=16836, stack(0x0000001607400000,0x0000001607500000) (1024K)]
  0x00000178eced0db0 JavaThread "Catalina-utility-2"                [_thread_blocked, id=6056, stack(0x0000001609800000,0x0000001609900000) (1024K)]
  0x00000178ececbef0 JavaThread "container-0"                       [_thread_blocked, id=484, stack(0x0000001609900000,0x0000001609a00000) (1024K)]
  0x00000178ececfa00 JavaThread "HikariPool-2 housekeeper"   daemon [_thread_blocked, id=13320, stack(0x0000001609a00000,0x0000001609b00000) (1024K)]
  0x00000178ececdfc0 JavaThread "http-nio-8080-exec-1"       daemon [_thread_in_Java, id=15688, stack(0x000000160a100000,0x000000160a200000) (1024K)]
  0x00000178e9cb4ee0 JavaThread "Thread-7"                          [_thread_blocked, id=18836, stack(0x0000001607300000,0x0000001607400000) (1024K)]
Total: 30

Other Threads:
  0x00000178e4bd4290 VMThread "VM Thread"                           [id=18336, stack(0x0000001607d00000,0x0000001607e00000) (1024K)]
  0x00000178e4bbe260 WatcherThread "VM Periodic Task Thread"        [id=8552, stack(0x0000001607c00000,0x0000001607d00000) (1024K)]
  0x00000178d4c863a0 WorkerThread "GC Thread#0"                     [id=18516, stack(0x0000001607700000,0x0000001607800000) (1024K)]
  0x00000178e9a12bc0 WorkerThread "GC Thread#1"                     [id=3268, stack(0x0000001608b00000,0x0000001608c00000) (1024K)]
  0x00000178e9a12f60 WorkerThread "GC Thread#2"                     [id=9328, stack(0x0000001608c00000,0x0000001608d00000) (1024K)]
  0x00000178e9a22c50 WorkerThread "GC Thread#3"                     [id=6808, stack(0x0000001608d00000,0x0000001608e00000) (1024K)]
  0x00000178d4c969b0 ConcurrentGCThread "G1 Main Marker"            [id=18536, stack(0x0000001607800000,0x0000001607900000) (1024K)]
  0x00000178d2b1dec0 WorkerThread "G1 Conc#0"                       [id=17772, stack(0x0000001607900000,0x0000001607a00000) (1024K)]
  0x00000178e4a8f000 ConcurrentGCThread "G1 Refine#0"               [id=7416, stack(0x0000001607a00000,0x0000001607b00000) (1024K)]
  0x00000178e4a8f780 ConcurrentGCThread "G1 Service"                [id=19232, stack(0x0000001607b00000,0x0000001607c00000) (1024K)]
Total: 10

Threads with active compile tasks:
Total: 0

VM state: not at safepoint (normal execution)

VM Mutex/Monitor currently owned by a thread: None

Heap address: 0x0000000082800000, size: 2008 MB, Compressed Oops mode: 32-bit

CDS archive(s) mapped at: [0x0000017880000000-0x0000017880c90000-0x0000017880c90000), size 13172736, SharedBaseAddress: 0x0000017880000000, ArchiveRelocationMode: 1.
Compressed class space mapped at: 0x0000017881000000-0x00000178c1000000, reserved size: 1073741824
Narrow klass base: 0x0000017880000000, Narrow klass shift: 0, Narrow klass range: 0x100000000

GC Precious Log:
 CardTable entry size: 512
 Card Set container configuration: InlinePtr #cards 5 size 8 Array Of Cards #cards 12 size 40 Howl #buckets 4 coarsen threshold 1843 Howl Bitmap #cards 512 size 80 coarsen threshold 460 Card regions per heap region 1 cards per card region 2048
 CPUs: 4 total, 4 available
 Memory: 8024M
 Large Page Support: Disabled
 NUMA Support: Disabled
 Compressed Oops: Enabled (32-bit)
 Heap Region Size: 1M
 Heap Min Capacity: 8M
 Heap Initial Capacity: 126M
 Heap Max Capacity: 2008M
 Pre-touch: Disabled
 Parallel Workers: 4
 Concurrent Workers: 1
 Concurrent Refinement Workers: 4
 Periodic GC: Disabled

Heap:
 garbage-first heap   total 137216K, used 112678K [0x0000000082800000, 0x0000000100000000)
  region size 1024K, 72 young (73728K), 7 survivors (7168K)
 Metaspace       used 87296K, committed 88576K, reserved 1179648K
  class space    used 12060K, committed 12672K, reserved 1048576K

Heap Regions: E=young(eden), S=young(survivor), O=old, HS=humongous(starts), HC=humongous(continues), CS=collection set, F=free, TAMS=top-at-mark-start, PB=parsable bottom
|   0|0x0000000082800000, 0x0000000082900000, 0x0000000082900000|100%|HS|  |TAMS 0x0000000082800000| PB 0x0000000082800000| Untracked 
|   1|0x0000000082900000, 0x0000000082a00000, 0x0000000082a00000|100%| O|  |TAMS 0x0000000082900000| PB 0x0000000082900000| Untracked 
|   2|0x0000000082a00000, 0x0000000082affff0, 0x0000000082b00000| 99%| O|  |TAMS 0x0000000082a00000| PB 0x0000000082a00000| Untracked 
|   3|0x0000000082b00000, 0x0000000082bfff98, 0x0000000082c00000| 99%| O|  |TAMS 0x0000000082b00000| PB 0x0000000082b00000| Untracked 
|   4|0x0000000082c00000, 0x0000000082cfffd8, 0x0000000082d00000| 99%| O|  |TAMS 0x0000000082c00000| PB 0x0000000082c00000| Untracked 
|   5|0x0000000082d00000, 0x0000000082e00000, 0x0000000082e00000|100%| O|  |TAMS 0x0000000082d00000| PB 0x0000000082d00000| Untracked 
|   6|0x0000000082e00000, 0x0000000082f00000, 0x0000000082f00000|100%| O|  |TAMS 0x0000000082e00000| PB 0x0000000082e00000| Untracked 
|   7|0x0000000082f00000, 0x0000000083000000, 0x0000000083000000|100%| O|  |TAMS 0x0000000082f00000| PB 0x0000000082f00000| Untracked 
|   8|0x0000000083000000, 0x00000000830fff00, 0x0000000083100000| 99%| O|  |TAMS 0x0000000083000000| PB 0x0000000083000000| Untracked 
|   9|0x0000000083100000, 0x00000000831fffb8, 0x0000000083200000| 99%| O|  |TAMS 0x0000000083100000| PB 0x0000000083100000| Untracked 
|  10|0x0000000083200000, 0x00000000832ffff0, 0x0000000083300000| 99%| O|  |TAMS 0x0000000083200000| PB 0x0000000083200000| Untracked 
|  11|0x0000000083300000, 0x0000000083400000, 0x0000000083400000|100%| O|  |TAMS 0x0000000083300000| PB 0x0000000083300000| Untracked 
|  12|0x0000000083400000, 0x0000000083500000, 0x0000000083500000|100%| O|  |TAMS 0x0000000083400000| PB 0x0000000083400000| Untracked 
|  13|0x0000000083500000, 0x0000000083600000, 0x0000000083600000|100%| O|  |TAMS 0x0000000083500000| PB 0x0000000083500000| Untracked 
|  14|0x0000000083600000, 0x00000000836fffe8, 0x0000000083700000| 99%| O|  |TAMS 0x0000000083600000| PB 0x0000000083600000| Untracked 
|  15|0x0000000083700000, 0x0000000083800000, 0x0000000083800000|100%| O|  |TAMS 0x0000000083700000| PB 0x0000000083700000| Untracked 
|  16|0x0000000083800000, 0x00000000838fff80, 0x0000000083900000| 99%| O|  |TAMS 0x0000000083800000| PB 0x0000000083800000| Untracked 
|  17|0x0000000083900000, 0x00000000839fffe8, 0x0000000083a00000| 99%| O|  |TAMS 0x0000000083900000| PB 0x0000000083900000| Untracked 
|  18|0x0000000083a00000, 0x0000000083afffa8, 0x0000000083b00000| 99%| O|  |TAMS 0x0000000083a00000| PB 0x0000000083a00000| Untracked 
|  19|0x0000000083b00000, 0x0000000083bfffd0, 0x0000000083c00000| 99%| O|  |TAMS 0x0000000083b00000| PB 0x0000000083b00000| Untracked 
|  20|0x0000000083c00000, 0x0000000083cfffd8, 0x0000000083d00000| 99%| O|  |TAMS 0x0000000083c00000| PB 0x0000000083c00000| Untracked 
|  21|0x0000000083d00000, 0x0000000083dffff0, 0x0000000083e00000| 99%| O|  |TAMS 0x0000000083d00000| PB 0x0000000083d00000| Untracked 
|  22|0x0000000083e00000, 0x0000000083f00000, 0x0000000083f00000|100%| O|  |TAMS 0x0000000083e00000| PB 0x0000000083e00000| Untracked 
|  23|0x0000000083f00000, 0x0000000084000000, 0x0000000084000000|100%| O|  |TAMS 0x0000000083f00000| PB 0x0000000083f00000| Untracked 
|  24|0x0000000084000000, 0x00000000840ffff0, 0x0000000084100000| 99%| O|  |TAMS 0x0000000084000000| PB 0x0000000084000000| Untracked 
|  25|0x0000000084100000, 0x0000000084200000, 0x0000000084200000|100%| O|  |TAMS 0x0000000084100000| PB 0x0000000084100000| Untracked 
|  26|0x0000000084200000, 0x00000000842fffe8, 0x0000000084300000| 99%| O|  |TAMS 0x0000000084200000| PB 0x0000000084200000| Untracked 
|  27|0x0000000084300000, 0x0000000084400000, 0x0000000084400000|100%| O|  |TAMS 0x0000000084300000| PB 0x0000000084300000| Untracked 
|  28|0x0000000084400000, 0x00000000844ffff0, 0x0000000084500000| 99%| O|  |TAMS 0x0000000084400000| PB 0x0000000084400000| Untracked 
|  29|0x0000000084500000, 0x0000000084600000, 0x0000000084600000|100%| O|  |TAMS 0x0000000084500000| PB 0x0000000084500000| Untracked 
|  30|0x0000000084600000, 0x00000000846fffe0, 0x0000000084700000| 99%| O|  |TAMS 0x0000000084600000| PB 0x0000000084600000| Untracked 
|  31|0x0000000084700000, 0x00000000847e0860, 0x0000000084800000| 87%| O|  |TAMS 0x0000000084700000| PB 0x0000000084700000| Untracked 
|  32|0x0000000084800000, 0x00000000848ffff0, 0x0000000084900000| 99%| O|  |TAMS 0x0000000084800000| PB 0x0000000084800000| Untracked 
|  33|0x0000000084900000, 0x00000000849fffe8, 0x0000000084a00000| 99%| O|  |TAMS 0x0000000084900000| PB 0x0000000084900000| Untracked 
|  34|0x0000000084a00000, 0x0000000084b00000, 0x0000000084b00000|100%|HS|  |TAMS 0x0000000084a00000| PB 0x0000000084a00000| Complete 
|  35|0x0000000084b00000, 0x0000000084bfffc0, 0x0000000084c00000| 99%| O|  |TAMS 0x0000000084b00000| PB 0x0000000084b00000| Untracked 
|  36|0x0000000084c00000, 0x0000000084d00000, 0x0000000084d00000|100%| O|  |TAMS 0x0000000084c00000| PB 0x0000000084c00000| Untracked 
|  37|0x0000000084d00000, 0x0000000084d00000, 0x0000000084e00000|  0%| F|  |TAMS 0x0000000084d00000| PB 0x0000000084d00000| Untracked 
|  38|0x0000000084e00000, 0x0000000084ebe298, 0x0000000084f00000| 74%| O|  |TAMS 0x0000000084e00000| PB 0x0000000084e00000| Untracked 
|  39|0x0000000084f00000, 0x0000000084f8d9e0, 0x0000000085000000| 55%| O|  |TAMS 0x0000000084f00000| PB 0x0000000084f00000| Untracked 
|  40|0x0000000085000000, 0x0000000085000000, 0x0000000085100000|  0%| F|  |TAMS 0x0000000085000000| PB 0x0000000085000000| Untracked 
|  41|0x0000000085100000, 0x0000000085100000, 0x0000000085200000|  0%| F|  |TAMS 0x0000000085100000| PB 0x0000000085100000| Untracked 
|  42|0x0000000085200000, 0x0000000085200000, 0x0000000085300000|  0%| F|  |TAMS 0x0000000085200000| PB 0x0000000085200000| Untracked 
|  43|0x0000000085300000, 0x0000000085300000, 0x0000000085400000|  0%| F|  |TAMS 0x0000000085300000| PB 0x0000000085300000| Untracked 
|  44|0x0000000085400000, 0x0000000085400000, 0x0000000085500000|  0%| F|  |TAMS 0x0000000085400000| PB 0x0000000085400000| Untracked 
|  45|0x0000000085500000, 0x0000000085500000, 0x0000000085600000|  0%| F|  |TAMS 0x0000000085500000| PB 0x0000000085500000| Untracked 
|  46|0x0000000085600000, 0x0000000085600000, 0x0000000085700000|  0%| F|  |TAMS 0x0000000085600000| PB 0x0000000085600000| Untracked 
|  47|0x0000000085700000, 0x0000000085700000, 0x0000000085800000|  0%| F|  |TAMS 0x0000000085700000| PB 0x0000000085700000| Untracked 
|  48|0x0000000085800000, 0x0000000085800000, 0x0000000085900000|  0%| F|  |TAMS 0x0000000085800000| PB 0x0000000085800000| Untracked 
|  49|0x0000000085900000, 0x0000000085900000, 0x0000000085a00000|  0%| F|  |TAMS 0x0000000085900000| PB 0x0000000085900000| Untracked 
|  50|0x0000000085a00000, 0x0000000085a00000, 0x0000000085b00000|  0%| F|  |TAMS 0x0000000085a00000| PB 0x0000000085a00000| Untracked 
|  51|0x0000000085b00000, 0x0000000085b00000, 0x0000000085c00000|  0%| F|  |TAMS 0x0000000085b00000| PB 0x0000000085b00000| Untracked 
|  52|0x0000000085c00000, 0x0000000085cdd980, 0x0000000085d00000| 86%| S|CS|TAMS 0x0000000085c00000| PB 0x0000000085c00000| Complete 
|  53|0x0000000085d00000, 0x0000000085e00000, 0x0000000085e00000|100%| S|CS|TAMS 0x0000000085d00000| PB 0x0000000085d00000| Complete 
|  54|0x0000000085e00000, 0x0000000085f00000, 0x0000000085f00000|100%| S|CS|TAMS 0x0000000085e00000| PB 0x0000000085e00000| Complete 
|  55|0x0000000085f00000, 0x0000000086000000, 0x0000000086000000|100%| O|  |TAMS 0x0000000085f00000| PB 0x0000000085f00000| Untracked 
|  56|0x0000000086000000, 0x0000000086100000, 0x0000000086100000|100%| S|CS|TAMS 0x0000000086000000| PB 0x0000000086000000| Complete 
|  57|0x0000000086100000, 0x0000000086100000, 0x0000000086200000|  0%| F|  |TAMS 0x0000000086100000| PB 0x0000000086100000| Untracked 
|  58|0x0000000086200000, 0x0000000086200000, 0x0000000086300000|  0%| F|  |TAMS 0x0000000086200000| PB 0x0000000086200000| Untracked 
|  59|0x0000000086300000, 0x0000000086300000, 0x0000000086400000|  0%| F|  |TAMS 0x0000000086300000| PB 0x0000000086300000| Untracked 
|  60|0x0000000086400000, 0x0000000086400000, 0x0000000086500000|  0%| F|  |TAMS 0x0000000086400000| PB 0x0000000086400000| Untracked 
|  61|0x0000000086500000, 0x0000000086500000, 0x0000000086600000|  0%| F|  |TAMS 0x0000000086500000| PB 0x0000000086500000| Untracked 
|  62|0x0000000086600000, 0x0000000086600000, 0x0000000086700000|  0%| F|  |TAMS 0x0000000086600000| PB 0x0000000086600000| Untracked 
|  63|0x0000000086700000, 0x0000000086800000, 0x0000000086800000|100%| S|CS|TAMS 0x0000000086700000| PB 0x0000000086700000| Complete 
|  64|0x0000000086800000, 0x0000000086900000, 0x0000000086900000|100%| S|CS|TAMS 0x0000000086800000| PB 0x0000000086800000| Complete 
|  65|0x0000000086900000, 0x0000000086a00000, 0x0000000086a00000|100%| O|  |TAMS 0x0000000086900000| PB 0x0000000086900000| Untracked 
|  66|0x0000000086a00000, 0x0000000086b00000, 0x0000000086b00000|100%| S|CS|TAMS 0x0000000086a00000| PB 0x0000000086a00000| Complete 
|  67|0x0000000086b00000, 0x0000000086b00000, 0x0000000086c00000|  0%| F|  |TAMS 0x0000000086b00000| PB 0x0000000086b00000| Untracked 
|  68|0x0000000086c00000, 0x0000000086c00000, 0x0000000086d00000|  0%| F|  |TAMS 0x0000000086c00000| PB 0x0000000086c00000| Untracked 
|  69|0x0000000086d00000, 0x0000000086e00000, 0x0000000086e00000|100%| E|  |TAMS 0x0000000086d00000| PB 0x0000000086d00000| Complete 
|  70|0x0000000086e00000, 0x0000000086f00000, 0x0000000086f00000|100%| E|CS|TAMS 0x0000000086e00000| PB 0x0000000086e00000| Complete 
|  71|0x0000000086f00000, 0x0000000087000000, 0x0000000087000000|100%| E|CS|TAMS 0x0000000086f00000| PB 0x0000000086f00000| Complete 
|  72|0x0000000087000000, 0x0000000087100000, 0x0000000087100000|100%| E|CS|TAMS 0x0000000087000000| PB 0x0000000087000000| Complete 
|  73|0x0000000087100000, 0x0000000087200000, 0x0000000087200000|100%| E|CS|TAMS 0x0000000087100000| PB 0x0000000087100000| Complete 
|  74|0x0000000087200000, 0x0000000087300000, 0x0000000087300000|100%| E|CS|TAMS 0x0000000087200000| PB 0x0000000087200000| Complete 
|  75|0x0000000087300000, 0x0000000087400000, 0x0000000087400000|100%| E|CS|TAMS 0x0000000087300000| PB 0x0000000087300000| Complete 
|  76|0x0000000087400000, 0x0000000087500000, 0x0000000087500000|100%| E|CS|TAMS 0x0000000087400000| PB 0x0000000087400000| Complete 
|  77|0x0000000087500000, 0x0000000087600000, 0x0000000087600000|100%| E|CS|TAMS 0x0000000087500000| PB 0x0000000087500000| Complete 
|  78|0x0000000087600000, 0x0000000087700000, 0x0000000087700000|100%| E|CS|TAMS 0x0000000087600000| PB 0x0000000087600000| Complete 
|  79|0x0000000087700000, 0x0000000087800000, 0x0000000087800000|100%| E|CS|TAMS 0x0000000087700000| PB 0x0000000087700000| Complete 
|  80|0x0000000087800000, 0x0000000087900000, 0x0000000087900000|100%| E|CS|TAMS 0x0000000087800000| PB 0x0000000087800000| Complete 
|  81|0x0000000087900000, 0x0000000087a00000, 0x0000000087a00000|100%| E|CS|TAMS 0x0000000087900000| PB 0x0000000087900000| Complete 
|  82|0x0000000087a00000, 0x0000000087b00000, 0x0000000087b00000|100%| E|CS|TAMS 0x0000000087a00000| PB 0x0000000087a00000| Complete 
|  83|0x0000000087b00000, 0x0000000087c00000, 0x0000000087c00000|100%| E|CS|TAMS 0x0000000087b00000| PB 0x0000000087b00000| Complete 
|  84|0x0000000087c00000, 0x0000000087d00000, 0x0000000087d00000|100%| E|CS|TAMS 0x0000000087c00000| PB 0x0000000087c00000| Complete 
|  85|0x0000000087d00000, 0x0000000087e00000, 0x0000000087e00000|100%| E|CS|TAMS 0x0000000087d00000| PB 0x0000000087d00000| Complete 
|  86|0x0000000087e00000, 0x0000000087f00000, 0x0000000087f00000|100%| E|CS|TAMS 0x0000000087e00000| PB 0x0000000087e00000| Complete 
|  87|0x0000000087f00000, 0x0000000088000000, 0x0000000088000000|100%| E|CS|TAMS 0x0000000087f00000| PB 0x0000000087f00000| Complete 
|  88|0x0000000088000000, 0x0000000088100000, 0x0000000088100000|100%| E|CS|TAMS 0x0000000088000000| PB 0x0000000088000000| Complete 
|  89|0x0000000088100000, 0x0000000088200000, 0x0000000088200000|100%| E|CS|TAMS 0x0000000088100000| PB 0x0000000088100000| Complete 
|  90|0x0000000088200000, 0x0000000088300000, 0x0000000088300000|100%| E|CS|TAMS 0x0000000088200000| PB 0x0000000088200000| Complete 
|  91|0x0000000088300000, 0x0000000088400000, 0x0000000088400000|100%| E|CS|TAMS 0x0000000088300000| PB 0x0000000088300000| Complete 
|  92|0x0000000088400000, 0x0000000088500000, 0x0000000088500000|100%| E|CS|TAMS 0x0000000088400000| PB 0x0000000088400000| Complete 
|  93|0x0000000088500000, 0x0000000088600000, 0x0000000088600000|100%| E|CS|TAMS 0x0000000088500000| PB 0x0000000088500000| Complete 
|  94|0x0000000088600000, 0x0000000088700000, 0x0000000088700000|100%| E|CS|TAMS 0x0000000088600000| PB 0x0000000088600000| Complete 
|  95|0x0000000088700000, 0x0000000088800000, 0x0000000088800000|100%| E|CS|TAMS 0x0000000088700000| PB 0x0000000088700000| Complete 
|  96|0x0000000088800000, 0x0000000088900000, 0x0000000088900000|100%| E|CS|TAMS 0x0000000088800000| PB 0x0000000088800000| Complete 
|  97|0x0000000088900000, 0x0000000088a00000, 0x0000000088a00000|100%| E|CS|TAMS 0x0000000088900000| PB 0x0000000088900000| Complete 
|  98|0x0000000088a00000, 0x0000000088b00000, 0x0000000088b00000|100%| E|CS|TAMS 0x0000000088a00000| PB 0x0000000088a00000| Complete 
|  99|0x0000000088b00000, 0x0000000088c00000, 0x0000000088c00000|100%| E|CS|TAMS 0x0000000088b00000| PB 0x0000000088b00000| Complete 
| 100|0x0000000088c00000, 0x0000000088d00000, 0x0000000088d00000|100%| E|CS|TAMS 0x0000000088c00000| PB 0x0000000088c00000| Complete 
| 101|0x0000000088d00000, 0x0000000088e00000, 0x0000000088e00000|100%| E|CS|TAMS 0x0000000088d00000| PB 0x0000000088d00000| Complete 
| 102|0x0000000088e00000, 0x0000000088f00000, 0x0000000088f00000|100%| E|CS|TAMS 0x0000000088e00000| PB 0x0000000088e00000| Complete 
| 103|0x0000000088f00000, 0x0000000089000000, 0x0000000089000000|100%| E|CS|TAMS 0x0000000088f00000| PB 0x0000000088f00000| Complete 
| 104|0x0000000089000000, 0x0000000089100000, 0x0000000089100000|100%| E|CS|TAMS 0x0000000089000000| PB 0x0000000089000000| Complete 
| 105|0x0000000089100000, 0x0000000089200000, 0x0000000089200000|100%| E|  |TAMS 0x0000000089100000| PB 0x0000000089100000| Complete 
| 106|0x0000000089200000, 0x0000000089300000, 0x0000000089300000|100%| E|CS|TAMS 0x0000000089200000| PB 0x0000000089200000| Complete 
| 107|0x0000000089300000, 0x0000000089400000, 0x0000000089400000|100%| E|CS|TAMS 0x0000000089300000| PB 0x0000000089300000| Complete 
| 108|0x0000000089400000, 0x0000000089500000, 0x0000000089500000|100%| E|CS|TAMS 0x0000000089400000| PB 0x0000000089400000| Complete 
| 109|0x0000000089500000, 0x0000000089600000, 0x0000000089600000|100%| E|CS|TAMS 0x0000000089500000| PB 0x0000000089500000| Complete 
| 110|0x0000000089600000, 0x0000000089700000, 0x0000000089700000|100%| E|CS|TAMS 0x0000000089600000| PB 0x0000000089600000| Complete 
| 111|0x0000000089700000, 0x0000000089800000, 0x0000000089800000|100%| E|CS|TAMS 0x0000000089700000| PB 0x0000000089700000| Complete 
| 112|0x0000000089800000, 0x0000000089900000, 0x0000000089900000|100%| E|CS|TAMS 0x0000000089800000| PB 0x0000000089800000| Complete 
| 113|0x0000000089900000, 0x0000000089a00000, 0x0000000089a00000|100%| E|CS|TAMS 0x0000000089900000| PB 0x0000000089900000| Complete 
| 114|0x0000000089a00000, 0x0000000089b00000, 0x0000000089b00000|100%| E|CS|TAMS 0x0000000089a00000| PB 0x0000000089a00000| Complete 
| 115|0x0000000089b00000, 0x0000000089c00000, 0x0000000089c00000|100%| E|CS|TAMS 0x0000000089b00000| PB 0x0000000089b00000| Complete 
| 116|0x0000000089c00000, 0x0000000089d00000, 0x0000000089d00000|100%| E|CS|TAMS 0x0000000089c00000| PB 0x0000000089c00000| Complete 
| 117|0x0000000089d00000, 0x0000000089e00000, 0x0000000089e00000|100%| E|CS|TAMS 0x0000000089d00000| PB 0x0000000089d00000| Complete 
| 118|0x0000000089e00000, 0x0000000089f00000, 0x0000000089f00000|100%| E|CS|TAMS 0x0000000089e00000| PB 0x0000000089e00000| Complete 
| 119|0x0000000089f00000, 0x000000008a000000, 0x000000008a000000|100%| E|CS|TAMS 0x0000000089f00000| PB 0x0000000089f00000| Complete 
| 120|0x000000008a000000, 0x000000008a100000, 0x000000008a100000|100%| E|CS|TAMS 0x000000008a000000| PB 0x000000008a000000| Complete 
| 121|0x000000008a100000, 0x000000008a200000, 0x000000008a200000|100%| E|CS|TAMS 0x000000008a100000| PB 0x000000008a100000| Complete 
| 122|0x000000008a200000, 0x000000008a300000, 0x000000008a300000|100%| E|CS|TAMS 0x000000008a200000| PB 0x000000008a200000| Complete 
| 123|0x000000008a300000, 0x000000008a400000, 0x000000008a400000|100%| E|CS|TAMS 0x000000008a300000| PB 0x000000008a300000| Complete 
| 124|0x000000008a400000, 0x000000008a500000, 0x000000008a500000|100%| E|CS|TAMS 0x000000008a400000| PB 0x000000008a400000| Complete 
| 125|0x000000008a500000, 0x000000008a600000, 0x000000008a600000|100%| E|CS|TAMS 0x000000008a500000| PB 0x000000008a500000| Complete 
| 126|0x000000008a600000, 0x000000008a700000, 0x000000008a700000|100%| E|CS|TAMS 0x000000008a600000| PB 0x000000008a600000| Complete 
| 127|0x000000008a700000, 0x000000008a800000, 0x000000008a800000|100%| E|CS|TAMS 0x000000008a700000| PB 0x000000008a700000| Complete 
| 128|0x000000008a800000, 0x000000008a900000, 0x000000008a900000|100%| E|CS|TAMS 0x000000008a800000| PB 0x000000008a800000| Complete 
| 129|0x000000008a900000, 0x000000008aa00000, 0x000000008aa00000|100%| E|CS|TAMS 0x000000008a900000| PB 0x000000008a900000| Complete 
| 130|0x000000008aa00000, 0x000000008ab00000, 0x000000008ab00000|100%| E|CS|TAMS 0x000000008aa00000| PB 0x000000008aa00000| Complete 
| 131|0x000000008ab00000, 0x000000008ac00000, 0x000000008ac00000|100%| E|CS|TAMS 0x000000008ab00000| PB 0x000000008ab00000| Complete 
| 132|0x000000008ac00000, 0x000000008ad00000, 0x000000008ad00000|100%| E|CS|TAMS 0x000000008ac00000| PB 0x000000008ac00000| Complete 
| 133|0x000000008ad00000, 0x000000008ae00000, 0x000000008ae00000|100%| E|CS|TAMS 0x000000008ad00000| PB 0x000000008ad00000| Complete 

Card table byte_map: [0x00000178e06d0000,0x00000178e0ac0000] _byte_map_base: 0x00000178e02bc000

Marking Bits: (CMBitMap*) 0x00000178d2b1bf50
 Bits: [0x00000178e0ac0000, 0x00000178e2a20000)

Polling page: 0x00000178d43e0000

Metaspace:

Usage:
  Non-class:     73.47 MB used.
      Class:     11.78 MB used.
       Both:     85.25 MB used.

Virtual space:
  Non-class space:      128.00 MB reserved,      74.12 MB ( 58%) committed,  2 nodes.
      Class space:        1.00 GB reserved,      12.38 MB (  1%) committed,  1 nodes.
             Both:        1.12 GB reserved,      86.50 MB (  8%) committed. 

Chunk freelists:
   Non-Class:  5.00 MB
       Class:  3.66 MB
        Both:  8.66 MB

MaxMetaspaceSize: unlimited
CompressedClassSpaceSize: 1.00 GB
Initial GC threshold: 21.00 MB
Current GC threshold: 143.44 MB
CDS: on
 - commit_granule_bytes: 65536.
 - commit_granule_words: 8192.
 - virtual_space_node_default_size: 8388608.
 - enlarge_chunks_in_place: 1.
 - use_allocation_guard: 0.


Internal statistics:

num_allocs_failed_limit: 12.
num_arena_births: 1974.
num_arena_deaths: 8.
num_vsnodes_births: 3.
num_vsnodes_deaths: 0.
num_space_committed: 1384.
num_space_uncommitted: 0.
num_chunks_returned_to_freelist: 24.
num_chunks_taken_from_freelist: 5147.
num_chunk_merges: 13.
num_chunk_splits: 3666.
num_chunks_enlarged: 2693.
num_inconsistent_stats: 0.

CodeCache: size=49152Kb used=18702Kb max_used=19258Kb free=30450Kb
 bounds [0x00000178dd2e0000, 0x00000178de5b0000, 0x00000178e02e0000]
 total_blobs=9853 nmethods=8817 adapters=959
 compilation: enabled
              stopped_count=0, restarted_count=0
 full_count=0

Compilation events (20 events):
Event: 90.712 Thread 0x00000178eae8aec0 nmethod 9451 0x00000178de5ab810 code [0x00000178de5ab9a0, 0x00000178de5aba68]
Event: 90.712 Thread 0x00000178e4c034c0 nmethod 9452 0x00000178de5abb10 code [0x00000178de5abca0, 0x00000178de5abd70]
Event: 90.718 Thread 0x00000178eae8aec0 9453       1       org.apache.catalina.util.TLSUtil::isTLSRequestAttribute (248 bytes)
Event: 90.718 Thread 0x00000178e4c034c0 9454       1       org.apache.tomcat.util.http.parser.HttpParser::skipLws (53 bytes)
Event: 90.719 Thread 0x00000178e4c034c0 nmethod 9454 0x00000178de5abe10 code [0x00000178de5ac000, 0x00000178de5ac1e8]
Event: 90.719 Thread 0x00000178eae8aec0 nmethod 9453 0x00000178de5ac310 code [0x00000178de5ac520, 0x00000178de5ac8a8]
Event: 90.720 Thread 0x00000178e4c034c0 9455   !   1       org.apache.catalina.connector.Request::setAttribute (174 bytes)
Event: 90.721 Thread 0x00000178e4c034c0 nmethod 9455 0x00000178de5aca10 code [0x00000178de5acc60, 0x00000178de5ad0d8]
Event: 90.723 Thread 0x00000178e4c034c0 9456       1       org.springframework.util.MimeType::isWildcardSubtype (29 bytes)
Event: 90.724 Thread 0x00000178eae8aec0 9457       1       org.springframework.util.MimeType::getParameters (5 bytes)
Event: 90.724 Thread 0x00000178e4c034c0 nmethod 9456 0x00000178de5ad390 code [0x00000178de5ad540, 0x00000178de5ad6a8]
Event: 90.724 Thread 0x00000178eae8aec0 nmethod 9457 0x00000178de5ad790 code [0x00000178de5ad920, 0x00000178de5ad9e8]
Event: 90.724 Thread 0x00000178e4c034c0 9458       1       org.springframework.web.cors.CorsUtils::isPreFlightRequest (43 bytes)
Event: 90.725 Thread 0x00000178e4c034c0 nmethod 9458 0x00000178de5ada90 code [0x00000178de5adc60, 0x00000178de5ade38]
Event: 90.727 Thread 0x00000178e4c034c0 9459   !   1       jdk.proxy2.$Proxy122::annotationType (29 bytes)
Event: 90.727 Thread 0x00000178e4c034c0 nmethod 9459 0x00000178de5adf90 code [0x00000178de5ae160, 0x00000178de5ae3c8]
Event: 90.728 Thread 0x00000178e4c034c0 9460       1       org.springframework.core.annotation.AnnotationTypeMapping$MirrorSets$MirrorSet::update (67 bytes)
Event: 90.728 Thread 0x00000178e4c034c0 nmethod 9460 0x00000178de5ae590 code [0x00000178de5ae740, 0x00000178de5ae8a8]
Event: 92.106 Thread 0x00000178e4c034c0 9461       1       org.apache.coyote.AbstractProtocol$ConnectionHandler::getProtocol (5 bytes)
Event: 92.106 Thread 0x00000178e4c034c0 nmethod 9461 0x00000178de35c310 code [0x00000178de35c4a0, 0x00000178de35c568]

GC Heap History (20 events):
Event: 20.012 GC heap before
{Heap before GC invocations=25 (full 0):
 garbage-first heap   total 88064K, used 78021K [0x0000000082800000, 0x0000000100000000)
  region size 1024K, 45 young (46080K), 4 survivors (4096K)
 Metaspace       used 73204K, committed 73920K, reserved 1114112K
  class space    used 10072K, committed 10368K, reserved 1048576K
}
Event: 20.043 GC heap after
{Heap after GC invocations=26 (full 0):
 garbage-first heap   total 95232K, used 47384K [0x0000000082800000, 0x0000000100000000)
  region size 1024K, 6 young (6144K), 6 survivors (6144K)
 Metaspace       used 73204K, committed 73920K, reserved 1114112K
  class space    used 10072K, committed 10368K, reserved 1048576K
}
Event: 20.382 GC heap before
{Heap before GC invocations=26 (full 0):
 garbage-first heap   total 95232K, used 81176K [0x0000000082800000, 0x0000000100000000)
  region size 1024K, 39 young (39936K), 6 survivors (6144K)
 Metaspace       used 73227K, committed 73984K, reserved 1114112K
  class space    used 10078K, committed 10368K, reserved 1048576K
}
Event: 20.401 GC heap after
{Heap after GC invocations=27 (full 0):
 garbage-first heap   total 131072K, used 52957K [0x0000000082800000, 0x0000000100000000)
  region size 1024K, 5 young (5120K), 5 survivors (5120K)
 Metaspace       used 73227K, committed 73984K, reserved 1114112K
  class space    used 10078K, committed 10368K, reserved 1048576K
}
Event: 21.556 GC heap before
{Heap before GC invocations=27 (full 0):
 garbage-first heap   total 131072K, used 108253K [0x0000000082800000, 0x0000000100000000)
  region size 1024K, 60 young (61440K), 5 survivors (5120K)
 Metaspace       used 74903K, committed 75840K, reserved 1114112K
  class space    used 10377K, committed 10816K, reserved 1048576K
}
Event: 21.581 GC heap after
{Heap after GC invocations=28 (full 0):
 garbage-first heap   total 131072K, used 62111K [0x0000000082800000, 0x0000000100000000)
  region size 1024K, 8 young (8192K), 8 survivors (8192K)
 Metaspace       used 74903K, committed 75840K, reserved 1114112K
  class space    used 10377K, committed 10816K, reserved 1048576K
}
Event: 40.677 GC heap before
{Heap before GC invocations=28 (full 0):
 garbage-first heap   total 131072K, used 109215K [0x0000000082800000, 0x0000000100000000)
  region size 1024K, 55 young (56320K), 8 survivors (8192K)
 Metaspace       used 78834K, committed 79744K, reserved 1179648K
  class space    used 10940K, committed 11328K, reserved 1048576K
}
Event: 40.701 GC heap after
{Heap after GC invocations=29 (full 0):
 garbage-first heap   total 131072K, used 65813K [0x0000000082800000, 0x0000000100000000)
  region size 1024K, 3 young (3072K), 3 survivors (3072K)
 Metaspace       used 78834K, committed 79744K, reserved 1179648K
  class space    used 10940K, committed 11328K, reserved 1048576K
}
Event: 41.633 GC heap before
{Heap before GC invocations=29 (full 0):
 garbage-first heap   total 131072K, used 99605K [0x0000000082800000, 0x0000000100000000)
  region size 1024K, 31 young (31744K), 3 survivors (3072K)
 Metaspace       used 80971K, committed 81984K, reserved 1179648K
  class space    used 11246K, committed 11712K, reserved 1048576K
}
Event: 41.648 GC heap after
{Heap after GC invocations=30 (full 0):
 garbage-first heap   total 131072K, used 74743K [0x0000000082800000, 0x0000000100000000)
  region size 1024K, 7 young (7168K), 7 survivors (7168K)
 Metaspace       used 80971K, committed 81984K, reserved 1179648K
  class space    used 11246K, committed 11712K, reserved 1048576K
}
Event: 42.605 GC heap before
{Heap before GC invocations=30 (full 0):
 garbage-first heap   total 131072K, used 117751K [0x0000000082800000, 0x0000000100000000)
  region size 1024K, 46 young (47104K), 7 survivors (7168K)
 Metaspace       used 83139K, committed 84288K, reserved 1179648K
  class space    used 11468K, committed 12032K, reserved 1048576K
}
Event: 42.624 GC heap after
{Heap after GC invocations=31 (full 0):
 garbage-first heap   total 131072K, used 72223K [0x0000000082800000, 0x0000000100000000)
  region size 1024K, 4 young (4096K), 4 survivors (4096K)
 Metaspace       used 83139K, committed 84288K, reserved 1179648K
  class space    used 11468K, committed 12032K, reserved 1048576K
}
Event: 48.947 GC heap before
{Heap before GC invocations=31 (full 0):
 garbage-first heap   total 131072K, used 114207K [0x0000000082800000, 0x0000000100000000)
  region size 1024K, 46 young (47104K), 4 survivors (4096K)
 Metaspace       used 86608K, committed 87872K, reserved 1179648K
  class space    used 11970K, committed 12544K, reserved 1048576K
}
Event: 48.963 GC heap after
{Heap after GC invocations=32 (full 0):
 garbage-first heap   total 161792K, used 74740K [0x0000000082800000, 0x0000000100000000)
  region size 1024K, 3 young (3072K), 3 survivors (3072K)
 Metaspace       used 86608K, committed 87872K, reserved 1179648K
  class space    used 11970K, committed 12544K, reserved 1048576K
}
Event: 81.178 GC heap before
{Heap before GC invocations=32 (full 0):
 garbage-first heap   total 161792K, used 79860K [0x0000000082800000, 0x0000000100000000)
  region size 1024K, 9 young (9216K), 3 survivors (3072K)
 Metaspace       used 86854K, committed 88128K, reserved 1179648K
  class space    used 12017K, committed 12608K, reserved 1048576K
}
Event: 81.341 GC heap after
{Heap after GC invocations=33 (full 1):
 garbage-first heap   total 137216K, used 40112K [0x0000000082800000, 0x0000000100000000)
  region size 1024K, 0 young (0K), 0 survivors (0K)
 Metaspace       used 86842K, committed 88128K, reserved 1179648K
  class space    used 12015K, committed 12608K, reserved 1048576K
}
Event: 84.968 GC heap before
{Heap before GC invocations=33 (full 1):
 garbage-first heap   total 137216K, used 110768K [0x0000000082800000, 0x0000000100000000)
  region size 1024K, 70 young (71680K), 0 survivors (0K)
 Metaspace       used 87186K, committed 88512K, reserved 1179648K
  class space    used 12048K, committed 12672K, reserved 1048576K
}
Event: 84.981 GC heap after
{Heap after GC invocations=34 (full 1):
 garbage-first heap   total 137216K, used 45370K [0x0000000082800000, 0x0000000100000000)
  region size 1024K, 6 young (6144K), 6 survivors (6144K)
 Metaspace       used 87186K, committed 88512K, reserved 1179648K
  class space    used 12048K, committed 12672K, reserved 1048576K
}
Event: 85.978 GC heap before
{Heap before GC invocations=34 (full 1):
 garbage-first heap   total 137216K, used 113978K [0x0000000082800000, 0x0000000100000000)
  region size 1024K, 73 young (74752K), 6 survivors (6144K)
 Metaspace       used 87260K, committed 88576K, reserved 1179648K
  class space    used 12057K, committed 12672K, reserved 1048576K
}
Event: 85.991 GC heap after
{Heap after GC invocations=35 (full 1):
 garbage-first heap   total 137216K, used 47142K [0x0000000082800000, 0x0000000100000000)
  region size 1024K, 7 young (7168K), 7 survivors (7168K)
 Metaspace       used 87260K, committed 88576K, reserved 1179648K
  class space    used 12057K, committed 12672K, reserved 1048576K
}

Dll operation events (12 events):
Event: 0.023 Loaded shared library C:\pleiades\2023-12\java\21\bin\java.dll
Event: 0.600 Loaded shared library C:\pleiades\2023-12\java\21\bin\zip.dll
Event: 0.618 Loaded shared library C:\pleiades\2023-12\java\21\bin\instrument.dll
Event: 0.633 Loaded shared library C:\pleiades\2023-12\java\21\bin\net.dll
Event: 0.636 Loaded shared library C:\pleiades\2023-12\java\21\bin\nio.dll
Event: 0.644 Loaded shared library C:\pleiades\2023-12\java\21\bin\zip.dll
Event: 1.052 Loaded shared library C:\pleiades\2023-12\java\21\bin\jimage.dll
Event: 1.183 Loaded shared library C:\pleiades\2023-12\java\21\bin\management.dll
Event: 1.211 Loaded shared library C:\pleiades\2023-12\java\21\bin\management_ext.dll
Event: 1.732 Loaded shared library C:\pleiades\2023-12\java\21\bin\verify.dll
Event: 1.949 Loaded shared library C:\pleiades\2023-12\java\21\bin\extnet.dll
Event: 5.518 Loaded shared library C:\pleiades\2023-12\java\21\bin\sunmscapi.dll

Deoptimization events (20 events):
Event: 86.759 Thread 0x00000178ececb860 DEOPT PACKING pc=0x00000178de179cec sp=0x00000016075fde50
Event: 86.759 Thread 0x00000178ececb860 DEOPT UNPACKING pc=0x00000178dd334e42 sp=0x00000016075fd320 mode 1
Event: 86.759 Thread 0x00000178ececb860 DEOPT PACKING pc=0x00000178dd9e3db4 sp=0x00000016075fdd20
Event: 86.759 Thread 0x00000178ececb860 DEOPT UNPACKING pc=0x00000178dd334e42 sp=0x00000016075fd298 mode 1
Event: 86.760 Thread 0x00000178ececb860 DEOPT PACKING pc=0x00000178dd9e3db4 sp=0x00000016075fe250
Event: 86.760 Thread 0x00000178ececb860 DEOPT UNPACKING pc=0x00000178dd334e42 sp=0x00000016075fd7b0 mode 1
Event: 86.760 Thread 0x00000178ececb860 DEOPT PACKING pc=0x00000178ddd01c9c sp=0x00000016075fe370
Event: 86.760 Thread 0x00000178ececb860 DEOPT UNPACKING pc=0x00000178dd334e42 sp=0x00000016075fd830 mode 1
Event: 86.792 Thread 0x00000178ececb860 DEOPT PACKING pc=0x00000178ddf0877c sp=0x00000016075fe0c0
Event: 86.792 Thread 0x00000178ececb860 DEOPT UNPACKING pc=0x00000178dd334e42 sp=0x00000016075fd6a0 mode 1
Event: 86.825 Thread 0x00000178ececb860 DEOPT PACKING pc=0x00000178ddebe3ec sp=0x00000016075fe4f0
Event: 86.825 Thread 0x00000178ececb860 DEOPT UNPACKING pc=0x00000178dd334e42 sp=0x00000016075fda58 mode 1
Event: 86.825 Thread 0x00000178ececb860 DEOPT PACKING pc=0x00000178ddebe3ec sp=0x00000016075fe480
Event: 86.826 Thread 0x00000178ececb860 DEOPT UNPACKING pc=0x00000178dd334e42 sp=0x00000016075fd9e8 mode 1
Event: 86.826 Thread 0x00000178ececb860 DEOPT PACKING pc=0x00000178ddebe3ec sp=0x00000016075fe410
Event: 86.826 Thread 0x00000178ececb860 DEOPT UNPACKING pc=0x00000178dd334e42 sp=0x00000016075fd978 mode 1
Event: 96.296 Thread 0x00000178e9cb6920 DEOPT PACKING pc=0x00000178de408a44 sp=0x000000160a2fd210
Event: 96.296 Thread 0x00000178e9cb6920 DEOPT UNPACKING pc=0x00000178dd334e42 sp=0x000000160a2fc6b8 mode 0
Event: 96.300 Thread 0x00000178ececdfc0 DEOPT PACKING pc=0x00000178de408a44 sp=0x000000160a1fd550
Event: 96.300 Thread 0x00000178ececdfc0 DEOPT UNPACKING pc=0x00000178dd334e42 sp=0x000000160a1fc9f8 mode 0

Classes loaded (20 events):
Event: 43.435 Loading class java/util/concurrent/locks/ReentrantReadWriteLock$Sync$HoldCounter
Event: 43.435 Loading class java/util/concurrent/locks/ReentrantReadWriteLock$Sync$HoldCounter done
Event: 43.443 Loading class java/util/ArrayList$SubList$2
Event: 43.443 Loading class java/util/ArrayList$SubList$2 done
Event: 43.466 Loading class java/time/format/DateTimeFormatterBuilder$ZoneTextPrinterParser
Event: 43.466 Loading class java/time/format/DateTimeFormatterBuilder$ZoneTextPrinterParser done
Event: 43.467 Loading class java/time/format/DateTimeFormatterBuilder$ReducedPrinterParser
Event: 43.467 Loading class java/time/format/DateTimeFormatterBuilder$ReducedPrinterParser done
Event: 73.702 Loading class java/util/concurrent/locks/AbstractQueuedSynchronizer$SharedNode
Event: 73.704 Loading class java/util/concurrent/locks/AbstractQueuedSynchronizer$SharedNode done
Event: 78.767 Loading class sun/security/ssl/Alert
Event: 78.767 Loading class sun/security/ssl/Alert done
Event: 78.768 Loading class sun/security/ssl/Alert$AlertConsumer
Event: 78.769 Loading class sun/security/ssl/Alert$AlertConsumer done
Event: 78.769 Loading class sun/security/ssl/Alert$Level
Event: 78.769 Loading class sun/security/ssl/Alert$Level done
Event: 81.342 Loading class java/lang/ref/Finalizer$2
Event: 81.342 Loading class java/lang/ref/Finalizer$2 done
Event: 81.342 Loading class java/lang/ref/Finalizer$1
Event: 81.343 Loading class java/lang/ref/Finalizer$1 done

Classes unloaded (4 events):
Event: 81.244 Thread 0x00000178e4bd4290 Unloading class 0x0000017881bdec00 'java/lang/invoke/LambdaForm$DMH+0x0000017881bdec00'
Event: 81.244 Thread 0x00000178e4bd4290 Unloading class 0x00000178819cc400 'jdk/internal/reflect/GeneratedSerializationConstructorAccessor20'
Event: 81.244 Thread 0x00000178e4bd4290 Unloading class 0x00000178819cc000 'jdk/internal/reflect/GeneratedSerializationConstructorAccessor19'
Event: 81.244 Thread 0x00000178e4bd4290 Unloading class 0x00000178819a4000 'jdk/internal/reflect/GeneratedSerializationConstructorAccessor18'

Classes redefined (3 events):
Event: 72.712 Thread 0x00000178e4bd4290 redefined class name=com.example.demo.controller.AuthorsController, count=1
Event: 96.373 Thread 0x00000178e4bd4290 redefined class name=com.example.demo.controller.AuthorsController, count=2
Event: 96.373 Thread 0x00000178e4bd4290 redefined class name=com.example.demo.controller.AuthorsController, count=1

Internal exceptions (20 events):
Event: 85.970 Thread 0x00000178ececcc10 Exception <a 'sun/nio/fs/WindowsException'{0x0000000086ba0200}> (0x0000000086ba0200) 
thrown [s\src\hotspot\share\prims\jni.cpp, line 520]
Event: 85.971 Thread 0x00000178ececcc10 Exception <a 'sun/nio/fs/WindowsException'{0x0000000086ba04a0}> (0x0000000086ba04a0) 
thrown [s\src\hotspot\share\prims\jni.cpp, line 520]
Event: 85.972 Thread 0x00000178ececcc10 Exception <a 'sun/nio/fs/WindowsException'{0x0000000086ba0dc8}> (0x0000000086ba0dc8) 
thrown [s\src\hotspot\share\prims\jni.cpp, line 520]
Event: 85.972 Thread 0x00000178ececcc10 Exception <a 'sun/nio/fs/WindowsException'{0x0000000086ba1098}> (0x0000000086ba1098) 
thrown [s\src\hotspot\share\prims\jni.cpp, line 520]
Event: 85.973 Thread 0x00000178ececcc10 Exception <a 'sun/nio/fs/WindowsException'{0x0000000086ba1998}> (0x0000000086ba1998) 
thrown [s\src\hotspot\share\prims\jni.cpp, line 520]
Event: 85.973 Thread 0x00000178ececcc10 Exception <a 'sun/nio/fs/WindowsException'{0x0000000086ba1c38}> (0x0000000086ba1c38) 
thrown [s\src\hotspot\share\prims\jni.cpp, line 520]
Event: 85.974 Thread 0x00000178ececcc10 Exception <a 'sun/nio/fs/WindowsException'{0x0000000086ba2510}> (0x0000000086ba2510) 
thrown [s\src\hotspot\share\prims\jni.cpp, line 520]
Event: 85.974 Thread 0x00000178ececcc10 Exception <a 'sun/nio/fs/WindowsException'{0x0000000086ba2780}> (0x0000000086ba2780) 
thrown [s\src\hotspot\share\prims\jni.cpp, line 520]
Event: 85.975 Thread 0x00000178ececcc10 Exception <a 'sun/nio/fs/WindowsException'{0x0000000086ba3068}> (0x0000000086ba3068) 
thrown [s\src\hotspot\share\prims\jni.cpp, line 520]
Event: 85.975 Thread 0x00000178ececcc10 Exception <a 'sun/nio/fs/WindowsException'{0x0000000086ba32f8}> (0x0000000086ba32f8) 
thrown [s\src\hotspot\share\prims\jni.cpp, line 520]
Event: 85.976 Thread 0x00000178ececcc10 Exception <a 'sun/nio/fs/WindowsException'{0x0000000086ba3bd0}> (0x0000000086ba3bd0) 
thrown [s\src\hotspot\share\prims\jni.cpp, line 520]
Event: 85.976 Thread 0x00000178ececcc10 Exception <a 'sun/nio/fs/WindowsException'{0x0000000086ba3e40}> (0x0000000086ba3e40) 
thrown [s\src\hotspot\share\prims\jni.cpp, line 520]
Event: 85.977 Thread 0x00000178ececcc10 Exception <a 'sun/nio/fs/WindowsException'{0x0000000086ba4728}> (0x0000000086ba4728) 
thrown [s\src\hotspot\share\prims\jni.cpp, line 520]
Event: 85.977 Thread 0x00000178ececcc10 Exception <a 'sun/nio/fs/WindowsException'{0x0000000086ba49b8}> (0x0000000086ba49b8) 
thrown [s\src\hotspot\share\prims\jni.cpp, line 520]
Event: 85.992 Thread 0x00000178ececcc10 Exception <a 'sun/nio/fs/WindowsException'{0x000000008ad1d240}> (0x000000008ad1d240) 
thrown [s\src\hotspot\share\prims\jni.cpp, line 520]
Event: 85.992 Thread 0x00000178ececcc10 Exception <a 'sun/nio/fs/WindowsException'{0x000000008ad1d4e0}> (0x000000008ad1d4e0) 
thrown [s\src\hotspot\share\prims\jni.cpp, line 520]
Event: 85.993 Thread 0x00000178ececcc10 Exception <a 'sun/nio/fs/WindowsException'{0x000000008ad1ddf8}> (0x000000008ad1ddf8) 
thrown [s\src\hotspot\share\prims\jni.cpp, line 520]
Event: 85.993 Thread 0x00000178ececcc10 Exception <a 'sun/nio/fs/WindowsException'{0x000000008ad1e0b8}> (0x000000008ad1e0b8) 
thrown [s\src\hotspot\share\prims\jni.cpp, line 520]
Event: 85.994 Thread 0x00000178ececcc10 Exception <a 'sun/nio/fs/WindowsException'{0x000000008ad1e9c8}> (0x000000008ad1e9c8) 
thrown [s\src\hotspot\share\prims\jni.cpp, line 520]
Event: 85.995 Thread 0x00000178ececcc10 Exception <a 'sun/nio/fs/WindowsException'{0x000000008ad1ec88}> (0x000000008ad1ec88) 
thrown [s\src\hotspot\share\prims\jni.cpp, line 520]

ZGC Phase Switch (0 events):
No events

VM Operations (20 events):
Event: 91.038 Executing VM operation: Cleanup
Event: 91.039 Executing VM operation: Cleanup done
Event: 93.044 Executing VM operation: Cleanup
Event: 93.045 Executing VM operation: Cleanup done
Event: 96.296 Executing VM operation: ChangeSingleStep
Event: 96.296 Executing VM operation: ChangeSingleStep done
Event: 96.296 Executing VM operation: ChangeSingleStep
Event: 96.297 Executing VM operation: ChangeSingleStep done
Event: 96.299 Executing VM operation: ChangeSingleStep
Event: 96.299 Executing VM operation: ChangeSingleStep done
Event: 96.300 Executing VM operation: ChangeSingleStep
Event: 96.300 Executing VM operation: ChangeSingleStep done
Event: 96.347 Executing VM operation: RedefineClasses
Event: 96.420 Executing VM operation: RedefineClasses done
Event: 96.516 Executing VM operation: ChangeBreakpoints
Event: 96.524 Executing VM operation: ChangeBreakpoints done
Event: 96.543 Executing VM operation: ChangeBreakpoints
Event: 96.550 Executing VM operation: ChangeBreakpoints done
Event: 96.566 Executing VM operation: ChangeSingleStep
Event: 96.566 Executing VM operation: ChangeSingleStep done

Events (20 events):
Event: 86.316 Thread 0x00000178ecece650 Thread exited: 0x00000178ecece650
Event: 86.316 Thread 0x00000178ececece0 Thread exited: 0x00000178ececece0
Event: 86.753 Thread 0x00000178ececcc10 Thread added: 0x00000178ececcc10
Event: 86.795 Thread 0x00000178ececdfc0 Thread added: 0x00000178ececdfc0
Event: 86.796 Thread 0x00000178eced1ad0 Thread added: 0x00000178eced1ad0
Event: 86.796 Thread 0x00000178eced0090 Thread added: 0x00000178eced0090
Event: 86.797 Thread 0x00000178ececab40 Thread added: 0x00000178ececab40
Event: 86.798 Thread 0x00000178ecece650 Thread added: 0x00000178ecece650
Event: 86.799 Thread 0x00000178ececece0 Thread added: 0x00000178ececece0
Event: 86.801 Thread 0x00000178eced0720 Thread added: 0x00000178eced0720
Event: 86.801 Thread 0x00000178eced2160 Thread added: 0x00000178eced2160
Event: 86.803 Thread 0x00000178e9cb2780 Thread added: 0x00000178e9cb2780
Event: 86.804 Thread 0x00000178e9cb5570 Thread added: 0x00000178e9cb5570
Event: 86.811 Thread 0x00000178e9cb34a0 Thread added: 0x00000178e9cb34a0
Event: 86.811 Thread 0x00000178e9cb41c0 Thread added: 0x00000178e9cb41c0
Event: 86.840 Thread 0x00000178ececb860 Thread exited: 0x00000178ececb860
Event: 86.840 Thread 0x00000178ececd930 Thread exited: 0x00000178ececd930
Event: 89.394 Thread 0x00000178ececb1d0 Thread exited: 0x00000178ececb1d0
Event: 92.075 Thread 0x00000178e4bf9c80 Thread exited: 0x00000178e4bf9c80
Event: 92.106 Thread 0x00000178eae8aec0 Thread exited: 0x00000178eae8aec0


Dynamic libraries:
0x00007ff67a880000 - 0x00007ff67a88e000 	C:\pleiades\2023-12\java\21\bin\javaw.exe
0x00007ffc320d0000 - 0x00007ffc322c8000 	C:\WINDOWS\SYSTEM32\ntdll.dll
0x00007ffc31f60000 - 0x00007ffc3201d000 	C:\WINDOWS\System32\KERNEL32.DLL
0x00007ffc2f7a0000 - 0x00007ffc2fa96000 	C:\WINDOWS\System32\KERNELBASE.dll
0x00007ffc2c9c0000 - 0x00007ffc2ca50000 	C:\WINDOWS\SYSTEM32\apphelp.dll
0x00007ffc2fdb0000 - 0x00007ffc2feb0000 	C:\WINDOWS\System32\ucrtbase.dll
0x00007ffc2a910000 - 0x00007ffc2a928000 	C:\pleiades\2023-12\java\21\bin\jli.dll
0x00007ffc30a90000 - 0x00007ffc30c2e000 	C:\WINDOWS\System32\USER32.dll
0x00007ffc2fc10000 - 0x00007ffc2fc32000 	C:\WINDOWS\System32\win32u.dll
0x00007ffc31a20000 - 0x00007ffc31a4c000 	C:\WINDOWS\System32\GDI32.dll
0x00007ffc2fc40000 - 0x00007ffc2fd5a000 	C:\WINDOWS\System32\gdi32full.dll
0x00007ffc30080000 - 0x00007ffc3011d000 	C:\WINDOWS\System32\msvcp_win.dll
0x00007ffc2a8d0000 - 0x00007ffc2a8eb000 	C:\pleiades\2023-12\java\21\bin\VCRUNTIME140.dll
0x00007ffc18400000 - 0x00007ffc1869a000 	C:\WINDOWS\WinSxS\amd64_microsoft.windows.common-controls_6595b64144ccf1df_6.0.19041.3636_none_60b6a03d71f818d5\COMCTL32.dll
0x00007ffc31db0000 - 0x00007ffc31e4e000 	C:\WINDOWS\System32\msvcrt.dll
0x00007ffc30a40000 - 0x00007ffc30a70000 	C:\WINDOWS\System32\IMM32.DLL
0x00007ffc2c8e0000 - 0x00007ffc2c8ec000 	C:\pleiades\2023-12\java\21\bin\vcruntime140_1.dll
0x00007ffc03040000 - 0x00007ffc030ce000 	C:\pleiades\2023-12\java\21\bin\msvcp140.dll
0x00007ffbe9020000 - 0x00007ffbe9da1000 	C:\pleiades\2023-12\java\21\bin\server\jvm.dll
0x00007ffc317b0000 - 0x00007ffc31863000 	C:\WINDOWS\System32\ADVAPI32.dll
0x00007ffc31220000 - 0x00007ffc312bf000 	C:\WINDOWS\System32\sechost.dll
0x00007ffc312c0000 - 0x00007ffc313e6000 	C:\WINDOWS\System32\RPCRT4.dll
0x00007ffc2fb30000 - 0x00007ffc2fb57000 	C:\WINDOWS\System32\bcrypt.dll
0x00007ffc32020000 - 0x00007ffc3208b000 	C:\WINDOWS\System32\WS2_32.dll
0x00007ffc2f330000 - 0x00007ffc2f37b000 	C:\WINDOWS\SYSTEM32\POWRPROF.dll
0x00007ffc1a680000 - 0x00007ffc1a6a7000 	C:\WINDOWS\SYSTEM32\WINMM.dll
0x00007ffc212e0000 - 0x00007ffc212ea000 	C:\WINDOWS\SYSTEM32\VERSION.dll
0x00007ffc2f2f0000 - 0x00007ffc2f302000 	C:\WINDOWS\SYSTEM32\UMPDC.dll
0x00007ffc2dfa0000 - 0x00007ffc2dfb2000 	C:\WINDOWS\SYSTEM32\kernel.appcore.dll
0x00007ffc2c890000 - 0x00007ffc2c89a000 	C:\pleiades\2023-12\java\21\bin\jimage.dll
0x00007ffc2abf0000 - 0x00007ffc2add4000 	C:\WINDOWS\SYSTEM32\DBGHELP.DLL
0x00007ffc1cad0000 - 0x00007ffc1cb04000 	C:\WINDOWS\SYSTEM32\dbgcore.DLL
0x00007ffc2faa0000 - 0x00007ffc2fb22000 	C:\WINDOWS\System32\bcryptPrimitives.dll
0x00007ffc087c0000 - 0x00007ffc087fc000 	C:\pleiades\2023-12\java\21\bin\jdwp.dll
0x00007ffc2abc0000 - 0x00007ffc2abcf000 	C:\pleiades\2023-12\java\21\bin\instrument.dll
0x00007ffc27de0000 - 0x00007ffc27dff000 	C:\pleiades\2023-12\java\21\bin\java.dll
0x00007ffc302f0000 - 0x00007ffc30a35000 	C:\WINDOWS\System32\SHELL32.dll
0x00007ffc2d7e0000 - 0x00007ffc2df7b000 	C:\WINDOWS\SYSTEM32\windows.storage.dll
0x00007ffc31a50000 - 0x00007ffc31da4000 	C:\WINDOWS\System32\combase.dll
0x00007ffc2f020000 - 0x00007ffc2f04d000 	C:\WINDOWS\SYSTEM32\Wldp.dll
0x00007ffc31170000 - 0x00007ffc3121d000 	C:\WINDOWS\System32\SHCORE.dll
0x00007ffc31540000 - 0x00007ffc31595000 	C:\WINDOWS\System32\shlwapi.dll
0x00007ffc2f6d0000 - 0x00007ffc2f6f5000 	C:\WINDOWS\SYSTEM32\profapi.dll
0x00007ffc2a900000 - 0x00007ffc2a90c000 	C:\pleiades\2023-12\java\21\bin\dt_socket.dll
0x00007ffc2eb10000 - 0x00007ffc2eb4b000 	C:\WINDOWS\SYSTEM32\IPHLPAPI.DLL
0x00007ffc2ee00000 - 0x00007ffc2ee6a000 	C:\WINDOWS\system32\mswsock.dll
0x00007ffc2eb50000 - 0x00007ffc2ec1a000 	C:\WINDOWS\SYSTEM32\DNSAPI.dll
0x00007ffc31530000 - 0x00007ffc31538000 	C:\WINDOWS\System32\NSI.dll
0x00007ffc1fbd0000 - 0x00007ffc1fbda000 	C:\Windows\System32\rasadhlp.dll
0x00007ffc1ffc0000 - 0x00007ffc20040000 	C:\WINDOWS\System32\fwpuclnt.dll
0x00007ffc0d170000 - 0x00007ffc0d188000 	C:\pleiades\2023-12\java\21\bin\zip.dll
0x00007ffc2a4f0000 - 0x00007ffc2a500000 	C:\pleiades\2023-12\java\21\bin\net.dll
0x00007ffc25280000 - 0x00007ffc2538a000 	C:\WINDOWS\SYSTEM32\WINHTTP.dll
0x00007ffc0d030000 - 0x00007ffc0d046000 	C:\pleiades\2023-12\java\21\bin\nio.dll
0x00007ffc296c0000 - 0x00007ffc296ca000 	C:\pleiades\2023-12\java\21\bin\management.dll
0x00007ffc287d0000 - 0x00007ffc287db000 	C:\pleiades\2023-12\java\21\bin\management_ext.dll
0x00007ffc315a0000 - 0x00007ffc315a8000 	C:\WINDOWS\System32\PSAPI.DLL
0x00007ffba3ed0000 - 0x00007ffba3ee7000 	C:\WINDOWS\system32\napinsp.dll
0x00007ffba3eb0000 - 0x00007ffba3ecb000 	C:\WINDOWS\system32\pnrpnsp.dll
0x00007ffc29650000 - 0x00007ffc29665000 	C:\WINDOWS\system32\wshbth.dll
0x00007ffc2a7c0000 - 0x00007ffc2a7dd000 	C:\WINDOWS\system32\NLAapi.dll
0x00007ffba3e90000 - 0x00007ffba3ea2000 	C:\WINDOWS\System32\winrnr.dll
0x00007ffc256a0000 - 0x00007ffc256b0000 	C:\pleiades\2023-12\java\21\bin\verify.dll
0x00007ffc2f060000 - 0x00007ffc2f078000 	C:\WINDOWS\SYSTEM32\CRYPTSP.dll
0x00007ffc2e750000 - 0x00007ffc2e784000 	C:\WINDOWS\system32\rsaenh.dll
0x00007ffc2f690000 - 0x00007ffc2f6be000 	C:\WINDOWS\SYSTEM32\USERENV.dll
0x00007ffc2ef90000 - 0x00007ffc2ef9c000 	C:\WINDOWS\SYSTEM32\CRYPTBASE.dll
0x00007ffc0ef90000 - 0x00007ffc0ef97000 	C:\pleiades\2023-12\java\21\bin\extnet.dll
0x00007ffc0c8c0000 - 0x00007ffc0c8ce000 	C:\pleiades\2023-12\java\21\bin\sunmscapi.dll
0x00007ffc2ff20000 - 0x00007ffc3007d000 	C:\WINDOWS\System32\CRYPT32.dll
0x00007ffc2f1d0000 - 0x00007ffc2f1f8000 	C:\WINDOWS\SYSTEM32\ncrypt.dll
0x00007ffc2f190000 - 0x00007ffc2f1cb000 	C:\WINDOWS\SYSTEM32\NTASN1.dll
0x00007ffc0c8b0000 - 0x00007ffc0c8b7000 	C:\WINDOWS\system32\wshunix.dll

dbghelp: loaded successfully - version: 4.0.5 - missing functions: none
symbol engine: initialized successfully - sym options: 0x614 - pdb path: .;C:\pleiades\2023-12\java\21\bin;C:\WINDOWS\SYSTEM32;C:\WINDOWS\WinSxS\amd64_microsoft.windows.common-controls_6595b64144ccf1df_6.0.19041.3636_none_60b6a03d71f818d5;C:\pleiades\2023-12\java\21\bin\server

VM Arguments:
jvm_args: -XX:+ShowCodeDetailsInExceptionMessages -agentlib:jdwp=transport=dt_socket,suspend=y,address=localhost:57024 -Dcom.sun.management.jmxremote -Dcom.sun.management.jmxremote.port=57023 -Dcom.sun.management.jmxremote.authenticate=false -Dcom.sun.management.jmxremote.ssl=false -Djava.rmi.server.hostname=localhost -Dspring.jmx.enabled=true -Dmanagement.endpoints.jmx.exposure.include=* -Dspring.application.admin.enabled=true -XX:TieredStopAtLevel=1 -Dspring.boot.project.name=book -javaagent:C:\pleiades\2023-12\eclipse\configuration\org.eclipse.osgi\249\0\.cp\lib\javaagent-shaded.jar -Dfile.encoding=UTF-8 -Dstdout.encoding=UTF-8 -Dstderr.encoding=UTF-8 
java_command: com.example.demo.BookApplication --spring.output.ansi.enabled=always
java_class_path (initial): C:\pleiades\2023-12\workspace\book\target\classes;C:\Users\masayuki\.m2\repository\org\springframework\boot\spring-boot-starter-data-jdbc\3.2.2\spring-boot-starter-data-jdbc-3.2.2.jar;C:\Users\masayuki\.m2\repository\org\springframework\boot\spring-boot-starter-jdbc\3.2.2\spring-boot-starter-jdbc-3.2.2.jar;C:\Users\masayuki\.m2\repository\com\zaxxer\HikariCP\5.0.1\HikariCP-5.0.1.jar;C:\Users\masayuki\.m2\repository\org\springframework\spring-jdbc\6.1.3\spring-jdbc-6.1.3.jar;C:\Users\masayuki\.m2\repository\org\springframework\data\spring-data-jdbc\3.2.2\spring-data-jdbc-3.2.2.jar;C:\Users\masayuki\.m2\repository\org\springframework\data\spring-data-relational\3.2.2\spring-data-relational-3.2.2.jar;C:\Users\masayuki\.m2\repository\com\github\jsqlparser\jsqlparser\4.6\jsqlparser-4.6.jar;C:\Users\masayuki\.m2\repository\org\springframework\data\spring-data-commons\3.2.2\spring-data-commons-3.2.2.jar;C:\Users\masayuki\.m2\repository\org\springframework\spring-tx\6.1.3\spring-tx-6.1.3.jar;C:\Users\masayuki\.m2\repository\org\springframework\spring-context\6.1.3\spring-context-6.1.3.jar;C:\Users\masayuki\.m2\repository\org\springframework\spring-beans\6.1.3\spring-beans-6.1.3.jar;C:\Users\masayuki\.m2\repository\org\springframework\boot\spring-boot-starter-data-jpa\3.2.2\spring-boot-starter-data-jpa-3.2.2.jar;C:\Users\masayuki\.m2\repository\org\springframework\boot\spring-boot-starter-aop\3.2.2\spring-boot-starter-aop-3.2.2.jar;C:\Users\masayuki\.m2\repository\org\springframework\spring-aop\6.1.3\spring-aop-6.1.3.jar;C:\Users\masayuki\.m2\repository\org\aspectj\aspectjweaver\1.9.21\aspectjweaver-1.9.21.jar;C:\Users\masayuki\.m2\repository\org\hibernate\orm\hibernate-core\6.4.1.Final\hibernate-core-6.4.1.Final.jar;C:\Users\masayuki\.m2\repository\jakarta\persistence\jakarta.persistence-api\3.1.0\jakarta.persistence-api-3.1.0.jar;C:\Users\masayuki\.m2\repository\jakarta\transaction\jakarta.transaction-api\2.0.1\jakarta.transaction-api-2.0.1.jar;C:\Users\masayuki\.m2\repository\org\jboss\logging\jboss-logging\3.5.3.Final\jboss-logging-3.5.3.Final.jar;C:\Users\masayuki\.m2\repository\org\hibernate\common\hibernate-commons-annotations\6.0.6.Final\hibernate-commons-annotations-6.0.6.Final.jar;C:\Users\masayuki\.m2\repository\io\smallrye\jandex\3.1.2\jandex-3.1.2.jar;C:\Users\masayuki\.m2\repository\com\fasterxml\classmate\1.6.0\classmate-1.6.0.jar;C:\Users\masayuki\.m2\repository\net\bytebuddy\byte-buddy\1.14.11\byte-buddy-1.14.11.jar;C:\Users\masayuki\.m2\repository\org\glassfish\jaxb\jaxb-runtime\4.0.4\jaxb-runtime-4.0.4.jar;C:\Users\masayuki\.m2\repository\org\glassfish\jaxb\jaxb-core\4.0.4\jaxb-core-4.0.4.jar;C:\Users\masayuki\.m2\repository\org\eclipse\angus\angus-activation\2.0.1\angus-activation-2.0.1.jar;C:\Users\masayuki\.m2\repository\org\glassfish\jaxb\txw2\4.0.4\txw2-4.0.4.jar;C:\Users\masayuki\.m2\repository\com\sun\istack\istack-commons-runtime\4.1.2\istack-commons-runtime-4.1.2.jar;C:\Users\masayuki\.m2\repository\jakarta\inject\jakarta.inject-api\2.0.1\jakarta.inject-api-2.0.1.jar;C:\Users\masayuki\.m2\repository\org\antlr\antlr4-runtime\4.13.0\antlr4-runtime-4.13.0.jar;C:\Users\masayuki\.m2\repository\org\springframework\data\spring-data-jpa\3.2.2\spring-data-jpa-3.2.2.jar;C:\Users\masayuki\.m2\repository\org\springframework\spring-orm\6.1.3\spring-orm-6.1.3.jar;C:\Users\masayuki\.m2\repository\jakarta\annotation\jakarta.annotation-api\2.1.1\jakarta.annotation-api-2.1.1.jar;C:\Users\masayuki\.m2\repository\org\springframework\spring-aspects\6.1.3\spring-aspects-6.1.3.jar;C:\Users\masayuki\.m2\repository\org\springframework\boot\spring-boot-starter-thymeleaf\3.2.2\spring-boot-starter-thymeleaf-3.2.2.jar;C:\Users\masayuki\.m2\repository\org\springframework\boot\spring-boot-starter\3.2.2\spring-boot-starter-3.2.2.jar;C:\Users\masayuki\.m2\repository\org\springframework\boot\spring-boot-starter-logging\3.2.2\spring-boot-starter-logging-3.2.2.jar;C:\Users\masayuki\.m2\repository\ch\qos\logback\logback-classic\1.4.14\logback-classic-1.4.14.jar;C:\Users\masayuki\.m2\repository\ch\qos\logback\logback-core\1.4.14\logback-core-1.4.14.jar;C:\Users\masayuki\.m2\repository\org\apache\logging\log4j\log4j-to-slf4j\2.21.1\log4j-to-slf4j-2.21.1.jar;C:\Users\masayuki\.m2\repository\org\apache\logging\log4j\log4j-api\2.21.1\log4j-api-2.21.1.jar;C:\Users\masayuki\.m2\repository\org\slf4j\jul-to-slf4j\2.0.11\jul-to-slf4j-2.0.11.jar;C:\Users\masayuki\.m2\repository\org\yaml\snakeyaml\2.2\snakeyaml-2.2.jar;C:\Users\masayuki\.m2\repository\org\thymeleaf\thymeleaf-spring6\3.1.2.RELEASE\thymeleaf-spring6-3.1.2.RELEASE.jar;C:\Users\masayuki\.m2\repository\org\springframework\boot\spring-boot-starter-validation\3.2.2\spring-boot-starter-validation-3.2.2.jar;C:\Users\masayuki\.m2\repository\org\apache\tomcat\embed\tomcat-embed-el\10.1.18\tomcat-embed-el-10.1.18.jar;C:\Users\masayuki\.m2\repository\org\hibernate\validator\hibernate-validator\8.0.1.Final\hibernate-validator-8.0.1.Final.jar;C:\Users\masayuki\.m2\repository\jakarta\validation\jakarta.validation-api\3.0.2\jakarta.validation-api-3.0.2.jar;C:\Users\masayuki\.m2\repository\org\springframework\boot\spring-boot-starter-web\3.2.2\spring-boot-starter-web-3.2.2.jar;C:\Users\masayuki\.m2\repository\org\springframework\boot\spring-boot-starter-json\3.2.2\spring-boot-starter-json-3.2.2.jar;C:\Users\masayuki\.m2\repository\com\fasterxml\jackson\core\jackson-databind\2.15.3\jackson-databind-2.15.3.jar;C:\Users\masayuki\.m2\repository\com\fasterxml\jackson\core\jackson-annotations\2.15.3\jackson-annotations-2.15.3.jar;C:\Users\masayuki\.m2\repository\com\fasterxml\jackson\datatype\jackson-datatype-jdk8\2.15.3\jackson-datatype-jdk8-2.15.3.jar;C:\Users\masayuki\.m2\repository\com\fasterxml\jackson\datatype\jackson-datatype-jsr310\2.15.3\jackson-datatype-jsr310-2.15.3.jar;C:\Users\masayuki\.m2\repository\com\fasterxml\jackson\module\jackson-module-parameter-names\2.15.3\jackson-module-parameter-names-2.15.3.jar;C:\Users\masayuki\.m2\repository\org\springframework\boot\spring-boot-starter-tomcat\3.2.2\spring-boot-starter-tomcat-3.2.2.jar;C:\Users\masayuki\.m2\repository\org\apache\tomcat\embed\tomcat-embed-core\10.1.18\tomcat-embed-core-10.1.18.jar;C:\Users\masayuki\.m2\repository\org\apache\tomcat\embed\tomcat-embed-websocket\10.1.18\tomcat-embed-websocket-10.1.18.jar;C:\Users\masayuki\.m2\repository\org\springframework\spring-web\6.1.3\spring-web-6.1.3.jar;C:\Users\masayuki\.m2\repository\io\micrometer\micrometer-observation\1.12.2\micrometer-observation-1.12.2.jar;C:\Users\masayuki\.m2\repository\io\micrometer\micrometer-commons\1.12.2\micrometer-commons-1.12.2.jar;C:\Users\masayuki\.m2\repository\org\springframework\spring-webmvc\6.1.3\spring-webmvc-6.1.3.jar;C:\Users\masayuki\.m2\repository\org\springframework\spring-expression\6.1.3\spring-expression-6.1.3.jar;C:\Users\masayuki\.m2\repository\org\springframework\boot\spring-boot-devtools\3.2.2\spring-boot-devtools-3.2.2.jar;C:\Users\masayuki\.m2\repository\org\springframework\boot\spring-boot\3.2.2\spring-boot-3.2.2.jar;C:\Users\masayuki\.m2\repository\org\springframework\boot\spring-boot-autoconfigure\3.2.2\spring-boot-autoconfigure-3.2.2.jar;C:\Users\masayuki\.m2\repository\com\mysql\mysql-connector-j\8.3.0\mysql-connector-j-8.3.0.jar;C:\Users\masayuki\.m2\repository\org\projectlombok\lombok\1.18.30\lombok-1.18.30.jar;C:\Users\masayuki\.m2\repository\jakarta\xml\bind\jakarta.xml.bind-api\4.0.1\jakarta.xml.bind-api-4.0.1.jar;C:\Users\masayuki\.m2\repository\jakarta\activation\jakarta.activation-api\2.1.2\jakarta.activation-api-2.1.2.jar;C:\Users\masayuki\.m2\repository\org\springframework\spring-core\6.1.3\spring-core-6.1.3.jar;C:\Users\masayuki\.m2\repository\org\springframework\spring-jcl\6.1.3\spring-jcl-6.1.3.jar;C:\Users\masayuki\.m2\repository\org\flywaydb\flyway-mysql\9.22.3\flyway-mysql-9.22.3.jar;C:\Users\masayuki\.m2\repository\org\flywaydb\flyway-core\9.22.3\flyway-core-9.22.3.jar;C:\Users\masayuki\.m2\repository\com\fasterxml\jackson\dataformat\jackson-dataformat-toml\2.15.3\jackson-dataformat-toml-2.15.3.jar;C:\Users\masayuki\.m2\repository\com\google\code\gson\gson\2.10.1\gson-2.10.1.jar;C:\Users\masayuki\.m2\repository\org\webjars\bootstrap\5.1.3\bootstrap-5.1.3.jar;C:\Users\masayuki\.m2\repository\org\webjars\popper.js\2.9.3\popper.js-2.9.3.jar;C:\Users\masayuki\.m2\repository\org\webjars\webjars-locator-core\0.55\webjars-locator-core-0.55.jar;C:\Users\masayuki\.m2\repository\org\slf4j\slf4j-api\2.0.11\slf4j-api-2.0.11.jar;C:\Users\masayuki\.m2\repository\io\github\classgraph\classgraph\4.8.149\classgraph-4.8.149.jar;C:\Users\masayuki\.m2\repository\com\fasterxml\jackson\core\jackson-core\2.15.3\jackson-core-2.15.3.jar;C:\Users\masayuki\.m2\repository\org\webjars\npm\bootstrap-icons\1.7.2\bootstrap-icons-1.7.2.jar;C:\Users\masayuki\.m2\repository\nz\net\ultraq\thymeleaf\thymeleaf-layout-dialect\3.3.0\thymeleaf-layout-dialect-3.3.0.jar;C:\Users\masayuki\.m2\repository\org\apache\groovy\groovy\4.0.17\groovy-4.0.17.jar;C:\Users\masayuki\.m2\repository\nz\net\ultraq\groovy\groovy-extensions\2.1.0\groovy-extensions-2.1.0.jar;C:\Users\masayuki\.m2\repository\nz\net\ultraq\thymeleaf\thymeleaf-expression-processor\3.2.0\thymeleaf-expression-processor-3.2.0.jar;C:\Users\masayuki\.m2\repository\org\thymeleaf\thymeleaf\3.1.2.RELEASE\thymeleaf-3.1.2.RELEASE.jar;C:\Users\masayuki\.m2\repository\ognl\ognl\3.3.4\ognl-3.3.4.jar;C:\Users\masayuki\.m2\repository\org\javassist\javassist\3.29.0-GA\javassist-3.29.0-GA.jar;C:\Users\masayuki\.m2\repository\org\attoparser\attoparser\2.0.7.RELEASE\attoparser-2.0.7.RELEASE.jar;C:\Users\masayuki\.m2\repository\org\unbescape\unbescape\1.1.6.RELEASE\unbescape-1.1.6.RELEASE.jar
Launcher Type: SUN_STANDARD

[Global flags]
     intx CICompilerCount                          = 3                                         {product} {ergonomic}
     uint ConcGCThreads                            = 1                                         {product} {ergonomic}
     uint G1ConcRefinementThreads                  = 4                                         {product} {ergonomic}
   size_t G1HeapRegionSize                         = 1048576                                   {product} {ergonomic}
    uintx GCDrainStackTargetSize                   = 64                                        {product} {ergonomic}
   size_t InitialHeapSize                          = 132120576                                 {product} {ergonomic}
     bool ManagementServer                         = true                                      {product} {command line}
   size_t MarkStackSize                            = 4194304                                   {product} {ergonomic}
   size_t MaxHeapSize                              = 2105540608                                {product} {ergonomic}
   size_t MaxNewSize                               = 1262485504                                {product} {ergonomic}
   size_t MinHeapDeltaBytes                        = 1048576                                   {product} {ergonomic}
   size_t MinHeapSize                              = 8388608                                   {product} {ergonomic}
    uintx NonNMethodCodeHeapSize                   = 4096                                   {pd product} {ergonomic}
    uintx NonProfiledCodeHeapSize                  = 0                                      {pd product} {ergonomic}
     bool ProfileInterpreter                       = false                                  {pd product} {command line}
    uintx ProfiledCodeHeapSize                     = 0                                      {pd product} {ergonomic}
     bool ShowCodeDetailsInExceptionMessages       = true                                   {manageable} {command line}
   size_t SoftMaxHeapSize                          = 2105540608                             {manageable} {ergonomic}
     intx TieredStopAtLevel                        = 1                                         {product} {command line}
     bool UseCompressedOops                        = true                           {product lp64_product} {ergonomic}
     bool UseG1GC                                  = true                                      {product} {ergonomic}
     bool UseLargePagesIndividualAllocation        = false                                  {pd product} {ergonomic}

Logging:
Log output configuration:
 #0: stdout all=warning uptime,level,tags foldmultilines=false
 #1: stderr all=off uptime,level,tags foldmultilines=false

Environment Variables:
PATH=C:/pleiades/2023-12/eclipse//../java/17/bin/server;C:/pleiades/2023-12/eclipse//../java/17/bin;C:\Program Files (x86)\Intel\Intel(R) Management Engine Components\iCLS\;C:\Program Files\Intel\Intel(R) Management Engine Components\iCLS\;C:\WINDOWS\system32;C:\WINDOWS;C:\WINDOWS\System32\Wbem;C:\WINDOWS\System32\WindowsPowerShell\v1.0\;C:\Program Files (x86)\Intel\Intel(R) Management Engine Components\DAL;C:\Program Files\Intel\Intel(R) Management Engine Components\DAL;C:\Program Files (x86)\Intel\Intel(R) Management Engine Components\IPT;C:\Program Files\Intel\Intel(R) Management Engine Components\IPT;C:\Program Files\Intel\WiFi\bin\;C:\Program Files\Common Files\Intel\WirelessCommon\;C:\Program Files (x86)\Common Files\Roxio Shared\DLLShared\;C:\Program Files (x86)\Common Files\Roxio Shared\OEM\12.0\DLLShared\;C:\Program Files (x86)\Roxio 2010\OEM\AudioCore\;C:\HashiCorp\Vagrant\bin;C:\Program Files\Git\cmd;C:\WINDOWS\System32\OpenSSH\;C:\Program Files\nodejs\;C:\Program Files (x86)\dotnet\;C:\Program Files\Docker\Docker\resources\bin;C:\ProgramData\DockerDesktop\version-bin;C:\Program Files\Geth;C:\Program Files\dotnet\;C:\Users\masayuki\AppData\Local\Microsoft\WindowsApps;C:\Users\masayuki\AppData\Local\atom\bin;C:\Users\masayuki\AppData\Local\Microsoft\WindowsApps;C:\Users\masayuki\AppData\Roaming\npm;C:\pleiades\2023-12\eclipse;
USERNAME=masayuki
OS=Windows_NT
PROCESSOR_IDENTIFIER=Intel64 Family 6 Model 142 Stepping 9, GenuineIntel
TMP=C:\Users\masayuki\AppData\Local\Temp
TEMP=C:\Users\masayuki\AppData\Local\Temp




Periodic native trim disabled

---------------  S Y S T E M  ---------------

OS:
 Windows 10 , 64 bit Build 19041 (10.0.19041.3636)
OS uptime: 5 days 21:52 hours
Hyper-V role detected

CPU: total 4 (initial active 4) (2 cores per cpu, 2 threads per core) family 6 model 142 stepping 9 microcode 0xb4, cx8, cmov, fxsr, ht, mmx, 3dnowpref, sse, sse2, sse3, ssse3, sse4.1, sse4.2, popcnt, lzcnt, tsc, tscinvbit, avx, avx2, aes, erms, clmul, bmi1, bmi2, rtm, adx, fma, vzeroupper, clflush, clflushopt, hv, rdtscp, f16c
Processor Information for all 4 processors :
  Max Mhz: 2701, Current Mhz: 1600, Mhz Limit: 1593

Memory: 4k page, system-wide physical 8024M (901M free)
TotalPageFile size 17743M (AvailPageFile size 3844M)
current process WorkingSet (physical memory assigned to process): 341M, peak: 346M
current process commit charge ("private bytes"): 373M, peak: 403M

vm_info: OpenJDK 64-Bit Server VM (21.0.1+12-LTS) for windows-amd64 JRE (21.0.1+12-LTS), built on 2023-10-17T00:00:00Z by "admin" with unknown MS VC++:1937

END.
