#
# A fatal error has been detected by the Java Runtime Environment:
#
#  EXCEPTION_ACCESS_VIOLATION (0xc0000005) at pc=0x000001f196900f84, pid=7392, tid=14564
#
# JRE version: OpenJDK Runtime Environment Temurin-21.0.1+12 (21.0.1+12) (build 21.0.1+12-LTS)
# Java VM: OpenJDK 64-Bit Server VM Temurin-21.0.1+12 (21.0.1+12-LTS, mixed mode, emulated-client, sharing, tiered, compressed oops, compressed class ptrs, g1 gc, windows-amd64)
# Problematic frame:
# v  ~BufferBlob::MethodHandles adapters 0x000001f196900f84
#
# No core dump will be written. Minidumps are not enabled by default on client versions of Windows
#
# If you would like to submit a bug report, please visit:
#   https://github.com/adoptium/adoptium-support/issues
#

---------------  S U M M A R Y ------------

Command Line: -XX:+ShowCodeDetailsInExceptionMessages -agentlib:jdwp=transport=dt_socket,suspend=y,address=localhost:57669 -Dcom.sun.management.jmxremote -Dcom.sun.management.jmxremote.port=57668 -Dcom.sun.management.jmxremote.authenticate=false -Dcom.sun.management.jmxremote.ssl=false -Djava.rmi.server.hostname=localhost -Dspring.jmx.enabled=true -Dmanagement.endpoints.jmx.exposure.include=* -Dspring.application.admin.enabled=true -XX:TieredStopAtLevel=1 -Dspring.boot.project.name=book -javaagent:C:\pleiades\2023-12\eclipse\configuration\org.eclipse.osgi\249\0\.cp\lib\javaagent-shaded.jar -Dfile.encoding=UTF-8 -Dstdout.encoding=UTF-8 -Dstderr.encoding=UTF-8 com.example.demo.BookApplication --spring.output.ansi.enabled=always

Host: Intel(R) Core(TM) i5-7300U CPU @ 2.60GHz, 4 cores, 7G,  Windows 10 , 64 bit Build 19041 (10.0.19041.3636)
Time: Sat Feb 10 12:47:13 2024  Windows 10 , 64 bit Build 19041 (10.0.19041.3636) elapsed time: 610.615704 seconds (0d 0h 10m 10s)

---------------  T H R E A D  ---------------

Current thread (0x000001f1e7795b10):  JavaThread "http-nio-8080-exec-6" daemon [_thread_in_Java, id=14564, stack(0x0000006133700000,0x0000006133800000) (1024K)]

Stack: [0x0000006133700000,0x0000006133800000],  sp=0x00000061337fd458,  free space=1013k
Native frames: (J=compiled Java code, j=interpreted, Vv=VM code, C=native code)
C  0x000001f196900f84

The last pc belongs to _linkToVirtual (printed below).

siginfo: EXCEPTION_ACCESS_VIOLATION (0xc0000005), reading address 0x000001f28062843e


Registers:
RAX=0x000001f1968d958b, RBX=0x00000000847b3168, RCX=0x00000061337fd470, RDX=0x0000000000000004
RSP=0x00000061337fd458, RBP=0x00000061337fd4b8, RSI=0x000001f1e49655c8, RDI=0x000001f1e763b250
R8 =0x0000000000000004, R9 =0x0000000000000004, R10=0x000001f280628276, R11=0x0000000000000000
R12=0x0000000000000000, R13=0x00000061337fd458, R14=0x00000061337fd4e8, R15=0x000001f1e7795b10
RIP=0x000001f196900f84, EFLAGS=0x0000000000010202


Register to memory mapping:

RAX=0x000001f1968d958b is at code_begin+4363 in an Interpreter codelet
return entry points  [0x000001f1968d8480, 0x000001f1968da298]  7704 bytes
RBX=0x00000000847b3168 is an oop: org.springframework.validation.support.BindingAwareModelMap 
{0x00000000847b3168} - klass: 'org/springframework/validation/support/BindingAwareModelMap'
 - ---- fields (total size 8 words):
 - transient 'keySet' 'Ljava/util/Set;' @12  null (0x00000000)
 - transient 'values' 'Ljava/util/Collection;' @16  null (0x00000000)
 - transient 'size' 'I' @20  0 (0x00000000)
 - transient 'modCount' 'I' @24  0 (0x00000000)
 - 'threshold' 'I' @28  0 (0x00000000)
 - final 'loadFactor' 'F' @32  0.750000 (0x3f400000)
 - transient 'table' '[Ljava/util/HashMap$Node;' @36  null (0x00000000)
 - transient 'entrySet' 'Ljava/util/Set;' @40  null (0x00000000)
 - transient 'putMode' 'I' @44  0 (0x00000000)
 - final 'accessOrder' 'Z' @48  false (0x00)
 - transient 'head' 'Ljava/util/LinkedHashMap$Entry;' @52  null (0x00000000)
 - transient 'tail' 'Ljava/util/LinkedHashMap$Entry;' @56  null (0x00000000)
RCX=0x00000061337fd470 is pointing into the stack for thread: 0x000001f1e7795b10
RDX=0x0000000000000004 is an unknown value
RSP=0x00000061337fd458 is pointing into the stack for thread: 0x000001f1e7795b10
RBP=0x00000061337fd4b8 is pointing into the stack for thread: 0x000001f1e7795b10
RSI=0x000001f1e49655c8 points into unknown readable memory: 0x80003e001ccd6e41 | 41 6e cd 1c 00 3e 00 80
RDI=0x000001f1e763b250 points into unknown readable memory: 0x0000002800000080 | 80 00 00 00 28 00 00 00
R8 =0x0000000000000004 is an unknown value
R9 =0x0000000000000004 is an unknown value
R10=0x000001f280628276 is an unknown value
R11=0x0 is null
R12=0x0 is null
R13=0x00000061337fd458 is pointing into the stack for thread: 0x000001f1e7795b10
R14=0x00000061337fd4e8 is pointing into the stack for thread: 0x000001f1e7795b10
R15=0x000001f1e7795b10 is a thread

Top of Stack: (sp=0x00000061337fd458)
0x00000061337fd458:   000001f1968d958b 0000000082d4dec0
0x00000061337fd468:   0000000083e5f2e0 00000061337fd470
0x00000061337fd478:   000001f1e1628276 0000000000000006
0x00000061337fd488:   000001f1e16283c8 00000061337fd558
0x00000061337fd498:   00000000831c11b0 000001f1e1628288
0x00000061337fd4a8:   00000061337fd458 00000061337fd4f0
0x00000061337fd4b8:   00000061337fd558 000001f1968d958b
0x00000061337fd4c8:   000000008448f288 00000000847b3168
0x00000061337fd4d8:   0000000082d4dec0 0000000083e5f2e0
0x00000061337fd4e8:   000000008448f260 0000000088416168
0x00000061337fd4f8:   0000000082d552c0 0000000084454928
0x00000061337fd508:   00000000876026a0 00000061337fd510
0x00000061337fd518:   000001f1e9214b01 000000000000000c
0x00000061337fd528:   000001f1e9214c50 0000000000000000
0x00000061337fd538:   000000008448f2b8 000001f1e9214b10
0x00000061337fd548:   00000061337fd4f0 00000061337fd5c0
0x00000061337fd558:   00000061337fd870 000001f19732904a
0x00000061337fd568:   000000008448f260 00000000847b3168
0x00000061337fd578:   000000008448f3b0 0000000082d4dec0
0x00000061337fd588:   000000008448f388 0000000083e5f2e0
0x00000061337fd598:   000000008448f360 00000000847b3168
0x00000061337fd5a8:   0000000082d4dec0 0000000083e5f2e0
0x00000061337fd5b8:   000000008448f330 000001f1973d1b50
0x00000061337fd5c8:   000001f1973d1ac0 0000000086e1e7a0
0x00000061337fd5d8:   0000000085080000 000001f1969f1f98
0x00000061337fd5e8:   000001f1e67d2bf0 000001f1e67d2f98
0x00000061337fd5f8:   0000000000000000 000001f1e67d2bf0
0x00000061337fd608:   00007ffbe82fd53c 00000061337fd870
0x00000061337fd618:   000001f196c7ab4c 00000061337fc240
0x00000061337fd628:   00007ffbe886e4b5 0000000000000000
0x00000061337fd638:   0000000000000c00 0000000000000000
0x00000061337fd648:   0000000000000000 0000000000000000 

Instructions: (pc=0x000001f196900f84)
0x000001f196900e84:   00 00 00 00 01 00 00 00 00 00 00 00 10 e6 ac e8
0x000001f196900e94:   fb 7f 00 00 00 0f 90 96 f1 01 00 00 80 1f 90 96
0x000001f196900ea4:   f1 01 00 00 00 0f 90 96 f1 01 00 00 80 1f 90 96
0x000001f196900eb4:   f1 01 00 00 f0 0e 90 96 f1 01 00 00 f0 0e 90 96
0x000001f196900ec4:   f1 01 00 00 00 00 00 00 00 00 00 00 a8 e6 ac e8
0x000001f196900ed4:   fb 7f 00 00 f0 10 00 00 60 00 00 00 ff ff ff ff
0x000001f196900ee4:   f0 10 00 00 00 00 00 00 00 00 00 00 00 00 00 00
0x000001f196900ef4:   00 00 00 00 00 00 00 00 00 00 00 00 f4 66 66 66
0x000001f196900f04:   0f 1f 84 00 00 00 00 00 66 66 66 90 66 66 66 0f
0x000001f196900f14:   1f 84 00 00 00 00 00 66 66 66 90 90 48 8b 53 08
0x000001f196900f24:   0f b7 52 2e 48 8b 0c d4 8b 59 14 8b 5b 28 8b 5b
0x000001f196900f34:   24 48 8b 5b 10 48 85 db 0f 84 10 00 00 00 41 80
0x000001f196900f44:   bf e0 05 00 00 00 74 03 ff 63 38 ff 63 50 e9 a9
0x000001f196900f54:   16 00 00 66 0f 1f 84 00 00 00 00 00 48 8b 53 08
0x000001f196900f64:   0f b7 52 2e 48 8b 0c d4 58 5b 50 44 8b 51 08 49
0x000001f196900f74:   bb 00 00 00 9f f1 01 00 00 4d 03 d3 4c 8b 5b 10
0x000001f196900f84:   4b 8b 9c da c8 01 00 00 48 85 db 0f 84 10 00 00
0x000001f196900f94:   00 41 80 bf e0 05 00 00 00 74 03 ff 63 38 ff 63
0x000001f196900fa4:   50 e9 56 16 00 00 66 66 66 0f 1f 84 00 00 00 00
0x000001f196900fb4:   00 66 66 66 90 0f 1f 80 00 00 00 00 58 5b 50 8b
0x000001f196900fc4:   5b 24 48 8b 5b 10 48 85 db 0f 84 10 00 00 00 41
0x000001f196900fd4:   80 bf e0 05 00 00 00 74 03 ff 63 38 ff 63 50 e9
0x000001f196900fe4:   18 16 00 00 66 66 66 0f 1f 84 00 00 00 00 00 66
0x000001f196900ff4:   66 66 90 66 0f 1f 84 00 00 00 00 00 48 8b 53 08
0x000001f196901004:   0f b7 52 2e 48 8b 0c d4 58 5b 50 48 3b 01 8b 5b
0x000001f196901014:   24 48 8b 5b 10 48 85 db 0f 84 10 00 00 00 41 80
0x000001f196901024:   bf e0 05 00 00 00 74 03 ff 63 38 ff 63 50 e9 c9
0x000001f196901034:   15 00 00 66 0f 1f 84 00 00 00 00 00 48 8b 53 08
0x000001f196901044:   0f b7 52 2e 48 8b 0c d4 58 5b 50 44 8b 51 08 49
0x000001f196901054:   bb 00 00 00 9f f1 01 00 00 4d 03 d3 8b 43 18 48
0x000001f196901064:   8b 40 10 48 8b 5b 10 45 8b 9a a0 00 00 00 4f 8d
0x000001f196901074:   9c da c8 01 00 00 4d 8d 14 da 49 8b 1b 48 3b c3 


Stack slot to memory mapping:

stack at sp + 0 slots: 0x000001f1968d958b is at code_begin+4363 in an Interpreter codelet
return entry points  [0x000001f1968d8480, 0x000001f1968da298]  7704 bytes
stack at sp + 1 slots: 0x0000000082d4dec0 is an oop: java.lang.Integer 
{0x0000000082d4dec0} - klass: 'java/lang/Integer'
 - ---- fields (total size 2 words):
 - private final 'value' 'I' @12  1 (0x00000001)
stack at sp + 2 slots: 0x0000000083e5f2e0 is an oop: com.example.demo.controller.AuthorsController 
{0x0000000083e5f2e0} - klass: 'com/example/demo/controller/AuthorsController'
 - ---- fields (total size 3 words):
 - 'authorService' 'Lcom/example/demo/service/AuthorService;' @12  a 'com/example/demo/service/AuthorService'{0x0000000083e5f2f8} (0x83e5f2f8)
 - 'bookService' 'Lcom/example/demo/service/BookService;' @16  a 'com/example/demo/service/BookService'{0x0000000083c30cc8} (0x83c30cc8)
stack at sp + 3 slots: 0x00000061337fd470 is pointing into the stack for thread: 0x000001f1e7795b10
stack at sp + 4 slots: 0x000001f1e1628276 is pointing into metadata
stack at sp + 5 slots: 0x0000000000000006 is an unknown value
stack at sp + 6 slots: 0x000001f1e16283c8 is pointing into metadata
stack at sp + 7 slots: 0x00000061337fd558 is pointing into the stack for thread: 0x000001f1e7795b10

MethodHandle::interpreter_entry::_linkToVirtual [0x000001f196900f57, 0x000001f196900faa] (83 bytes)
[MachCode]
  0x000001f196900f57: 660f 1f84 | 0000 0000 | 0048 8b53 | 080f b752 | 2e48 8b0c | d458 5b50 | 448b 5108 | 49bb 0000 
  0x000001f196900f77: 009f f101 | 0000 4d03 | d34c 8b5b | 104b 8b9c | dac8 0100 | 0048 85db | 0f84 1000 | 0000 4180 
  0x000001f196900f97: bfe0 0500 | 0000 7403 | ff63 38ff | 6350 e956 | 
[/MachCode]

---------------  P R O C E S S  ---------------

Threads class SMR info:
_java_thread_list=0x000001f1e766c0c0, length=42, elements={
0x000001f19e3cbe70, 0x000001f19e3cf4f0, 0x000001f19e3d0210, 0x000001f19e3d25d0,
0x000001f19e3d3030, 0x000001f19e3d3a90, 0x000001f19e3d6930, 0x000001f19e399050,
0x000001f19e551090, 0x000001f19e555730, 0x000001f19e555f50, 0x000001f1e4221ce0,
0x000001f1e43ff320, 0x000001f1e42c62a0, 0x000001f1e4423e10, 0x000001f1e4811270,
0x000001f1e47c8e00, 0x000001f1e4934f60, 0x000001f1e49f6670, 0x000001f1e77961a0,
0x000001f1e7794760, 0x000001f1e7796ec0, 0x000001f1e7795b10, 0x000001f1e759f6a0,
0x000001f1e75a0a50, 0x000001f1e75a4560, 0x000001f1e75a10e0, 0x000001f1e75a31b0,
0x000001f1e75a1770, 0x000001f1e759fd30, 0x000001f1e75a3840, 0x000001f1e75a3ed0,
0x000001f1e75a4bf0, 0x000001f1e75a5280, 0x000001f1e75a5fa0, 0x000001f1e759f010,
0x000001f1e75a6630, 0x000001f1e75a03c0, 0x000001f1e49f4c30, 0x000001f1e49f6d00,
0x000001f1e49f3880, 0x000001f1e49f3f10
}

Java Threads: ( => current thread )
  0x000001f19e3cbe70 JavaThread "Reference Handler"          daemon [_thread_blocked, id=9656, stack(0x0000006131000000,0x0000006131100000) (1024K)]
  0x000001f19e3cf4f0 JavaThread "Finalizer"                  daemon [_thread_blocked, id=11112, stack(0x0000006131100000,0x0000006131200000) (1024K)]
  0x000001f19e3d0210 JavaThread "Signal Dispatcher"          daemon [_thread_blocked, id=16416, stack(0x0000006131200000,0x0000006131300000) (1024K)]
  0x000001f19e3d25d0 JavaThread "Attach Listener"            daemon [_thread_blocked, id=14600, stack(0x0000006131300000,0x0000006131400000) (1024K)]
  0x000001f19e3d3030 JavaThread "Service Thread"             daemon [_thread_blocked, id=15904, stack(0x0000006131400000,0x0000006131500000) (1024K)]
  0x000001f19e3d3a90 JavaThread "Monitor Deflation Thread"   daemon [_thread_blocked, id=8152, stack(0x0000006131500000,0x0000006131600000) (1024K)]
  0x000001f19e3d6930 JavaThread "C1 CompilerThread0"         daemon [_thread_blocked, id=5188, stack(0x0000006131600000,0x0000006131700000) (1024K)]
  0x000001f19e399050 JavaThread "Common-Cleaner"             daemon [_thread_blocked, id=18412, stack(0x0000006131700000,0x0000006131800000) (1024K)]
  0x000001f19e551090 JavaThread "JDWP Transport Listener: dt_socket" daemon [_thread_blocked, id=13608, stack(0x0000006131900000,0x0000006131a00000) (1024K)]
  0x000001f19e555730 JavaThread "JDWP Event Helper Thread"   daemon [_thread_blocked, id=2064, stack(0x0000006131a00000,0x0000006131b00000) (1024K)]
  0x000001f19e555f50 JavaThread "JDWP Command Reader"        daemon [_thread_in_native, id=13024, stack(0x0000006131b00000,0x0000006131c00000) (1024K)]
  0x000001f1e4221ce0 JavaThread "Notification Thread"        daemon [_thread_blocked, id=11696, stack(0x0000006131c00000,0x0000006131d00000) (1024K)]
  0x000001f1e43ff320 JavaThread "RMI TCP Accept-0"           daemon [_thread_in_native, id=244, stack(0x0000006132100000,0x0000006132200000) (1024K)]
  0x000001f1e42c62a0 JavaThread "RMI TCP Accept-57668"       daemon [_thread_in_native, id=18492, stack(0x0000006132200000,0x0000006132300000) (1024K)]
  0x000001f1e4423e10 JavaThread "RMI TCP Accept-0"           daemon [_thread_in_native, id=17124, stack(0x0000006132300000,0x0000006132400000) (1024K)]
  0x000001f1e4811270 JavaThread "RMI Scheduler(0)"           daemon [_thread_blocked, id=11412, stack(0x0000006132500000,0x0000006132600000) (1024K)]
  0x000001f1e47c8e00 JavaThread "RMI TCP Connection(13)-127.0.0.1" daemon [_thread_in_native, id=14620, stack(0x0000006132600000,0x0000006132700000) (1024K)]
  0x000001f1e4934f60 JavaThread "JMX server connection timeout 33" daemon [_thread_blocked, id=968, stack(0x0000006132700000,0x0000006132800000) (1024K)]
  0x000001f1e49f6670 JavaThread "mysql-cj-abandoned-connection-cleanup" daemon [_thread_blocked, id=18036, stack(0x0000006132d00000,0x0000006132e00000) (1024K)]
  0x000001f1e77961a0 JavaThread "Live Reload Server"         daemon [_thread_in_native, id=8636, stack(0x0000006133200000,0x0000006133300000) (1024K)]
  0x000001f1e7794760 JavaThread "http-nio-8080-exec-2"       daemon [_thread_blocked, id=19048, stack(0x0000006133300000,0x0000006133400000) (1024K)]
  0x000001f1e7796ec0 JavaThread "http-nio-8080-exec-3"       daemon [_thread_blocked, id=13564, stack(0x0000006133400000,0x0000006133500000) (1024K)]
=>0x000001f1e7795b10 JavaThread "http-nio-8080-exec-6"       daemon [_thread_in_Java, id=14564, stack(0x0000006133700000,0x0000006133800000) (1024K)]
  0x000001f1e759f6a0 JavaThread "http-nio-8080-exec-9"       daemon [_thread_blocked, id=11516, stack(0x0000006133a00000,0x0000006133b00000) (1024K)]
  0x000001f1e75a0a50 JavaThread "DestroyJavaVM"                     [_thread_blocked, id=16400, stack(0x0000006130800000,0x0000006130900000) (1024K)]
  0x000001f1e75a4560 JavaThread "Catalina-utility-1"                [_thread_blocked, id=7500, stack(0x0000006130700000,0x0000006130800000) (1024K)]
  0x000001f1e75a10e0 JavaThread "Catalina-utility-2"                [_thread_blocked, id=11132, stack(0x0000006132000000,0x0000006132100000) (1024K)]
  0x000001f1e75a31b0 JavaThread "container-0"                       [_thread_blocked, id=13532, stack(0x0000006132400000,0x0000006132500000) (1024K)]
  0x000001f1e75a1770 JavaThread "HikariPool-2 housekeeper"   daemon [_thread_blocked, id=12724, stack(0x0000006132a00000,0x0000006132b00000) (1024K)]
  0x000001f1e759fd30 JavaThread "File Watcher"               daemon [_thread_blocked, id=2424, stack(0x0000006133000000,0x0000006133100000) (1024K)]
  0x000001f1e75a3840 JavaThread "http-nio-8080-exec-1"       daemon [_thread_blocked, id=2284, stack(0x0000006133100000,0x0000006133200000) (1024K)]
  0x000001f1e75a3ed0 JavaThread "http-nio-8080-exec-2"       daemon [_thread_blocked, id=3196, stack(0x0000006133500000,0x0000006133600000) (1024K)]
  0x000001f1e75a4bf0 JavaThread "http-nio-8080-exec-3"       daemon [_thread_blocked, id=9628, stack(0x0000006133600000,0x0000006133700000) (1024K)]
  0x000001f1e75a5280 JavaThread "http-nio-8080-exec-4"       daemon [_thread_blocked, id=19128, stack(0x0000006133800000,0x0000006133900000) (1024K)]
  0x000001f1e75a5fa0 JavaThread "http-nio-8080-exec-5"       daemon [_thread_blocked, id=18804, stack(0x0000006133900000,0x0000006133a00000) (1024K)]
  0x000001f1e759f010 JavaThread "http-nio-8080-exec-6"       daemon [_thread_blocked, id=11876, stack(0x0000006133b00000,0x0000006133c00000) (1024K)]
  0x000001f1e75a6630 JavaThread "http-nio-8080-exec-7"       daemon [_thread_blocked, id=11988, stack(0x0000006133c00000,0x0000006133d00000) (1024K)]
  0x000001f1e75a03c0 JavaThread "http-nio-8080-exec-8"       daemon [_thread_blocked, id=6480, stack(0x0000006133d00000,0x0000006133e00000) (1024K)]
  0x000001f1e49f4c30 JavaThread "http-nio-8080-exec-9"       daemon [_thread_blocked, id=9036, stack(0x0000006133e00000,0x0000006133f00000) (1024K)]
  0x000001f1e49f6d00 JavaThread "http-nio-8080-exec-10"      daemon [_thread_blocked, id=17812, stack(0x0000006133f00000,0x0000006134000000) (1024K)]
  0x000001f1e49f3880 JavaThread "http-nio-8080-Poller"       daemon [_thread_in_native, id=10980, stack(0x0000006134000000,0x0000006134100000) (1024K)]
  0x000001f1e49f3f10 JavaThread "http-nio-8080-Acceptor"     daemon [_thread_in_native, id=13576, stack(0x0000006134100000,0x0000006134200000) (1024K)]
Total: 42

Other Threads:
  0x000001f19e3aecf0 VMThread "VM Thread"                           [id=14416, stack(0x0000006130f00000,0x0000006131000000) (1024K)]
  0x000001f19e397710 WatcherThread "VM Periodic Task Thread"        [id=7360, stack(0x0000006130e00000,0x0000006130f00000) (1024K)]
  0x000001f18e2754d0 WorkerThread "GC Thread#0"                     [id=8380, stack(0x0000006130900000,0x0000006130a00000) (1024K)]
  0x000001f1e4289240 WorkerThread "GC Thread#1"                     [id=11964, stack(0x0000006131d00000,0x0000006131e00000) (1024K)]
  0x000001f1e42895e0 WorkerThread "GC Thread#2"                     [id=14392, stack(0x0000006131e00000,0x0000006131f00000) (1024K)]
  0x000001f1e42ccac0 WorkerThread "GC Thread#3"                     [id=9008, stack(0x0000006131f00000,0x0000006132000000) (1024K)]
  0x000001f18e286810 ConcurrentGCThread "G1 Main Marker"            [id=3516, stack(0x0000006130a00000,0x0000006130b00000) (1024K)]
  0x000001f18e287a40 WorkerThread "G1 Conc#0"                       [id=7328, stack(0x0000006130b00000,0x0000006130c00000) (1024K)]
  0x000001f18e2ce660 ConcurrentGCThread "G1 Refine#0"               [id=18920, stack(0x0000006130c00000,0x0000006130d00000) (1024K)]
  0x000001f19e26c280 ConcurrentGCThread "G1 Service"                [id=6016, stack(0x0000006130d00000,0x0000006130e00000) (1024K)]
Total: 10

Threads with active compile tasks:
Total: 0

VM state: not at safepoint (normal execution)

VM Mutex/Monitor currently owned by a thread: None

Heap address: 0x0000000082800000, size: 2008 MB, Compressed Oops mode: 32-bit

CDS archive(s) mapped at: [0x000001f19f000000-0x000001f19fc90000-0x000001f19fc90000), size 13172736, SharedBaseAddress: 0x000001f19f000000, ArchiveRelocationMode: 1.
Compressed class space mapped at: 0x000001f1a0000000-0x000001f1e0000000, reserved size: 1073741824
Narrow klass base: 0x000001f19f000000, Narrow klass shift: 0, Narrow klass range: 0x100000000

GC Precious Log:
 CardTable entry size: 512
 Card Set container configuration: InlinePtr #cards 5 size 8 Array Of Cards #cards 12 size 40 Howl #buckets 4 coarsen threshold 1843 Howl Bitmap #cards 512 size 80 coarsen threshold 460 Card regions per heap region 1 cards per card region 2048
 CPUs: 4 total, 4 available
 Memory: 8024M
 Large Page Support: Disabled
 NUMA Support: Disabled
 Compressed Oops: Enabled (32-bit)
 Heap Region Size: 1M
 Heap Min Capacity: 8M
 Heap Initial Capacity: 126M
 Heap Max Capacity: 2008M
 Pre-touch: Disabled
 Parallel Workers: 4
 Concurrent Workers: 1
 Concurrent Refinement Workers: 4
 Periodic GC: Disabled

Heap:
 garbage-first heap   total 122880K, used 101576K [0x0000000082800000, 0x0000000100000000)
  region size 1024K, 56 young (57344K), 7 survivors (7168K)
 Metaspace       used 86758K, committed 88448K, reserved 1179648K
  class space    used 11890K, committed 12608K, reserved 1048576K

Heap Regions: E=young(eden), S=young(survivor), O=old, HS=humongous(starts), HC=humongous(continues), CS=collection set, F=free, TAMS=top-at-mark-start, PB=parsable bottom
|   0|0x0000000082800000, 0x0000000082900000, 0x0000000082900000|100%|HS|  |TAMS 0x0000000082800000| PB 0x0000000082800000| Complete 
|   1|0x0000000082900000, 0x0000000082a00000, 0x0000000082a00000|100%| O|  |TAMS 0x0000000082900000| PB 0x0000000082900000| Untracked 
|   2|0x0000000082a00000, 0x0000000082b00000, 0x0000000082b00000|100%| O|  |TAMS 0x0000000082a00000| PB 0x0000000082a00000| Untracked 
|   3|0x0000000082b00000, 0x0000000082c00000, 0x0000000082c00000|100%| O|  |TAMS 0x0000000082b00000| PB 0x0000000082b00000| Untracked 
|   4|0x0000000082c00000, 0x0000000082d00000, 0x0000000082d00000|100%| O|  |TAMS 0x0000000082c00000| PB 0x0000000082c00000| Untracked 
|   5|0x0000000082d00000, 0x0000000082dfffd0, 0x0000000082e00000| 99%| O|  |TAMS 0x0000000082d00000| PB 0x0000000082d00000| Untracked 
|   6|0x0000000082e00000, 0x0000000082f00000, 0x0000000082f00000|100%| O|  |TAMS 0x0000000082e00000| PB 0x0000000082e00000| Untracked 
|   7|0x0000000082f00000, 0x0000000082ffffe8, 0x0000000083000000| 99%| O|  |TAMS 0x0000000082f00000| PB 0x0000000082f00000| Untracked 
|   8|0x0000000083000000, 0x00000000830fffe8, 0x0000000083100000| 99%| O|  |TAMS 0x0000000083000000| PB 0x0000000083000000| Untracked 
|   9|0x0000000083100000, 0x0000000083200000, 0x0000000083200000|100%| O|  |TAMS 0x0000000083100000| PB 0x0000000083100000| Untracked 
|  10|0x0000000083200000, 0x00000000832fffd8, 0x0000000083300000| 99%| O|  |TAMS 0x0000000083200000| PB 0x0000000083200000| Untracked 
|  11|0x0000000083300000, 0x00000000833fffe0, 0x0000000083400000| 99%| O|  |TAMS 0x0000000083300000| PB 0x0000000083300000| Untracked 
|  12|0x0000000083400000, 0x00000000834fffe8, 0x0000000083500000| 99%| O|  |TAMS 0x0000000083400000| PB 0x0000000083400000| Untracked 
|  13|0x0000000083500000, 0x00000000835fffe0, 0x0000000083600000| 99%| O|  |TAMS 0x0000000083500000| PB 0x0000000083500000| Untracked 
|  14|0x0000000083600000, 0x00000000836ffff8, 0x0000000083700000| 99%| O|  |TAMS 0x0000000083600000| PB 0x0000000083600000| Untracked 
|  15|0x0000000083700000, 0x00000000837ffff0, 0x0000000083800000| 99%| O|  |TAMS 0x0000000083700000| PB 0x0000000083700000| Untracked 
|  16|0x0000000083800000, 0x00000000838ffff0, 0x0000000083900000| 99%| O|  |TAMS 0x0000000083800000| PB 0x0000000083800000| Untracked 
|  17|0x0000000083900000, 0x0000000083a00000, 0x0000000083a00000|100%| O|  |TAMS 0x0000000083900000| PB 0x0000000083900000| Untracked 
|  18|0x0000000083a00000, 0x0000000083affff8, 0x0000000083b00000| 99%| O|  |TAMS 0x0000000083a00000| PB 0x0000000083a00000| Untracked 
|  19|0x0000000083b00000, 0x0000000083bffff8, 0x0000000083c00000| 99%| O|  |TAMS 0x0000000083b00000| PB 0x0000000083b00000| Untracked 
|  20|0x0000000083c00000, 0x0000000083cfffd0, 0x0000000083d00000| 99%| O|  |TAMS 0x0000000083c00000| PB 0x0000000083c00000| Untracked 
|  21|0x0000000083d00000, 0x0000000083dfffe0, 0x0000000083e00000| 99%| O|  |TAMS 0x0000000083d00000| PB 0x0000000083d00000| Untracked 
|  22|0x0000000083e00000, 0x0000000083efffc0, 0x0000000083f00000| 99%| O|  |TAMS 0x0000000083e00000| PB 0x0000000083e00000| Untracked 
|  23|0x0000000083f00000, 0x0000000083ffffe8, 0x0000000084000000| 99%| O|  |TAMS 0x0000000083f00000| PB 0x0000000083f00000| Untracked 
|  24|0x0000000084000000, 0x00000000840fffe8, 0x0000000084100000| 99%| O|  |TAMS 0x0000000084000000| PB 0x0000000084000000| Untracked 
|  25|0x0000000084100000, 0x00000000841ffff0, 0x0000000084200000| 99%| O|  |TAMS 0x0000000084100000| PB 0x0000000084100000| Untracked 
|  26|0x0000000084200000, 0x0000000084300000, 0x0000000084300000|100%| O|  |TAMS 0x0000000084200000| PB 0x0000000084200000| Untracked 
|  27|0x0000000084300000, 0x00000000843fffe8, 0x0000000084400000| 99%| O|  |TAMS 0x0000000084300000| PB 0x0000000084300000| Untracked 
|  28|0x0000000084400000, 0x00000000844ffff8, 0x0000000084500000| 99%| O|  |TAMS 0x0000000084400000| PB 0x0000000084400000| Untracked 
|  29|0x0000000084500000, 0x00000000845fffe0, 0x0000000084600000| 99%| O|  |TAMS 0x0000000084500000| PB 0x0000000084500000| Untracked 
|  30|0x0000000084600000, 0x0000000084600000, 0x0000000084700000|  0%| F|  |TAMS 0x0000000084600000| PB 0x0000000084600000| Untracked 
|  31|0x0000000084700000, 0x00000000847ec988, 0x0000000084800000| 92%| O|  |TAMS 0x0000000084700000| PB 0x0000000084700000| Untracked 
|  32|0x0000000084800000, 0x00000000848fffe0, 0x0000000084900000| 99%| O|  |TAMS 0x0000000084800000| PB 0x0000000084800000| Untracked 
|  33|0x0000000084900000, 0x0000000084900000, 0x0000000084a00000|  0%| F|  |TAMS 0x0000000084900000| PB 0x0000000084900000| Untracked 
|  34|0x0000000084a00000, 0x0000000084b00000, 0x0000000084b00000|100%| O|  |TAMS 0x0000000084a00000| PB 0x0000000084a00000| Untracked 
|  35|0x0000000084b00000, 0x0000000084bbc2c8, 0x0000000084c00000| 73%| O|  |TAMS 0x0000000084b00000| PB 0x0000000084b00000| Untracked 
|  36|0x0000000084c00000, 0x0000000084d00000, 0x0000000084d00000|100%| O|  |TAMS 0x0000000084c00000| PB 0x0000000084c00000| Untracked 
|  37|0x0000000084d00000, 0x0000000084e00000, 0x0000000084e00000|100%| O|  |TAMS 0x0000000084d00000| PB 0x0000000084d00000| Untracked 
|  38|0x0000000084e00000, 0x0000000084f00000, 0x0000000084f00000|100%| O|  |TAMS 0x0000000084e00000| PB 0x0000000084e00000| Untracked 
|  39|0x0000000084f00000, 0x0000000085000000, 0x0000000085000000|100%| O|  |TAMS 0x0000000084f00000| PB 0x0000000084f00000| Untracked 
|  40|0x0000000085000000, 0x0000000085100000, 0x0000000085100000|100%| O|  |TAMS 0x0000000085000000| PB 0x0000000085000000| Untracked 
|  41|0x0000000085100000, 0x0000000085200000, 0x0000000085200000|100%| O|  |TAMS 0x0000000085100000| PB 0x0000000085100000| Untracked 
|  42|0x0000000085200000, 0x0000000085300000, 0x0000000085300000|100%| O|  |TAMS 0x0000000085200000| PB 0x0000000085200000| Untracked 
|  43|0x0000000085300000, 0x0000000085400000, 0x0000000085400000|100%| O|  |TAMS 0x0000000085300000| PB 0x0000000085300000| Untracked 
|  44|0x0000000085400000, 0x0000000085400000, 0x0000000085500000|  0%| F|  |TAMS 0x0000000085400000| PB 0x0000000085400000| Untracked 
|  45|0x0000000085500000, 0x0000000085500000, 0x0000000085600000|  0%| F|  |TAMS 0x0000000085500000| PB 0x0000000085500000| Untracked 
|  46|0x0000000085600000, 0x0000000085600000, 0x0000000085700000|  0%| F|  |TAMS 0x0000000085600000| PB 0x0000000085600000| Untracked 
|  47|0x0000000085700000, 0x0000000085700000, 0x0000000085800000|  0%| F|  |TAMS 0x0000000085700000| PB 0x0000000085700000| Untracked 
|  48|0x0000000085800000, 0x00000000858898c0, 0x0000000085900000| 53%| O|  |TAMS 0x0000000085800000| PB 0x0000000085800000| Untracked 
|  49|0x0000000085900000, 0x0000000085900000, 0x0000000085a00000|  0%| F|  |TAMS 0x0000000085900000| PB 0x0000000085900000| Untracked 
|  50|0x0000000085a00000, 0x0000000085a00000, 0x0000000085b00000|  0%| F|  |TAMS 0x0000000085a00000| PB 0x0000000085a00000| Untracked 
|  51|0x0000000085b00000, 0x0000000085b00000, 0x0000000085c00000|  0%| F|  |TAMS 0x0000000085b00000| PB 0x0000000085b00000| Untracked 
|  52|0x0000000085c00000, 0x0000000085c00000, 0x0000000085d00000|  0%| F|  |TAMS 0x0000000085c00000| PB 0x0000000085c00000| Untracked 
|  53|0x0000000085d00000, 0x0000000085d00000, 0x0000000085e00000|  0%| F|  |TAMS 0x0000000085d00000| PB 0x0000000085d00000| Untracked 
|  54|0x0000000085e00000, 0x0000000085f00000, 0x0000000085f00000|100%| O|  |TAMS 0x0000000085e00000| PB 0x0000000085e00000| Untracked 
|  55|0x0000000085f00000, 0x0000000085f00000, 0x0000000086000000|  0%| F|  |TAMS 0x0000000085f00000| PB 0x0000000085f00000| Untracked 
|  56|0x0000000086000000, 0x0000000086000000, 0x0000000086100000|  0%| F|  |TAMS 0x0000000086000000| PB 0x0000000086000000| Untracked 
|  57|0x0000000086100000, 0x0000000086100000, 0x0000000086200000|  0%| F|  |TAMS 0x0000000086100000| PB 0x0000000086100000| Untracked 
|  58|0x0000000086200000, 0x0000000086200000, 0x0000000086300000|  0%| F|  |TAMS 0x0000000086200000| PB 0x0000000086200000| Untracked 
|  59|0x0000000086300000, 0x0000000086300000, 0x0000000086400000|  0%| F|  |TAMS 0x0000000086300000| PB 0x0000000086300000| Untracked 
|  60|0x0000000086400000, 0x0000000086400000, 0x0000000086500000|  0%| F|  |TAMS 0x0000000086400000| PB 0x0000000086400000| Untracked 
|  61|0x0000000086500000, 0x0000000086500000, 0x0000000086600000|  0%| F|  |TAMS 0x0000000086500000| PB 0x0000000086500000| Untracked 
|  62|0x0000000086600000, 0x0000000086600000, 0x0000000086700000|  0%| F|  |TAMS 0x0000000086600000| PB 0x0000000086600000| Untracked 
|  63|0x0000000086700000, 0x0000000086800000, 0x0000000086800000|100%| S|CS|TAMS 0x0000000086700000| PB 0x0000000086700000| Complete 
|  64|0x0000000086800000, 0x0000000086900000, 0x0000000086900000|100%| S|CS|TAMS 0x0000000086800000| PB 0x0000000086800000| Complete 
|  65|0x0000000086900000, 0x0000000086a00000, 0x0000000086a00000|100%| S|CS|TAMS 0x0000000086900000| PB 0x0000000086900000| Complete 
|  66|0x0000000086a00000, 0x0000000086b00000, 0x0000000086b00000|100%| S|CS|TAMS 0x0000000086a00000| PB 0x0000000086a00000| Complete 
|  67|0x0000000086b00000, 0x0000000086c00000, 0x0000000086c00000|100%| S|CS|TAMS 0x0000000086b00000| PB 0x0000000086b00000| Complete 
|  68|0x0000000086c00000, 0x0000000086d00000, 0x0000000086d00000|100%| S|CS|TAMS 0x0000000086c00000| PB 0x0000000086c00000| Complete 
|  69|0x0000000086d00000, 0x0000000086e00000, 0x0000000086e00000|100%| S|CS|TAMS 0x0000000086d00000| PB 0x0000000086d00000| Complete 
|  70|0x0000000086e00000, 0x0000000086f00000, 0x0000000086f00000|100%| E|  |TAMS 0x0000000086e00000| PB 0x0000000086e00000| Complete 
|  71|0x0000000086f00000, 0x0000000087000000, 0x0000000087000000|100%| E|CS|TAMS 0x0000000086f00000| PB 0x0000000086f00000| Complete 
|  72|0x0000000087000000, 0x0000000087100000, 0x0000000087100000|100%| E|CS|TAMS 0x0000000087000000| PB 0x0000000087000000| Complete 
|  73|0x0000000087100000, 0x0000000087200000, 0x0000000087200000|100%| E|CS|TAMS 0x0000000087100000| PB 0x0000000087100000| Complete 
|  74|0x0000000087200000, 0x0000000087300000, 0x0000000087300000|100%| E|CS|TAMS 0x0000000087200000| PB 0x0000000087200000| Complete 
|  75|0x0000000087300000, 0x0000000087400000, 0x0000000087400000|100%| E|CS|TAMS 0x0000000087300000| PB 0x0000000087300000| Complete 
|  76|0x0000000087400000, 0x0000000087500000, 0x0000000087500000|100%| E|CS|TAMS 0x0000000087400000| PB 0x0000000087400000| Complete 
|  77|0x0000000087500000, 0x0000000087600000, 0x0000000087600000|100%| E|CS|TAMS 0x0000000087500000| PB 0x0000000087500000| Complete 
|  78|0x0000000087600000, 0x0000000087700000, 0x0000000087700000|100%| E|CS|TAMS 0x0000000087600000| PB 0x0000000087600000| Complete 
|  79|0x0000000087700000, 0x0000000087800000, 0x0000000087800000|100%| E|CS|TAMS 0x0000000087700000| PB 0x0000000087700000| Complete 
|  80|0x0000000087800000, 0x0000000087900000, 0x0000000087900000|100%| E|CS|TAMS 0x0000000087800000| PB 0x0000000087800000| Complete 
|  81|0x0000000087900000, 0x0000000087a00000, 0x0000000087a00000|100%| E|CS|TAMS 0x0000000087900000| PB 0x0000000087900000| Complete 
|  82|0x0000000087a00000, 0x0000000087b00000, 0x0000000087b00000|100%| E|CS|TAMS 0x0000000087a00000| PB 0x0000000087a00000| Complete 
|  83|0x0000000087b00000, 0x0000000087c00000, 0x0000000087c00000|100%| E|CS|TAMS 0x0000000087b00000| PB 0x0000000087b00000| Complete 
|  84|0x0000000087c00000, 0x0000000087d00000, 0x0000000087d00000|100%| E|CS|TAMS 0x0000000087c00000| PB 0x0000000087c00000| Complete 
|  85|0x0000000087d00000, 0x0000000087e00000, 0x0000000087e00000|100%| O|  |TAMS 0x0000000087d00000| PB 0x0000000087d00000| Untracked 
|  86|0x0000000087e00000, 0x0000000087f00000, 0x0000000087f00000|100%| E|CS|TAMS 0x0000000087e00000| PB 0x0000000087e00000| Complete 
|  87|0x0000000087f00000, 0x0000000088000000, 0x0000000088000000|100%| E|CS|TAMS 0x0000000087f00000| PB 0x0000000087f00000| Complete 
|  88|0x0000000088000000, 0x0000000088100000, 0x0000000088100000|100%| E|CS|TAMS 0x0000000088000000| PB 0x0000000088000000| Complete 
|  89|0x0000000088100000, 0x0000000088200000, 0x0000000088200000|100%| E|CS|TAMS 0x0000000088100000| PB 0x0000000088100000| Complete 
|  90|0x0000000088200000, 0x0000000088300000, 0x0000000088300000|100%| E|CS|TAMS 0x0000000088200000| PB 0x0000000088200000| Complete 
|  91|0x0000000088300000, 0x0000000088400000, 0x0000000088400000|100%| E|CS|TAMS 0x0000000088300000| PB 0x0000000088300000| Complete 
|  92|0x0000000088400000, 0x0000000088500000, 0x0000000088500000|100%| E|CS|TAMS 0x0000000088400000| PB 0x0000000088400000| Complete 
|  93|0x0000000088500000, 0x0000000088600000, 0x0000000088600000|100%| E|CS|TAMS 0x0000000088500000| PB 0x0000000088500000| Complete 
|  94|0x0000000088600000, 0x0000000088700000, 0x0000000088700000|100%| E|CS|TAMS 0x0000000088600000| PB 0x0000000088600000| Complete 
|  95|0x0000000088700000, 0x0000000088800000, 0x0000000088800000|100%| E|CS|TAMS 0x0000000088700000| PB 0x0000000088700000| Complete 
|  96|0x0000000088800000, 0x0000000088900000, 0x0000000088900000|100%| E|CS|TAMS 0x0000000088800000| PB 0x0000000088800000| Complete 
|  97|0x0000000088900000, 0x0000000088a00000, 0x0000000088a00000|100%| E|CS|TAMS 0x0000000088900000| PB 0x0000000088900000| Complete 
|  98|0x0000000088a00000, 0x0000000088b00000, 0x0000000088b00000|100%| E|CS|TAMS 0x0000000088a00000| PB 0x0000000088a00000| Complete 
|  99|0x0000000088b00000, 0x0000000088c00000, 0x0000000088c00000|100%| E|CS|TAMS 0x0000000088b00000| PB 0x0000000088b00000| Complete 
| 100|0x0000000088c00000, 0x0000000088d00000, 0x0000000088d00000|100%| E|CS|TAMS 0x0000000088c00000| PB 0x0000000088c00000| Complete 
| 101|0x0000000088d00000, 0x0000000088e00000, 0x0000000088e00000|100%| E|CS|TAMS 0x0000000088d00000| PB 0x0000000088d00000| Complete 
| 102|0x0000000088e00000, 0x0000000088f00000, 0x0000000088f00000|100%| E|CS|TAMS 0x0000000088e00000| PB 0x0000000088e00000| Complete 
| 103|0x0000000088f00000, 0x0000000089000000, 0x0000000089000000|100%| E|CS|TAMS 0x0000000088f00000| PB 0x0000000088f00000| Complete 
| 104|0x0000000089000000, 0x0000000089100000, 0x0000000089100000|100%| E|CS|TAMS 0x0000000089000000| PB 0x0000000089000000| Complete 
| 105|0x0000000089100000, 0x0000000089200000, 0x0000000089200000|100%| E|CS|TAMS 0x0000000089100000| PB 0x0000000089100000| Complete 
| 106|0x0000000089200000, 0x0000000089300000, 0x0000000089300000|100%| E|CS|TAMS 0x0000000089200000| PB 0x0000000089200000| Complete 
| 107|0x0000000089300000, 0x0000000089400000, 0x0000000089400000|100%| E|CS|TAMS 0x0000000089300000| PB 0x0000000089300000| Complete 
| 108|0x0000000089400000, 0x0000000089500000, 0x0000000089500000|100%| E|CS|TAMS 0x0000000089400000| PB 0x0000000089400000| Complete 
| 109|0x0000000089500000, 0x0000000089600000, 0x0000000089600000|100%| E|CS|TAMS 0x0000000089500000| PB 0x0000000089500000| Complete 
| 110|0x0000000089600000, 0x0000000089700000, 0x0000000089700000|100%| E|CS|TAMS 0x0000000089600000| PB 0x0000000089600000| Complete 
| 111|0x0000000089700000, 0x0000000089800000, 0x0000000089800000|100%| E|CS|TAMS 0x0000000089700000| PB 0x0000000089700000| Complete 
| 112|0x0000000089800000, 0x0000000089900000, 0x0000000089900000|100%| E|CS|TAMS 0x0000000089800000| PB 0x0000000089800000| Complete 
| 113|0x0000000089900000, 0x0000000089a00000, 0x0000000089a00000|100%| E|CS|TAMS 0x0000000089900000| PB 0x0000000089900000| Complete 
| 114|0x0000000089a00000, 0x0000000089b00000, 0x0000000089b00000|100%| E|CS|TAMS 0x0000000089a00000| PB 0x0000000089a00000| Complete 
| 115|0x0000000089b00000, 0x0000000089c00000, 0x0000000089c00000|100%| E|CS|TAMS 0x0000000089b00000| PB 0x0000000089b00000| Complete 
| 116|0x0000000089c00000, 0x0000000089d00000, 0x0000000089d00000|100%| E|CS|TAMS 0x0000000089c00000| PB 0x0000000089c00000| Complete 
| 117|0x0000000089d00000, 0x0000000089e00000, 0x0000000089e00000|100%| E|CS|TAMS 0x0000000089d00000| PB 0x0000000089d00000| Complete 
| 118|0x0000000089e00000, 0x0000000089f00000, 0x0000000089f00000|100%| E|CS|TAMS 0x0000000089e00000| PB 0x0000000089e00000| Complete 
| 119|0x0000000089f00000, 0x000000008a000000, 0x000000008a000000|100%| E|CS|TAMS 0x0000000089f00000| PB 0x0000000089f00000| Complete 

Card table byte_map: [0x000001f199cc0000,0x000001f19a0b0000] _byte_map_base: 0x000001f1998ac000

Marking Bits: (CMBitMap*) 0x000001f18e275ae0
 Bits: [0x000001f19a0b0000, 0x000001f19c010000)

Polling page: 0x000001f18d9d0000

Metaspace:

Usage:
  Non-class:     73.11 MB used.
      Class:     11.61 MB used.
       Both:     84.72 MB used.

Virtual space:
  Non-class space:      128.00 MB reserved,      74.06 MB ( 58%) committed,  2 nodes.
      Class space:        1.00 GB reserved,      12.31 MB (  1%) committed,  1 nodes.
             Both:        1.12 GB reserved,      86.38 MB (  7%) committed. 

Chunk freelists:
   Non-Class:  5.67 MB
       Class:  3.86 MB
        Both:  9.53 MB

MaxMetaspaceSize: unlimited
CompressedClassSpaceSize: 1.00 GB
Initial GC threshold: 21.00 MB
Current GC threshold: 143.88 MB
CDS: on
 - commit_granule_bytes: 65536.
 - commit_granule_words: 8192.
 - virtual_space_node_default_size: 8388608.
 - enlarge_chunks_in_place: 1.
 - use_allocation_guard: 0.


Internal statistics:

num_allocs_failed_limit: 12.
num_arena_births: 2224.
num_arena_deaths: 1020.
num_vsnodes_births: 3.
num_vsnodes_deaths: 0.
num_space_committed: 1382.
num_space_uncommitted: 0.
num_chunks_returned_to_freelist: 1196.
num_chunks_taken_from_freelist: 5527.
num_chunk_merges: 377.
num_chunk_splits: 3736.
num_chunks_enlarged: 2706.
num_inconsistent_stats: 0.

CodeCache: size=49152Kb used=18183Kb max_used=19673Kb free=30969Kb
 bounds [0x000001f1968d0000, 0x000001f197c20000, 0x000001f1998d0000]
 total_blobs=9377 nmethods=8341 adapters=959
 compilation: enabled
              stopped_count=0, restarted_count=0
 full_count=0

Compilation events (20 events):
Event: 482.755 Thread 0x000001f19e3d6930 9904       1       sun.nio.ch.NioSocketImpl::ensureOpen (35 bytes)
Event: 482.756 Thread 0x000001f19e3d6930 nmethod 9904 0x000001f19759a090 code [0x000001f19759a260, 0x000001f19759a4c0]
Event: 482.756 Thread 0x000001f19e3d6930 9905       1       sun.net.ext.ExtendedSocketOptions::options (5 bytes)
Event: 482.756 Thread 0x000001f19e3d6930 nmethod 9905 0x000001f196ea9090 code [0x000001f196ea9220, 0x000001f196ea92e8]
Event: 482.756 Thread 0x000001f19e3d6930 9906       1       sun.nio.ch.OptionKey::level (5 bytes)
Event: 482.757 Thread 0x000001f19e3d6930 nmethod 9906 0x000001f196eabb10 code [0x000001f196eabca0, 0x000001f196eabd68]
Event: 482.757 Thread 0x000001f19e3d6930 9907       1       sun.nio.ch.OptionKey::name (5 bytes)
Event: 482.757 Thread 0x000001f19e3d6930 nmethod 9907 0x000001f196ecb610 code [0x000001f196ecb7a0, 0x000001f196ecb868]
Event: 542.763 Thread 0x000001f19e3d6930 9908       1       java.net.Socket::isConnected (12 bytes)
Event: 542.763 Thread 0x000001f19e3d6930 nmethod 9908 0x000001f196eff690 code [0x000001f196eff820, 0x000001f196eff8e0]
Event: 542.765 Thread 0x000001f19e3d6930 9910       1       java.io.BufferedInputStream::fill (204 bytes)
Event: 542.766 Thread 0x000001f19e3d6930 nmethod 9910 0x000001f1971e9790 code [0x000001f1971e99c0, 0x000001f1971ea020]
Event: 602.675 Thread 0x000001f19e3d6930 9911       1       java.io.ObjectInputStream::readLong (8 bytes)
Event: 602.675 Thread 0x000001f19e3d6930 nmethod 9911 0x000001f197056690 code [0x000001f197056840, 0x000001f197056940]
Event: 602.675 Thread 0x000001f19e3d6930 9912       1       java.io.ObjectInputStream$BlockDataInputStream::readLong (76 bytes)
Event: 602.678 Thread 0x000001f19e3d6930 nmethod 9912 0x000001f1970f6710 code [0x000001f1970f6900, 0x000001f1970f6c10]
Event: 602.678 Thread 0x000001f19e3d6930 9913       1       java.io.ObjectInputStream$FilterValues::depth (5 bytes)
Event: 602.678 Thread 0x000001f19e3d6930 nmethod 9913 0x000001f196f12010 code [0x000001f196f121a0, 0x000001f196f12268]
Event: 602.766 Thread 0x000001f19e3d6930 9914       1       java.io.ObjectInputStream$BlockDataInputStream::readShort (73 bytes)
Event: 602.767 Thread 0x000001f19e3d6930 nmethod 9914 0x000001f197382b10 code [0x000001f197382ce0, 0x000001f197383000]

GC Heap History (20 events):
Event: 22.520 GC heap before
{Heap before GC invocations=27 (full 0):
 garbage-first heap   total 89088K, used 77840K [0x0000000082800000, 0x0000000100000000)
  region size 1024K, 46 young (47104K), 5 survivors (5120K)
 Metaspace       used 73190K, committed 73984K, reserved 1114112K
  class space    used 10057K, committed 10432K, reserved 1048576K
}
Event: 22.549 GC heap after
{Heap after GC invocations=28 (full 0):
 garbage-first heap   total 95232K, used 46835K [0x0000000082800000, 0x0000000100000000)
  region size 1024K, 6 young (6144K), 6 survivors (6144K)
 Metaspace       used 73190K, committed 73984K, reserved 1114112K
  class space    used 10057K, committed 10432K, reserved 1048576K
}
Event: 23.030 GC heap before
{Heap before GC invocations=28 (full 0):
 garbage-first heap   total 95232K, used 80627K [0x0000000082800000, 0x0000000100000000)
  region size 1024K, 39 young (39936K), 6 survivors (6144K)
 Metaspace       used 73211K, committed 73984K, reserved 1114112K
  class space    used 10063K, committed 10432K, reserved 1048576K
}
Event: 23.048 GC heap after
{Heap after GC invocations=29 (full 0):
 garbage-first heap   total 95232K, used 52192K [0x0000000082800000, 0x0000000100000000)
  region size 1024K, 5 young (5120K), 5 survivors (5120K)
 Metaspace       used 73211K, committed 73984K, reserved 1114112K
  class space    used 10063K, committed 10432K, reserved 1048576K
}
Event: 23.331 GC heap before
{Heap before GC invocations=29 (full 0):
 garbage-first heap   total 95232K, used 79840K [0x0000000082800000, 0x0000000100000000)
  region size 1024K, 33 young (33792K), 5 survivors (5120K)
 Metaspace       used 73239K, committed 73984K, reserved 1114112K
  class space    used 10071K, committed 10432K, reserved 1048576K
}
Event: 23.352 GC heap after
{Heap after GC invocations=30 (full 0):
 garbage-first heap   total 157696K, used 59904K [0x0000000082800000, 0x0000000100000000)
  region size 1024K, 5 young (5120K), 5 survivors (5120K)
 Metaspace       used 73239K, committed 73984K, reserved 1114112K
  class space    used 10071K, committed 10432K, reserved 1048576K
}
Event: 159.748 GC heap before
{Heap before GC invocations=31 (full 0):
 garbage-first heap   total 157696K, used 119296K [0x0000000082800000, 0x0000000100000000)
  region size 1024K, 70 young (71680K), 5 survivors (5120K)
 Metaspace       used 78010K, committed 78912K, reserved 1179648K
  class space    used 10801K, committed 11200K, reserved 1048576K
}
Event: 159.774 GC heap after
{Heap after GC invocations=32 (full 0):
 garbage-first heap   total 157696K, used 58441K [0x0000000082800000, 0x0000000100000000)
  region size 1024K, 4 young (4096K), 4 survivors (4096K)
 Metaspace       used 78010K, committed 78912K, reserved 1179648K
  class space    used 10801K, committed 11200K, reserved 1048576K
}
Event: 184.973 GC heap before
{Heap before GC invocations=32 (full 0):
 garbage-first heap   total 157696K, used 138313K [0x0000000082800000, 0x0000000100000000)
  region size 1024K, 73 young (74752K), 4 survivors (4096K)
 Metaspace       used 83016K, committed 84096K, reserved 1179648K
  class space    used 11423K, committed 11904K, reserved 1048576K
}
Event: 184.998 GC heap after
{Heap after GC invocations=33 (full 0):
 garbage-first heap   total 157696K, used 63944K [0x0000000082800000, 0x0000000100000000)
  region size 1024K, 10 young (10240K), 10 survivors (10240K)
 Metaspace       used 83016K, committed 84096K, reserved 1179648K
  class space    used 11423K, committed 11904K, reserved 1048576K
}
Event: 268.264 GC heap before
{Heap before GC invocations=33 (full 0):
 garbage-first heap   total 157696K, used 130504K [0x0000000082800000, 0x0000000100000000)
  region size 1024K, 76 young (77824K), 10 survivors (10240K)
 Metaspace       used 87023K, committed 88320K, reserved 1179648K
  class space    used 12018K, committed 12608K, reserved 1048576K
}
Event: 268.295 GC heap after
{Heap after GC invocations=34 (full 0):
 garbage-first heap   total 157696K, used 67584K [0x0000000082800000, 0x0000000100000000)
  region size 1024K, 5 young (5120K), 5 survivors (5120K)
 Metaspace       used 87023K, committed 88320K, reserved 1179648K
  class space    used 12018K, committed 12608K, reserved 1048576K
}
Event: 295.040 GC heap before
{Heap before GC invocations=34 (full 0):
 garbage-first heap   total 157696K, used 70656K [0x0000000082800000, 0x0000000100000000)
  region size 1024K, 9 young (9216K), 5 survivors (5120K)
 Metaspace       used 87116K, committed 88384K, reserved 1179648K
  class space    used 12041K, committed 12608K, reserved 1048576K
}
Event: 295.188 GC heap after
{Heap after GC invocations=35 (full 1):
 garbage-first heap   total 122880K, used 35848K [0x0000000082800000, 0x0000000100000000)
  region size 1024K, 0 young (0K), 0 survivors (0K)
 Metaspace       used 86716K, committed 88384K, reserved 1179648K
  class space    used 11940K, committed 12608K, reserved 1048576K
}
Event: 302.168 GC heap before
{Heap before GC invocations=35 (full 1):
 garbage-first heap   total 122880K, used 100360K [0x0000000082800000, 0x0000000100000000)
  region size 1024K, 63 young (64512K), 0 survivors (0K)
 Metaspace       used 87054K, committed 88448K, reserved 1179648K
  class space    used 11993K, committed 12608K, reserved 1048576K
}
Event: 302.184 GC heap after
{Heap after GC invocations=36 (full 1):
 garbage-first heap   total 122880K, used 42963K [0x0000000082800000, 0x0000000100000000)
  region size 1024K, 7 young (7168K), 7 survivors (7168K)
 Metaspace       used 87054K, committed 88448K, reserved 1179648K
  class space    used 11993K, committed 12608K, reserved 1048576K
}
Event: 303.182 GC heap before
{Heap before GC invocations=37 (full 1):
 garbage-first heap   total 122880K, used 102355K [0x0000000082800000, 0x0000000100000000)
  region size 1024K, 65 young (66560K), 7 survivors (7168K)
 Metaspace       used 86644K, committed 88448K, reserved 1179648K
  class space    used 11868K, committed 12608K, reserved 1048576K
}
Event: 303.208 GC heap after
{Heap after GC invocations=38 (full 1):
 garbage-first heap   total 122880K, used 52180K [0x0000000082800000, 0x0000000100000000)
  region size 1024K, 9 young (9216K), 9 survivors (9216K)
 Metaspace       used 86644K, committed 88448K, reserved 1179648K
  class space    used 11868K, committed 12608K, reserved 1048576K
}
Event: 303.520 GC heap before
{Heap before GC invocations=38 (full 1):
 garbage-first heap   total 122880K, used 102356K [0x0000000082800000, 0x0000000100000000)
  region size 1024K, 58 young (59392K), 9 survivors (9216K)
 Metaspace       used 86644K, committed 88448K, reserved 1179648K
  class space    used 11868K, committed 12608K, reserved 1048576K
}
Event: 303.532 GC heap after
{Heap after GC invocations=39 (full 1):
 garbage-first heap   total 122880K, used 52424K [0x0000000082800000, 0x0000000100000000)
  region size 1024K, 7 young (7168K), 7 survivors (7168K)
 Metaspace       used 86644K, committed 88448K, reserved 1179648K
  class space    used 11868K, committed 12608K, reserved 1048576K
}

Dll operation events (12 events):
Event: 0.022 Loaded shared library C:\pleiades\2023-12\java\21\bin\java.dll
Event: 0.657 Loaded shared library C:\pleiades\2023-12\java\21\bin\zip.dll
Event: 0.674 Loaded shared library C:\pleiades\2023-12\java\21\bin\instrument.dll
Event: 0.689 Loaded shared library C:\pleiades\2023-12\java\21\bin\net.dll
Event: 0.692 Loaded shared library C:\pleiades\2023-12\java\21\bin\nio.dll
Event: 0.699 Loaded shared library C:\pleiades\2023-12\java\21\bin\zip.dll
Event: 1.121 Loaded shared library C:\pleiades\2023-12\java\21\bin\jimage.dll
Event: 1.256 Loaded shared library C:\pleiades\2023-12\java\21\bin\management.dll
Event: 1.287 Loaded shared library C:\pleiades\2023-12\java\21\bin\management_ext.dll
Event: 1.799 Loaded shared library C:\pleiades\2023-12\java\21\bin\verify.dll
Event: 2.043 Loaded shared library C:\pleiades\2023-12\java\21\bin\extnet.dll
Event: 6.216 Loaded shared library C:\pleiades\2023-12\java\21\bin\sunmscapi.dll

Deoptimization events (20 events):
Event: 303.979 Thread 0x000001f1e75a2b20 DEOPT PACKING pc=0x000001f196fd1ab4 sp=0x00000061318fdf30
Event: 303.979 Thread 0x000001f1e75a2b20 DEOPT UNPACKING pc=0x000001f196924e42 sp=0x00000061318fd490 mode 1
Event: 303.979 Thread 0x000001f1e75a2b20 DEOPT PACKING pc=0x000001f196af4fec sp=0x00000061318fe050
Event: 303.979 Thread 0x000001f1e75a2b20 DEOPT UNPACKING pc=0x000001f196924e42 sp=0x00000061318fd520 mode 1
Event: 303.979 Thread 0x000001f1e75a2b20 DEOPT PACKING pc=0x000001f196fd1ab4 sp=0x00000061318fdf20
Event: 303.979 Thread 0x000001f1e75a2b20 DEOPT UNPACKING pc=0x000001f196924e42 sp=0x00000061318fd498 mode 1
Event: 303.980 Thread 0x000001f1e75a2b20 DEOPT PACKING pc=0x000001f196fd1ab4 sp=0x00000061318fe450
Event: 303.980 Thread 0x000001f1e75a2b20 DEOPT UNPACKING pc=0x000001f196924e42 sp=0x00000061318fd9b0 mode 1
Event: 303.980 Thread 0x000001f1e75a2b20 DEOPT PACKING pc=0x000001f1972f541c sp=0x00000061318fe570
Event: 303.980 Thread 0x000001f1e75a2b20 DEOPT UNPACKING pc=0x000001f196924e42 sp=0x00000061318fda30 mode 1
Event: 304.014 Thread 0x000001f1e75a2b20 DEOPT PACKING pc=0x000001f19749a8fc sp=0x00000061318fe2c0
Event: 304.015 Thread 0x000001f1e75a2b20 DEOPT UNPACKING pc=0x000001f196924e42 sp=0x00000061318fd8a0 mode 1
Event: 304.036 Thread 0x000001f1e75a2b20 DEOPT PACKING pc=0x000001f1974b066c sp=0x00000061318fe6f0
Event: 304.037 Thread 0x000001f1e75a2b20 DEOPT UNPACKING pc=0x000001f196924e42 sp=0x00000061318fdc58 mode 1
Event: 304.037 Thread 0x000001f1e75a2b20 DEOPT PACKING pc=0x000001f1974b066c sp=0x00000061318fe680
Event: 304.037 Thread 0x000001f1e75a2b20 DEOPT UNPACKING pc=0x000001f196924e42 sp=0x00000061318fdbe8 mode 1
Event: 304.037 Thread 0x000001f1e75a2b20 DEOPT PACKING pc=0x000001f1974b066c sp=0x00000061318fe610
Event: 304.037 Thread 0x000001f1e75a2b20 DEOPT UNPACKING pc=0x000001f196924e42 sp=0x00000061318fdb78 mode 1
Event: 610.319 Thread 0x000001f1e7795b10 DEOPT PACKING pc=0x000001f19794dcc4 sp=0x00000061337fd470
Event: 610.319 Thread 0x000001f1e7795b10 DEOPT UNPACKING pc=0x000001f196924e42 sp=0x00000061337fc918 mode 0

Classes loaded (20 events):
Event: 292.601 Loading class sun/security/ssl/Alert
Event: 292.607 Loading class sun/security/ssl/Alert done
Event: 292.608 Loading class sun/security/ssl/Alert$AlertConsumer
Event: 292.609 Loading class sun/security/ssl/Alert$AlertConsumer done
Event: 292.609 Loading class sun/security/ssl/Alert$Level
Event: 292.609 Loading class sun/security/ssl/Alert$Level done
Event: 295.189 Loading class java/lang/ref/Finalizer$2
Event: 295.202 Loading class java/lang/ref/Finalizer$2 done
Event: 295.202 Loading class java/lang/ref/Finalizer$1
Event: 295.205 Loading class java/lang/ref/Finalizer$1 done
Event: 295.347 Loading class java/lang/ObjectBeanInfo
Event: 295.347 Loading class java/lang/ObjectBeanInfo done
Event: 295.347 Loading class java/lang/ObjectBeanInfo
Event: 295.347 Loading class java/lang/ObjectBeanInfo done
Event: 295.348 Loading class java/lang/ObjectCustomizer
Event: 295.348 Loading class java/lang/ObjectCustomizer done
Event: 295.348 Loading class java/lang/ObjectCustomizer
Event: 295.348 Loading class java/lang/ObjectCustomizer done
Event: 302.617 Loading class java/time/DurationEditor
Event: 302.617 Loading class java/time/DurationEditor done

Classes unloaded (20 events):
Event: 302.382 Thread 0x000001f19e3aecf0 Unloading class 0x000001f1a0a0c800 'java/lang/invoke/LambdaForm$MH+0x000001f1a0a0c800'
Event: 302.382 Thread 0x000001f19e3aecf0 Unloading class 0x000001f1a09dc000 'java/lang/invoke/LambdaForm$MH+0x000001f1a09dc000'
Event: 302.382 Thread 0x000001f19e3aecf0 Unloading class 0x000001f1a09d0800 'java/lang/invoke/LambdaForm$MH+0x000001f1a09d0800'
Event: 302.382 Thread 0x000001f19e3aecf0 Unloading class 0x000001f1a06c4400 'java/lang/invoke/LambdaForm$MH+0x000001f1a06c4400'
Event: 302.382 Thread 0x000001f19e3aecf0 Unloading class 0x000001f1a06c4000 'java/lang/invoke/LambdaForm$MH+0x000001f1a06c4000'
Event: 302.382 Thread 0x000001f19e3aecf0 Unloading class 0x000001f1a0440c00 'java/lang/invoke/LambdaForm$MH+0x000001f1a0440c00'
Event: 302.382 Thread 0x000001f19e3aecf0 Unloading class 0x000001f1a043b800 'java/lang/invoke/LambdaForm$MH+0x000001f1a043b800'
Event: 302.382 Thread 0x000001f19e3aecf0 Unloading class 0x000001f1a043b400 'java/lang/invoke/LambdaForm$MH+0x000001f1a043b400'
Event: 302.382 Thread 0x000001f19e3aecf0 Unloading class 0x000001f1a0261800 'java/lang/invoke/LambdaForm$MH+0x000001f1a0261800'
Event: 302.382 Thread 0x000001f19e3aecf0 Unloading class 0x000001f1a01c6400 'java/lang/invoke/LambdaForm$MH+0x000001f1a01c6400'
Event: 302.382 Thread 0x000001f19e3aecf0 Unloading class 0x000001f1a01c5c00 'java/lang/invoke/LambdaForm$MH+0x000001f1a01c5c00'
Event: 302.382 Thread 0x000001f19e3aecf0 Unloading class 0x000001f1a01c5400 'java/lang/invoke/LambdaForm$MH+0x000001f1a01c5400'
Event: 302.382 Thread 0x000001f19e3aecf0 Unloading class 0x000001f1a01c5000 'java/lang/invoke/LambdaForm$MH+0x000001f1a01c5000'
Event: 302.382 Thread 0x000001f19e3aecf0 Unloading class 0x000001f1a01c4800 'java/lang/invoke/LambdaForm$MH+0x000001f1a01c4800'
Event: 302.382 Thread 0x000001f19e3aecf0 Unloading class 0x000001f1a0123800 'jdk/internal/reflect/GeneratedSerializationConstructorAccessor9'
Event: 302.382 Thread 0x000001f19e3aecf0 Unloading class 0x000001f1a00cbc00 'java/lang/invoke/LambdaForm$MH+0x000001f1a00cbc00'
Event: 302.382 Thread 0x000001f19e3aecf0 Unloading class 0x000001f1a00c0800 'java/lang/invoke/LambdaForm$MH+0x000001f1a00c0800'
Event: 302.382 Thread 0x000001f19e3aecf0 Unloading class 0x000001f1a000b800 'java/lang/invoke/LambdaForm$MH+0x000001f1a000b800'
Event: 302.382 Thread 0x000001f19e3aecf0 Unloading class 0x000001f1a000a800 'java/lang/invoke/LambdaForm$MH+0x000001f1a000a800'
Event: 302.382 Thread 0x000001f19e3aecf0 Unloading class 0x000001f1a000a400 'java/lang/invoke/LambdaForm$MH+0x000001f1a000a400'

Classes redefined (3 events):
Event: 286.946 Thread 0x000001f19e3aecf0 redefined class name=com.example.demo.controller.AuthorsController, count=1
Event: 610.404 Thread 0x000001f19e3aecf0 redefined class name=com.example.demo.controller.AuthorsController, count=1
Event: 610.404 Thread 0x000001f19e3aecf0 redefined class name=com.example.demo.controller.AuthorsController, count=2

Internal exceptions (20 events):
Event: 303.407 Thread 0x000001f1e75a4bf0 Exception <a 'sun/nio/fs/WindowsException'{0x0000000088a14440}> (0x0000000088a14440) 
thrown [s\src\hotspot\share\prims\jni.cpp, line 520]
Event: 303.408 Thread 0x000001f1e75a4bf0 Exception <a 'sun/nio/fs/WindowsException'{0x0000000088a146e0}> (0x0000000088a146e0) 
thrown [s\src\hotspot\share\prims\jni.cpp, line 520]
Event: 303.408 Thread 0x000001f1e75a4bf0 Exception <a 'sun/nio/fs/WindowsException'{0x0000000088a15008}> (0x0000000088a15008) 
thrown [s\src\hotspot\share\prims\jni.cpp, line 520]
Event: 303.409 Thread 0x000001f1e75a4bf0 Exception <a 'sun/nio/fs/WindowsException'{0x0000000088a152d8}> (0x0000000088a152d8) 
thrown [s\src\hotspot\share\prims\jni.cpp, line 520]
Event: 303.409 Thread 0x000001f1e75a4bf0 Exception <a 'sun/nio/fs/WindowsException'{0x0000000088a15bd8}> (0x0000000088a15bd8) 
thrown [s\src\hotspot\share\prims\jni.cpp, line 520]
Event: 303.409 Thread 0x000001f1e75a4bf0 Exception <a 'sun/nio/fs/WindowsException'{0x0000000088a15e78}> (0x0000000088a15e78) 
thrown [s\src\hotspot\share\prims\jni.cpp, line 520]
Event: 303.410 Thread 0x000001f1e75a4bf0 Exception <a 'sun/nio/fs/WindowsException'{0x0000000088a16750}> (0x0000000088a16750) 
thrown [s\src\hotspot\share\prims\jni.cpp, line 520]
Event: 303.410 Thread 0x000001f1e75a4bf0 Exception <a 'sun/nio/fs/WindowsException'{0x0000000088a169c0}> (0x0000000088a169c0) 
thrown [s\src\hotspot\share\prims\jni.cpp, line 520]
Event: 303.411 Thread 0x000001f1e75a4bf0 Exception <a 'sun/nio/fs/WindowsException'{0x0000000088a172a8}> (0x0000000088a172a8) 
thrown [s\src\hotspot\share\prims\jni.cpp, line 520]
Event: 303.411 Thread 0x000001f1e75a4bf0 Exception <a 'sun/nio/fs/WindowsException'{0x0000000088a17538}> (0x0000000088a17538) 
thrown [s\src\hotspot\share\prims\jni.cpp, line 520]
Event: 303.412 Thread 0x000001f1e75a4bf0 Exception <a 'sun/nio/fs/WindowsException'{0x0000000088a17e10}> (0x0000000088a17e10) 
thrown [s\src\hotspot\share\prims\jni.cpp, line 520]
Event: 303.412 Thread 0x000001f1e75a4bf0 Exception <a 'sun/nio/fs/WindowsException'{0x0000000088a18080}> (0x0000000088a18080) 
thrown [s\src\hotspot\share\prims\jni.cpp, line 520]
Event: 303.412 Thread 0x000001f1e75a4bf0 Exception <a 'sun/nio/fs/WindowsException'{0x0000000088a18968}> (0x0000000088a18968) 
thrown [s\src\hotspot\share\prims\jni.cpp, line 520]
Event: 303.413 Thread 0x000001f1e75a4bf0 Exception <a 'sun/nio/fs/WindowsException'{0x0000000088a18bf8}> (0x0000000088a18bf8) 
thrown [s\src\hotspot\share\prims\jni.cpp, line 520]
Event: 303.413 Thread 0x000001f1e75a4bf0 Exception <a 'sun/nio/fs/WindowsException'{0x0000000088a194f8}> (0x0000000088a194f8) 
thrown [s\src\hotspot\share\prims\jni.cpp, line 520]
Event: 303.413 Thread 0x000001f1e75a4bf0 Exception <a 'sun/nio/fs/WindowsException'{0x0000000088a19798}> (0x0000000088a19798) 
thrown [s\src\hotspot\share\prims\jni.cpp, line 520]
Event: 303.414 Thread 0x000001f1e75a4bf0 Exception <a 'sun/nio/fs/WindowsException'{0x0000000088a1a0b0}> (0x0000000088a1a0b0) 
thrown [s\src\hotspot\share\prims\jni.cpp, line 520]
Event: 303.415 Thread 0x000001f1e75a4bf0 Exception <a 'sun/nio/fs/WindowsException'{0x0000000088a1a370}> (0x0000000088a1a370) 
thrown [s\src\hotspot\share\prims\jni.cpp, line 520]
Event: 303.415 Thread 0x000001f1e75a4bf0 Exception <a 'sun/nio/fs/WindowsException'{0x0000000088a1ac80}> (0x0000000088a1ac80) 
thrown [s\src\hotspot\share\prims\jni.cpp, line 520]
Event: 303.416 Thread 0x000001f1e75a4bf0 Exception <a 'sun/nio/fs/WindowsException'{0x0000000088a1af40}> (0x0000000088a1af40) 
thrown [s\src\hotspot\share\prims\jni.cpp, line 520]

ZGC Phase Switch (0 events):
No events

VM Operations (20 events):
Event: 610.318 Executing VM operation: ChangeSingleStep
Event: 610.318 Executing VM operation: ChangeSingleStep done
Event: 610.319 Executing VM operation: ChangeSingleStep
Event: 610.319 Executing VM operation: ChangeSingleStep done
Event: 610.321 Executing VM operation: ChangeSingleStep
Event: 610.321 Executing VM operation: ChangeSingleStep done
Event: 610.322 Executing VM operation: ChangeSingleStep
Event: 610.322 Executing VM operation: ChangeSingleStep done
Event: 610.370 Executing VM operation: RedefineClasses
Event: 610.469 Executing VM operation: RedefineClasses done
Event: 610.542 Executing VM operation: ChangeBreakpoints
Event: 610.548 Executing VM operation: ChangeBreakpoints done
Event: 610.564 Executing VM operation: ChangeBreakpoints
Event: 610.572 Executing VM operation: ChangeBreakpoints done
Event: 610.590 Executing VM operation: ChangeSingleStep
Event: 610.590 Executing VM operation: ChangeSingleStep done
Event: 610.595 Executing VM operation: ChangeSingleStep
Event: 610.595 Executing VM operation: ChangeSingleStep done
Event: 610.596 Executing VM operation: ChangeSingleStep
Event: 610.596 Executing VM operation: ChangeSingleStep done

Events (20 events):
Event: 303.656 Thread 0x000001f1e759f010 Thread exited: 0x000001f1e759f010
Event: 303.972 Thread 0x000001f1e759fd30 Thread added: 0x000001f1e759fd30
Event: 304.019 Thread 0x000001f1e75a3840 Thread added: 0x000001f1e75a3840
Event: 304.020 Thread 0x000001f1e75a3ed0 Thread added: 0x000001f1e75a3ed0
Event: 304.020 Thread 0x000001f1e75a4bf0 Thread added: 0x000001f1e75a4bf0
Event: 304.020 Thread 0x000001f1e75a5280 Thread added: 0x000001f1e75a5280
Event: 304.020 Thread 0x000001f1e75a5fa0 Thread added: 0x000001f1e75a5fa0
Event: 304.021 Thread 0x000001f1e759f010 Thread added: 0x000001f1e759f010
Event: 304.021 Thread 0x000001f1e75a6630 Thread added: 0x000001f1e75a6630
Event: 304.023 Thread 0x000001f1e75a03c0 Thread added: 0x000001f1e75a03c0
Event: 304.023 Thread 0x000001f1e49f4c30 Thread added: 0x000001f1e49f4c30
Event: 304.023 Thread 0x000001f1e49f6d00 Thread added: 0x000001f1e49f6d00
Event: 304.027 Thread 0x000001f1e49f3880 Thread added: 0x000001f1e49f3880
Event: 304.027 Thread 0x000001f1e49f3f10 Thread added: 0x000001f1e49f3f10
Event: 304.050 Thread 0x000001f1e75a5910 Thread exited: 0x000001f1e75a5910
Event: 304.051 Thread 0x000001f1e75a2b20 Thread exited: 0x000001f1e75a2b20
Event: 305.086 Thread 0x000001f1e75a2490 Thread exited: 0x000001f1e75a2490
Event: 306.934 Thread 0x000001f1e75a1e00 Thread exited: 0x000001f1e75a1e00
Event: 312.093 Thread 0x000001f1e6fc90e0 Thread exited: 0x000001f1e6fc90e0
Event: 312.093 Thread 0x000001f1e46c9520 Thread exited: 0x000001f1e46c9520


Dynamic libraries:
0x00007ff67a880000 - 0x00007ff67a88e000 	C:\pleiades\2023-12\java\21\bin\javaw.exe
0x00007ffc320d0000 - 0x00007ffc322c8000 	C:\WINDOWS\SYSTEM32\ntdll.dll
0x00007ffc31f60000 - 0x00007ffc3201d000 	C:\WINDOWS\System32\KERNEL32.DLL
0x00007ffc2f7a0000 - 0x00007ffc2fa96000 	C:\WINDOWS\System32\KERNELBASE.dll
0x00007ffc2c9c0000 - 0x00007ffc2ca50000 	C:\WINDOWS\SYSTEM32\apphelp.dll
0x00007ffc2fdb0000 - 0x00007ffc2feb0000 	C:\WINDOWS\System32\ucrtbase.dll
0x00007ffc2a910000 - 0x00007ffc2a92b000 	C:\pleiades\2023-12\java\21\bin\VCRUNTIME140.dll
0x00007ffc2a8d0000 - 0x00007ffc2a8e8000 	C:\pleiades\2023-12\java\21\bin\jli.dll
0x00007ffc30a90000 - 0x00007ffc30c2e000 	C:\WINDOWS\System32\USER32.dll
0x00007ffc2fc10000 - 0x00007ffc2fc32000 	C:\WINDOWS\System32\win32u.dll
0x00007ffc18400000 - 0x00007ffc1869a000 	C:\WINDOWS\WinSxS\amd64_microsoft.windows.common-controls_6595b64144ccf1df_6.0.19041.3636_none_60b6a03d71f818d5\COMCTL32.dll
0x00007ffc31a20000 - 0x00007ffc31a4c000 	C:\WINDOWS\System32\GDI32.dll
0x00007ffc31db0000 - 0x00007ffc31e4e000 	C:\WINDOWS\System32\msvcrt.dll
0x00007ffc2fc40000 - 0x00007ffc2fd5a000 	C:\WINDOWS\System32\gdi32full.dll
0x00007ffc30080000 - 0x00007ffc3011d000 	C:\WINDOWS\System32\msvcp_win.dll
0x00007ffc30a40000 - 0x00007ffc30a70000 	C:\WINDOWS\System32\IMM32.DLL
0x00007ffc2c8e0000 - 0x00007ffc2c8ec000 	C:\pleiades\2023-12\java\21\bin\vcruntime140_1.dll
0x00007ffc03040000 - 0x00007ffc030ce000 	C:\pleiades\2023-12\java\21\bin\msvcp140.dll
0x00007ffbe80d0000 - 0x00007ffbe8e51000 	C:\pleiades\2023-12\java\21\bin\server\jvm.dll
0x00007ffc317b0000 - 0x00007ffc31863000 	C:\WINDOWS\System32\ADVAPI32.dll
0x00007ffc31220000 - 0x00007ffc312bf000 	C:\WINDOWS\System32\sechost.dll
0x00007ffc312c0000 - 0x00007ffc313e6000 	C:\WINDOWS\System32\RPCRT4.dll
0x00007ffc2fb30000 - 0x00007ffc2fb57000 	C:\WINDOWS\System32\bcrypt.dll
0x00007ffc32020000 - 0x00007ffc3208b000 	C:\WINDOWS\System32\WS2_32.dll
0x00007ffc2f330000 - 0x00007ffc2f37b000 	C:\WINDOWS\SYSTEM32\POWRPROF.dll
0x00007ffc1a680000 - 0x00007ffc1a6a7000 	C:\WINDOWS\SYSTEM32\WINMM.dll
0x00007ffc212e0000 - 0x00007ffc212ea000 	C:\WINDOWS\SYSTEM32\VERSION.dll
0x00007ffc2f2f0000 - 0x00007ffc2f302000 	C:\WINDOWS\SYSTEM32\UMPDC.dll
0x00007ffc2dfa0000 - 0x00007ffc2dfb2000 	C:\WINDOWS\SYSTEM32\kernel.appcore.dll
0x00007ffc2c890000 - 0x00007ffc2c89a000 	C:\pleiades\2023-12\java\21\bin\jimage.dll
0x00007ffc2abf0000 - 0x00007ffc2add4000 	C:\WINDOWS\SYSTEM32\DBGHELP.DLL
0x00007ffc1cad0000 - 0x00007ffc1cb04000 	C:\WINDOWS\SYSTEM32\dbgcore.DLL
0x00007ffc2faa0000 - 0x00007ffc2fb22000 	C:\WINDOWS\System32\bcryptPrimitives.dll
0x00007ffc287f0000 - 0x00007ffc2882c000 	C:\pleiades\2023-12\java\21\bin\jdwp.dll
0x00007ffc2abc0000 - 0x00007ffc2abcf000 	C:\pleiades\2023-12\java\21\bin\instrument.dll
0x00007ffc287d0000 - 0x00007ffc287ef000 	C:\pleiades\2023-12\java\21\bin\java.dll
0x00007ffc302f0000 - 0x00007ffc30a35000 	C:\WINDOWS\System32\SHELL32.dll
0x00007ffc2d7e0000 - 0x00007ffc2df7b000 	C:\WINDOWS\SYSTEM32\windows.storage.dll
0x00007ffc31a50000 - 0x00007ffc31da4000 	C:\WINDOWS\System32\combase.dll
0x00007ffc2f020000 - 0x00007ffc2f04d000 	C:\WINDOWS\SYSTEM32\Wldp.dll
0x00007ffc31170000 - 0x00007ffc3121d000 	C:\WINDOWS\System32\SHCORE.dll
0x00007ffc31540000 - 0x00007ffc31595000 	C:\WINDOWS\System32\shlwapi.dll
0x00007ffc2f6d0000 - 0x00007ffc2f6f5000 	C:\WINDOWS\SYSTEM32\profapi.dll
0x00007ffc2a900000 - 0x00007ffc2a90c000 	C:\pleiades\2023-12\java\21\bin\dt_socket.dll
0x00007ffc2eb10000 - 0x00007ffc2eb4b000 	C:\WINDOWS\SYSTEM32\IPHLPAPI.DLL
0x00007ffc2ee00000 - 0x00007ffc2ee6a000 	C:\WINDOWS\system32\mswsock.dll
0x00007ffc2eb50000 - 0x00007ffc2ec1a000 	C:\WINDOWS\SYSTEM32\DNSAPI.dll
0x00007ffc31530000 - 0x00007ffc31538000 	C:\WINDOWS\System32\NSI.dll
0x00007ffc1fbd0000 - 0x00007ffc1fbda000 	C:\Windows\System32\rasadhlp.dll
0x00007ffc1ffc0000 - 0x00007ffc20040000 	C:\WINDOWS\System32\fwpuclnt.dll
0x00007ffc27de0000 - 0x00007ffc27df8000 	C:\pleiades\2023-12\java\21\bin\zip.dll
0x00007ffc2a4f0000 - 0x00007ffc2a500000 	C:\pleiades\2023-12\java\21\bin\net.dll
0x00007ffc25280000 - 0x00007ffc2538a000 	C:\WINDOWS\SYSTEM32\WINHTTP.dll
0x00007ffc0d170000 - 0x00007ffc0d186000 	C:\pleiades\2023-12\java\21\bin\nio.dll
0x00007ffc296c0000 - 0x00007ffc296ca000 	C:\pleiades\2023-12\java\21\bin\management.dll
0x00007ffc256a0000 - 0x00007ffc256ab000 	C:\pleiades\2023-12\java\21\bin\management_ext.dll
0x00007ffc315a0000 - 0x00007ffc315a8000 	C:\WINDOWS\System32\PSAPI.DLL
0x00007ffba3ed0000 - 0x00007ffba3ee7000 	C:\WINDOWS\system32\napinsp.dll
0x00007ffba3eb0000 - 0x00007ffba3ecb000 	C:\WINDOWS\system32\pnrpnsp.dll
0x00007ffc29650000 - 0x00007ffc29665000 	C:\WINDOWS\system32\wshbth.dll
0x00007ffc2a7c0000 - 0x00007ffc2a7dd000 	C:\WINDOWS\system32\NLAapi.dll
0x00007ffba3e90000 - 0x00007ffba3ea2000 	C:\WINDOWS\System32\winrnr.dll
0x00007ffc0ef90000 - 0x00007ffc0efa0000 	C:\pleiades\2023-12\java\21\bin\verify.dll
0x00007ffc2f060000 - 0x00007ffc2f078000 	C:\WINDOWS\SYSTEM32\CRYPTSP.dll
0x00007ffc2e750000 - 0x00007ffc2e784000 	C:\WINDOWS\system32\rsaenh.dll
0x00007ffc2f690000 - 0x00007ffc2f6be000 	C:\WINDOWS\SYSTEM32\USERENV.dll
0x00007ffc2ef90000 - 0x00007ffc2ef9c000 	C:\WINDOWS\SYSTEM32\CRYPTBASE.dll
0x00007ffc0d040000 - 0x00007ffc0d047000 	C:\pleiades\2023-12\java\21\bin\extnet.dll
0x00007ffc0d030000 - 0x00007ffc0d03e000 	C:\pleiades\2023-12\java\21\bin\sunmscapi.dll
0x00007ffc2ff20000 - 0x00007ffc3007d000 	C:\WINDOWS\System32\CRYPT32.dll
0x00007ffc2f1d0000 - 0x00007ffc2f1f8000 	C:\WINDOWS\SYSTEM32\ncrypt.dll
0x00007ffc2f190000 - 0x00007ffc2f1cb000 	C:\WINDOWS\SYSTEM32\NTASN1.dll
0x00007ffc0c8c0000 - 0x00007ffc0c8c7000 	C:\WINDOWS\system32\wshunix.dll

dbghelp: loaded successfully - version: 4.0.5 - missing functions: none
symbol engine: initialized successfully - sym options: 0x614 - pdb path: .;C:\pleiades\2023-12\java\21\bin;C:\WINDOWS\SYSTEM32;C:\WINDOWS\WinSxS\amd64_microsoft.windows.common-controls_6595b64144ccf1df_6.0.19041.3636_none_60b6a03d71f818d5;C:\pleiades\2023-12\java\21\bin\server

VM Arguments:
jvm_args: -XX:+ShowCodeDetailsInExceptionMessages -agentlib:jdwp=transport=dt_socket,suspend=y,address=localhost:57669 -Dcom.sun.management.jmxremote -Dcom.sun.management.jmxremote.port=57668 -Dcom.sun.management.jmxremote.authenticate=false -Dcom.sun.management.jmxremote.ssl=false -Djava.rmi.server.hostname=localhost -Dspring.jmx.enabled=true -Dmanagement.endpoints.jmx.exposure.include=* -Dspring.application.admin.enabled=true -XX:TieredStopAtLevel=1 -Dspring.boot.project.name=book -javaagent:C:\pleiades\2023-12\eclipse\configuration\org.eclipse.osgi\249\0\.cp\lib\javaagent-shaded.jar -Dfile.encoding=UTF-8 -Dstdout.encoding=UTF-8 -Dstderr.encoding=UTF-8 
java_command: com.example.demo.BookApplication --spring.output.ansi.enabled=always
java_class_path (initial): C:\pleiades\2023-12\workspace\book\target\classes;C:\Users\masayuki\.m2\repository\org\springframework\boot\spring-boot-starter-data-jdbc\3.2.2\spring-boot-starter-data-jdbc-3.2.2.jar;C:\Users\masayuki\.m2\repository\org\springframework\boot\spring-boot-starter-jdbc\3.2.2\spring-boot-starter-jdbc-3.2.2.jar;C:\Users\masayuki\.m2\repository\com\zaxxer\HikariCP\5.0.1\HikariCP-5.0.1.jar;C:\Users\masayuki\.m2\repository\org\springframework\spring-jdbc\6.1.3\spring-jdbc-6.1.3.jar;C:\Users\masayuki\.m2\repository\org\springframework\data\spring-data-jdbc\3.2.2\spring-data-jdbc-3.2.2.jar;C:\Users\masayuki\.m2\repository\org\springframework\data\spring-data-relational\3.2.2\spring-data-relational-3.2.2.jar;C:\Users\masayuki\.m2\repository\com\github\jsqlparser\jsqlparser\4.6\jsqlparser-4.6.jar;C:\Users\masayuki\.m2\repository\org\springframework\data\spring-data-commons\3.2.2\spring-data-commons-3.2.2.jar;C:\Users\masayuki\.m2\repository\org\springframework\spring-tx\6.1.3\spring-tx-6.1.3.jar;C:\Users\masayuki\.m2\repository\org\springframework\spring-context\6.1.3\spring-context-6.1.3.jar;C:\Users\masayuki\.m2\repository\org\springframework\spring-beans\6.1.3\spring-beans-6.1.3.jar;C:\Users\masayuki\.m2\repository\org\springframework\boot\spring-boot-starter-data-jpa\3.2.2\spring-boot-starter-data-jpa-3.2.2.jar;C:\Users\masayuki\.m2\repository\org\springframework\boot\spring-boot-starter-aop\3.2.2\spring-boot-starter-aop-3.2.2.jar;C:\Users\masayuki\.m2\repository\org\springframework\spring-aop\6.1.3\spring-aop-6.1.3.jar;C:\Users\masayuki\.m2\repository\org\aspectj\aspectjweaver\1.9.21\aspectjweaver-1.9.21.jar;C:\Users\masayuki\.m2\repository\org\hibernate\orm\hibernate-core\6.4.1.Final\hibernate-core-6.4.1.Final.jar;C:\Users\masayuki\.m2\repository\jakarta\persistence\jakarta.persistence-api\3.1.0\jakarta.persistence-api-3.1.0.jar;C:\Users\masayuki\.m2\repository\jakarta\transaction\jakarta.transaction-api\2.0.1\jakarta.transaction-api-2.0.1.jar;C:\Users\masayuki\.m2\repository\org\jboss\logging\jboss-logging\3.5.3.Final\jboss-logging-3.5.3.Final.jar;C:\Users\masayuki\.m2\repository\org\hibernate\common\hibernate-commons-annotations\6.0.6.Final\hibernate-commons-annotations-6.0.6.Final.jar;C:\Users\masayuki\.m2\repository\io\smallrye\jandex\3.1.2\jandex-3.1.2.jar;C:\Users\masayuki\.m2\repository\com\fasterxml\classmate\1.6.0\classmate-1.6.0.jar;C:\Users\masayuki\.m2\repository\net\bytebuddy\byte-buddy\1.14.11\byte-buddy-1.14.11.jar;C:\Users\masayuki\.m2\repository\org\glassfish\jaxb\jaxb-runtime\4.0.4\jaxb-runtime-4.0.4.jar;C:\Users\masayuki\.m2\repository\org\glassfish\jaxb\jaxb-core\4.0.4\jaxb-core-4.0.4.jar;C:\Users\masayuki\.m2\repository\org\eclipse\angus\angus-activation\2.0.1\angus-activation-2.0.1.jar;C:\Users\masayuki\.m2\repository\org\glassfish\jaxb\txw2\4.0.4\txw2-4.0.4.jar;C:\Users\masayuki\.m2\repository\com\sun\istack\istack-commons-runtime\4.1.2\istack-commons-runtime-4.1.2.jar;C:\Users\masayuki\.m2\repository\jakarta\inject\jakarta.inject-api\2.0.1\jakarta.inject-api-2.0.1.jar;C:\Users\masayuki\.m2\repository\org\antlr\antlr4-runtime\4.13.0\antlr4-runtime-4.13.0.jar;C:\Users\masayuki\.m2\repository\org\springframework\data\spring-data-jpa\3.2.2\spring-data-jpa-3.2.2.jar;C:\Users\masayuki\.m2\repository\org\springframework\spring-orm\6.1.3\spring-orm-6.1.3.jar;C:\Users\masayuki\.m2\repository\jakarta\annotation\jakarta.annotation-api\2.1.1\jakarta.annotation-api-2.1.1.jar;C:\Users\masayuki\.m2\repository\org\springframework\spring-aspects\6.1.3\spring-aspects-6.1.3.jar;C:\Users\masayuki\.m2\repository\org\springframework\boot\spring-boot-starter-thymeleaf\3.2.2\spring-boot-starter-thymeleaf-3.2.2.jar;C:\Users\masayuki\.m2\repository\org\springframework\boot\spring-boot-starter\3.2.2\spring-boot-starter-3.2.2.jar;C:\Users\masayuki\.m2\repository\org\springframework\boot\spring-boot-starter-logging\3.2.2\spring-boot-starter-logging-3.2.2.jar;C:\Users\masayuki\.m2\repository\ch\qos\logback\logback-classic\1.4.14\logback-classic-1.4.14.jar;C:\Users\masayuki\.m2\repository\ch\qos\logback\logback-core\1.4.14\logback-core-1.4.14.jar;C:\Users\masayuki\.m2\repository\org\apache\logging\log4j\log4j-to-slf4j\2.21.1\log4j-to-slf4j-2.21.1.jar;C:\Users\masayuki\.m2\repository\org\apache\logging\log4j\log4j-api\2.21.1\log4j-api-2.21.1.jar;C:\Users\masayuki\.m2\repository\org\slf4j\jul-to-slf4j\2.0.11\jul-to-slf4j-2.0.11.jar;C:\Users\masayuki\.m2\repository\org\yaml\snakeyaml\2.2\snakeyaml-2.2.jar;C:\Users\masayuki\.m2\repository\org\thymeleaf\thymeleaf-spring6\3.1.2.RELEASE\thymeleaf-spring6-3.1.2.RELEASE.jar;C:\Users\masayuki\.m2\repository\org\springframework\boot\spring-boot-starter-validation\3.2.2\spring-boot-starter-validation-3.2.2.jar;C:\Users\masayuki\.m2\repository\org\apache\tomcat\embed\tomcat-embed-el\10.1.18\tomcat-embed-el-10.1.18.jar;C:\Users\masayuki\.m2\repository\org\hibernate\validator\hibernate-validator\8.0.1.Final\hibernate-validator-8.0.1.Final.jar;C:\Users\masayuki\.m2\repository\jakarta\validation\jakarta.validation-api\3.0.2\jakarta.validation-api-3.0.2.jar;C:\Users\masayuki\.m2\repository\org\springframework\boot\spring-boot-starter-web\3.2.2\spring-boot-starter-web-3.2.2.jar;C:\Users\masayuki\.m2\repository\org\springframework\boot\spring-boot-starter-json\3.2.2\spring-boot-starter-json-3.2.2.jar;C:\Users\masayuki\.m2\repository\com\fasterxml\jackson\core\jackson-databind\2.15.3\jackson-databind-2.15.3.jar;C:\Users\masayuki\.m2\repository\com\fasterxml\jackson\core\jackson-annotations\2.15.3\jackson-annotations-2.15.3.jar;C:\Users\masayuki\.m2\repository\com\fasterxml\jackson\datatype\jackson-datatype-jdk8\2.15.3\jackson-datatype-jdk8-2.15.3.jar;C:\Users\masayuki\.m2\repository\com\fasterxml\jackson\datatype\jackson-datatype-jsr310\2.15.3\jackson-datatype-jsr310-2.15.3.jar;C:\Users\masayuki\.m2\repository\com\fasterxml\jackson\module\jackson-module-parameter-names\2.15.3\jackson-module-parameter-names-2.15.3.jar;C:\Users\masayuki\.m2\repository\org\springframework\boot\spring-boot-starter-tomcat\3.2.2\spring-boot-starter-tomcat-3.2.2.jar;C:\Users\masayuki\.m2\repository\org\apache\tomcat\embed\tomcat-embed-core\10.1.18\tomcat-embed-core-10.1.18.jar;C:\Users\masayuki\.m2\repository\org\apache\tomcat\embed\tomcat-embed-websocket\10.1.18\tomcat-embed-websocket-10.1.18.jar;C:\Users\masayuki\.m2\repository\org\springframework\spring-web\6.1.3\spring-web-6.1.3.jar;C:\Users\masayuki\.m2\repository\io\micrometer\micrometer-observation\1.12.2\micrometer-observation-1.12.2.jar;C:\Users\masayuki\.m2\repository\io\micrometer\micrometer-commons\1.12.2\micrometer-commons-1.12.2.jar;C:\Users\masayuki\.m2\repository\org\springframework\spring-webmvc\6.1.3\spring-webmvc-6.1.3.jar;C:\Users\masayuki\.m2\repository\org\springframework\spring-expression\6.1.3\spring-expression-6.1.3.jar;C:\Users\masayuki\.m2\repository\org\springframework\boot\spring-boot-devtools\3.2.2\spring-boot-devtools-3.2.2.jar;C:\Users\masayuki\.m2\repository\org\springframework\boot\spring-boot\3.2.2\spring-boot-3.2.2.jar;C:\Users\masayuki\.m2\repository\org\springframework\boot\spring-boot-autoconfigure\3.2.2\spring-boot-autoconfigure-3.2.2.jar;C:\Users\masayuki\.m2\repository\com\mysql\mysql-connector-j\8.3.0\mysql-connector-j-8.3.0.jar;C:\Users\masayuki\.m2\repository\org\projectlombok\lombok\1.18.30\lombok-1.18.30.jar;C:\Users\masayuki\.m2\repository\jakarta\xml\bind\jakarta.xml.bind-api\4.0.1\jakarta.xml.bind-api-4.0.1.jar;C:\Users\masayuki\.m2\repository\jakarta\activation\jakarta.activation-api\2.1.2\jakarta.activation-api-2.1.2.jar;C:\Users\masayuki\.m2\repository\org\springframework\spring-core\6.1.3\spring-core-6.1.3.jar;C:\Users\masayuki\.m2\repository\org\springframework\spring-jcl\6.1.3\spring-jcl-6.1.3.jar;C:\Users\masayuki\.m2\repository\org\flywaydb\flyway-mysql\9.22.3\flyway-mysql-9.22.3.jar;C:\Users\masayuki\.m2\repository\org\flywaydb\flyway-core\9.22.3\flyway-core-9.22.3.jar;C:\Users\masayuki\.m2\repository\com\fasterxml\jackson\dataformat\jackson-dataformat-toml\2.15.3\jackson-dataformat-toml-2.15.3.jar;C:\Users\masayuki\.m2\repository\com\google\code\gson\gson\2.10.1\gson-2.10.1.jar;C:\Users\masayuki\.m2\repository\org\webjars\bootstrap\5.1.3\bootstrap-5.1.3.jar;C:\Users\masayuki\.m2\repository\org\webjars\popper.js\2.9.3\popper.js-2.9.3.jar;C:\Users\masayuki\.m2\repository\org\webjars\webjars-locator-core\0.55\webjars-locator-core-0.55.jar;C:\Users\masayuki\.m2\repository\org\slf4j\slf4j-api\2.0.11\slf4j-api-2.0.11.jar;C:\Users\masayuki\.m2\repository\io\github\classgraph\classgraph\4.8.149\classgraph-4.8.149.jar;C:\Users\masayuki\.m2\repository\com\fasterxml\jackson\core\jackson-core\2.15.3\jackson-core-2.15.3.jar;C:\Users\masayuki\.m2\repository\org\webjars\npm\bootstrap-icons\1.7.2\bootstrap-icons-1.7.2.jar;C:\Users\masayuki\.m2\repository\nz\net\ultraq\thymeleaf\thymeleaf-layout-dialect\3.3.0\thymeleaf-layout-dialect-3.3.0.jar;C:\Users\masayuki\.m2\repository\org\apache\groovy\groovy\4.0.17\groovy-4.0.17.jar;C:\Users\masayuki\.m2\repository\nz\net\ultraq\groovy\groovy-extensions\2.1.0\groovy-extensions-2.1.0.jar;C:\Users\masayuki\.m2\repository\nz\net\ultraq\thymeleaf\thymeleaf-expression-processor\3.2.0\thymeleaf-expression-processor-3.2.0.jar;C:\Users\masayuki\.m2\repository\org\thymeleaf\thymeleaf\3.1.2.RELEASE\thymeleaf-3.1.2.RELEASE.jar;C:\Users\masayuki\.m2\repository\ognl\ognl\3.3.4\ognl-3.3.4.jar;C:\Users\masayuki\.m2\repository\org\javassist\javassist\3.29.0-GA\javassist-3.29.0-GA.jar;C:\Users\masayuki\.m2\repository\org\attoparser\attoparser\2.0.7.RELEASE\attoparser-2.0.7.RELEASE.jar;C:\Users\masayuki\.m2\repository\org\unbescape\unbescape\1.1.6.RELEASE\unbescape-1.1.6.RELEASE.jar
Launcher Type: SUN_STANDARD

[Global flags]
     intx CICompilerCount                          = 3                                         {product} {ergonomic}
     uint ConcGCThreads                            = 1                                         {product} {ergonomic}
     uint G1ConcRefinementThreads                  = 4                                         {product} {ergonomic}
   size_t G1HeapRegionSize                         = 1048576                                   {product} {ergonomic}
    uintx GCDrainStackTargetSize                   = 64                                        {product} {ergonomic}
   size_t InitialHeapSize                          = 132120576                                 {product} {ergonomic}
     bool ManagementServer                         = true                                      {product} {command line}
   size_t MarkStackSize                            = 4194304                                   {product} {ergonomic}
   size_t MaxHeapSize                              = 2105540608                                {product} {ergonomic}
   size_t MaxNewSize                               = 1262485504                                {product} {ergonomic}
   size_t MinHeapDeltaBytes                        = 1048576                                   {product} {ergonomic}
   size_t MinHeapSize                              = 8388608                                   {product} {ergonomic}
    uintx NonNMethodCodeHeapSize                   = 4096                                   {pd product} {ergonomic}
    uintx NonProfiledCodeHeapSize                  = 0                                      {pd product} {ergonomic}
     bool ProfileInterpreter                       = false                                  {pd product} {command line}
    uintx ProfiledCodeHeapSize                     = 0                                      {pd product} {ergonomic}
     bool ShowCodeDetailsInExceptionMessages       = true                                   {manageable} {command line}
   size_t SoftMaxHeapSize                          = 2105540608                             {manageable} {ergonomic}
     intx TieredStopAtLevel                        = 1                                         {product} {command line}
     bool UseCompressedOops                        = true                           {product lp64_product} {ergonomic}
     bool UseG1GC                                  = true                                      {product} {ergonomic}
     bool UseLargePagesIndividualAllocation        = false                                  {pd product} {ergonomic}

Logging:
Log output configuration:
 #0: stdout all=warning uptime,level,tags foldmultilines=false
 #1: stderr all=off uptime,level,tags foldmultilines=false

Environment Variables:
PATH=C:/pleiades/2023-12/eclipse//../java/17/bin/server;C:/pleiades/2023-12/eclipse//../java/17/bin;C:\Program Files (x86)\Intel\Intel(R) Management Engine Components\iCLS\;C:\Program Files\Intel\Intel(R) Management Engine Components\iCLS\;C:\WINDOWS\system32;C:\WINDOWS;C:\WINDOWS\System32\Wbem;C:\WINDOWS\System32\WindowsPowerShell\v1.0\;C:\Program Files (x86)\Intel\Intel(R) Management Engine Components\DAL;C:\Program Files\Intel\Intel(R) Management Engine Components\DAL;C:\Program Files (x86)\Intel\Intel(R) Management Engine Components\IPT;C:\Program Files\Intel\Intel(R) Management Engine Components\IPT;C:\Program Files\Intel\WiFi\bin\;C:\Program Files\Common Files\Intel\WirelessCommon\;C:\Program Files (x86)\Common Files\Roxio Shared\DLLShared\;C:\Program Files (x86)\Common Files\Roxio Shared\OEM\12.0\DLLShared\;C:\Program Files (x86)\Roxio 2010\OEM\AudioCore\;C:\HashiCorp\Vagrant\bin;C:\Program Files\Git\cmd;C:\WINDOWS\System32\OpenSSH\;C:\Program Files\nodejs\;C:\Program Files (x86)\dotnet\;C:\Program Files\Docker\Docker\resources\bin;C:\ProgramData\DockerDesktop\version-bin;C:\Program Files\Geth;C:\Program Files\dotnet\;C:\Users\masayuki\AppData\Local\Microsoft\WindowsApps;C:\Users\masayuki\AppData\Local\atom\bin;C:\Users\masayuki\AppData\Local\Microsoft\WindowsApps;C:\Users\masayuki\AppData\Roaming\npm;C:\pleiades\2023-12\eclipse;
USERNAME=masayuki
OS=Windows_NT
PROCESSOR_IDENTIFIER=Intel64 Family 6 Model 142 Stepping 9, GenuineIntel
TMP=C:\Users\masayuki\AppData\Local\Temp
TEMP=C:\Users\masayuki\AppData\Local\Temp




Periodic native trim disabled

---------------  S Y S T E M  ---------------

OS:
 Windows 10 , 64 bit Build 19041 (10.0.19041.3636)
OS uptime: 5 days 22:06 hours
Hyper-V role detected

CPU: total 4 (initial active 4) (2 cores per cpu, 2 threads per core) family 6 model 142 stepping 9 microcode 0xb4, cx8, cmov, fxsr, ht, mmx, 3dnowpref, sse, sse2, sse3, ssse3, sse4.1, sse4.2, popcnt, lzcnt, tsc, tscinvbit, avx, avx2, aes, erms, clmul, bmi1, bmi2, rtm, adx, fma, vzeroupper, clflush, clflushopt, hv, rdtscp, f16c
Processor Information for all 4 processors :
  Max Mhz: 2701, Current Mhz: 1300, Mhz Limit: 1593

Memory: 4k page, system-wide physical 8024M (536M free)
TotalPageFile size 17743M (AvailPageFile size 3451M)
current process WorkingSet (physical memory assigned to process): 319M, peak: 361M
current process commit charge ("private bytes"): 361M, peak: 401M

vm_info: OpenJDK 64-Bit Server VM (21.0.1+12-LTS) for windows-amd64 JRE (21.0.1+12-LTS), built on 2023-10-17T00:00:00Z by "admin" with unknown MS VC++:1937

END.
