#
# A fatal error has been detected by the Java Runtime Environment:
#
#  EXCEPTION_ACCESS_VIOLATION (0xc0000005) at pc=0x000001fb3b100f84, pid=13968, tid=14128
#
# JRE version: OpenJDK Runtime Environment Temurin-21.0.1+12 (21.0.1+12) (build 21.0.1+12-LTS)
# Java VM: OpenJDK 64-Bit Server VM Temurin-21.0.1+12 (21.0.1+12-LTS, mixed mode, emulated-client, sharing, tiered, compressed oops, compressed class ptrs, g1 gc, windows-amd64)
# Problematic frame:
# v  ~BufferBlob::MethodHandles adapters 0x000001fb3b100f84
#
# No core dump will be written. Minidumps are not enabled by default on client versions of Windows
#
# If you would like to submit a bug report, please visit:
#   https://github.com/adoptium/adoptium-support/issues
#

---------------  S U M M A R Y ------------

Command Line: -XX:+ShowCodeDetailsInExceptionMessages -agentlib:jdwp=transport=dt_socket,suspend=y,address=localhost:56263 -Dcom.sun.management.jmxremote -Dcom.sun.management.jmxremote.port=56262 -Dcom.sun.management.jmxremote.authenticate=false -Dcom.sun.management.jmxremote.ssl=false -Djava.rmi.server.hostname=localhost -Dspring.jmx.enabled=true -Dmanagement.endpoints.jmx.exposure.include=* -Dspring.application.admin.enabled=true -XX:TieredStopAtLevel=1 -Dspring.boot.project.name=book -javaagent:C:\pleiades\2023-12\eclipse\configuration\org.eclipse.osgi\249\0\.cp\lib\javaagent-shaded.jar -Dfile.encoding=UTF-8 -Dstdout.encoding=UTF-8 -Dstderr.encoding=UTF-8 com.example.demo.BookApplication --spring.output.ansi.enabled=always

Host: Intel(R) Core(TM) i5-7300U CPU @ 2.60GHz, 4 cores, 7G,  Windows 10 , 64 bit Build 19041 (10.0.19041.3636)
Time: Sat Feb 10 12:21:54 2024  Windows 10 , 64 bit Build 19041 (10.0.19041.3636) elapsed time: 193.831187 seconds (0d 0h 3m 13s)

---------------  T H R E A D  ---------------

Current thread (0x000001fb8bc0b870):  JavaThread "http-nio-8080-exec-10" daemon [_thread_in_Java, id=14128, stack(0x000000adc0500000,0x000000adc0600000) (1024K)]

Stack: [0x000000adc0500000,0x000000adc0600000],  sp=0x000000adc05fd3d8,  free space=1012k
Native frames: (J=compiled Java code, j=interpreted, Vv=VM code, C=native code)
C  0x000001fb3b100f84

The last pc belongs to _linkToVirtual (printed below).

siginfo: EXCEPTION_ACCESS_VIOLATION (0xc0000005), reading address 0x000001fbc864443e


Registers:
RAX=0x000001fb3b0d958b, RBX=0x0000000087f00138, RCX=0x000000adc05fd3f0, RDX=0x0000000000000004
RSP=0x000000adc05fd3d8, RBP=0x000000adc05fd438, RSI=0x000001fb8c46a3f8, RDI=0x000001fb8c1064b0
R8 =0x0000000000000004, R9 =0x0000000000000004, R10=0x000001fbc8644276, R11=0x0000000000000000
R12=0x0000000000000000, R13=0x000000adc05fd3d8, R14=0x000000adc05fd468, R15=0x000001fb8bc0b870
RIP=0x000001fb3b100f84, EFLAGS=0x0000000000010202


Register to memory mapping:

RAX=0x000001fb3b0d958b is at code_begin+4363 in an Interpreter codelet
return entry points  [0x000001fb3b0d8480, 0x000001fb3b0da298]  7704 bytes
RBX=0x0000000087f00138 is an oop: org.springframework.validation.support.BindingAwareModelMap 
{0x0000000087f00138} - klass: 'org/springframework/validation/support/BindingAwareModelMap'
 - ---- fields (total size 8 words):
 - transient 'keySet' 'Ljava/util/Set;' @12  null (0x00000000)
 - transient 'values' 'Ljava/util/Collection;' @16  null (0x00000000)
 - transient 'size' 'I' @20  0 (0x00000000)
 - transient 'modCount' 'I' @24  0 (0x00000000)
 - 'threshold' 'I' @28  0 (0x00000000)
 - final 'loadFactor' 'F' @32  0.750000 (0x3f400000)
 - transient 'table' '[Ljava/util/HashMap$Node;' @36  null (0x00000000)
 - transient 'entrySet' 'Ljava/util/Set;' @40  null (0x00000000)
 - transient 'putMode' 'I' @44  0 (0x00000000)
 - final 'accessOrder' 'Z' @48  false (0x00)
 - transient 'head' 'Ljava/util/LinkedHashMap$Entry;' @52  null (0x00000000)
 - transient 'tail' 'Ljava/util/LinkedHashMap$Entry;' @56  null (0x00000000)
RCX=0x000000adc05fd3f0 is pointing into the stack for thread: 0x000001fb8bc0b870
RDX=0x0000000000000004 is an unknown value
RSP=0x000000adc05fd3d8 is pointing into the stack for thread: 0x000001fb8bc0b870
RBP=0x000000adc05fd438 is pointing into the stack for thread: 0x000001fb8bc0b870
RSI=0x000001fb8c46a3f8 points into unknown readable memory: 0x800037610587ff39 | 39 ff 87 05 61 37 00 80
RDI=0x000001fb8c1064b0 points into unknown readable memory: 0x0000002800000080 | 80 00 00 00 28 00 00 00
R8 =0x0000000000000004 is an unknown value
R9 =0x0000000000000004 is an unknown value
R10=0x000001fbc8644276 is an unknown value
R11=0x0 is null
R12=0x0 is null
R13=0x000000adc05fd3d8 is pointing into the stack for thread: 0x000001fb8bc0b870
R14=0x000000adc05fd468 is pointing into the stack for thread: 0x000001fb8bc0b870
R15=0x000001fb8bc0b870 is a thread

Top of Stack: (sp=0x000000adc05fd3d8)
0x000000adc05fd3d8:   000001fb3b0d958b 0000000082da8ee0
0x000000adc05fd3e8:   0000000084ed7cb0 000000adc05fd3f0
0x000000adc05fd3f8:   000001fb85644276 0000000000000006
0x000000adc05fd408:   000001fb856443c8 000000adc05fd4d8
0x000000adc05fd418:   0000000083728728 000001fb85644288
0x000000adc05fd428:   000000adc05fd3d8 000000adc05fd470
0x000000adc05fd438:   000000adc05fd4d8 000001fb3b0d958b
0x000000adc05fd448:   0000000087f001a0 0000000087f00138
0x000000adc05fd458:   0000000082da8ee0 0000000084ed7cb0
0x000000adc05fd468:   0000000087f00178 00000000882ad260
0x000000adc05fd478:   0000000082da8ee0 0000000084ed7cb0
0x000000adc05fd488:   00000000882affb8 000000adc05fd490
0x000000adc05fd498:   000001fb87d84b01 000000000000000c
0x000000adc05fd4a8:   000001fb87d84c50 0000000000000000
0x000000adc05fd4b8:   0000000084705a70 000001fb87d84b10
0x000000adc05fd4c8:   000000adc05fd470 000000adc05fd540
0x000000adc05fd4d8:   000000adc05fd7f0 000001fb3bb29b4a
0x000000adc05fd4e8:   0000000087f00178 0000000087f00138
0x000000adc05fd4f8:   0000000087f00250 0000000084ed7cb0
0x000000adc05fd508:   0000000087f00228 0000000082da8ee0
0x000000adc05fd518:   0000000087f00200 0000000087f00138
0x000000adc05fd528:   0000000082da8ee0 0000000084ed7cb0
0x000000adc05fd538:   0000000087f001d0 0000000000000000
0x000000adc05fd548:   0000000084e84128 0000000083728980
0x000000adc05fd558:   00000000882b0440 00000000882b0410
0x000000adc05fd568:   0000000000000001 0000000083728980
0x000000adc05fd578:   0000000085ec5110 0000000084e83d90
0x000000adc05fd588:   00007ffbe90df4a6 000000adc05fd7f0
0x000000adc05fd598:   000001fb3b47a7ec 0000000000000000
0x000000adc05fd5a8:   000000adc05f0000 000000adc05fd7f0
0x000000adc05fd5b8:   000001fb3be361ec 0000000000000000
0x000000adc05fd5c8:   0000000000000000 0000000000000000 

Instructions: (pc=0x000001fb3b100f84)
0x000001fb3b100e84:   00 00 00 00 01 00 00 00 00 00 00 00 10 e6 a1 e9
0x000001fb3b100e94:   fb 7f 00 00 00 0f 10 3b fb 01 00 00 80 1f 10 3b
0x000001fb3b100ea4:   fb 01 00 00 00 0f 10 3b fb 01 00 00 80 1f 10 3b
0x000001fb3b100eb4:   fb 01 00 00 f0 0e 10 3b fb 01 00 00 f0 0e 10 3b
0x000001fb3b100ec4:   fb 01 00 00 00 00 00 00 00 00 00 00 a8 e6 a1 e9
0x000001fb3b100ed4:   fb 7f 00 00 f0 10 00 00 60 00 00 00 ff ff ff ff
0x000001fb3b100ee4:   f0 10 00 00 00 00 00 00 00 00 00 00 00 00 00 00
0x000001fb3b100ef4:   00 00 00 00 00 00 00 00 00 00 00 00 f4 66 66 66
0x000001fb3b100f04:   0f 1f 84 00 00 00 00 00 66 66 66 90 66 66 66 0f
0x000001fb3b100f14:   1f 84 00 00 00 00 00 66 66 66 90 90 48 8b 53 08
0x000001fb3b100f24:   0f b7 52 2e 48 8b 0c d4 8b 59 14 8b 5b 28 8b 5b
0x000001fb3b100f34:   24 48 8b 5b 10 48 85 db 0f 84 10 00 00 00 41 80
0x000001fb3b100f44:   bf e0 05 00 00 00 74 03 ff 63 38 ff 63 50 e9 a9
0x000001fb3b100f54:   16 00 00 66 0f 1f 84 00 00 00 00 00 48 8b 53 08
0x000001fb3b100f64:   0f b7 52 2e 48 8b 0c d4 58 5b 50 44 8b 51 08 49
0x000001fb3b100f74:   bb 00 00 00 43 fb 01 00 00 4d 03 d3 4c 8b 5b 10
0x000001fb3b100f84:   4b 8b 9c da c8 01 00 00 48 85 db 0f 84 10 00 00
0x000001fb3b100f94:   00 41 80 bf e0 05 00 00 00 74 03 ff 63 38 ff 63
0x000001fb3b100fa4:   50 e9 56 16 00 00 66 66 66 0f 1f 84 00 00 00 00
0x000001fb3b100fb4:   00 66 66 66 90 0f 1f 80 00 00 00 00 58 5b 50 8b
0x000001fb3b100fc4:   5b 24 48 8b 5b 10 48 85 db 0f 84 10 00 00 00 41
0x000001fb3b100fd4:   80 bf e0 05 00 00 00 74 03 ff 63 38 ff 63 50 e9
0x000001fb3b100fe4:   18 16 00 00 66 66 66 0f 1f 84 00 00 00 00 00 66
0x000001fb3b100ff4:   66 66 90 66 0f 1f 84 00 00 00 00 00 48 8b 53 08
0x000001fb3b101004:   0f b7 52 2e 48 8b 0c d4 58 5b 50 48 3b 01 8b 5b
0x000001fb3b101014:   24 48 8b 5b 10 48 85 db 0f 84 10 00 00 00 41 80
0x000001fb3b101024:   bf e0 05 00 00 00 74 03 ff 63 38 ff 63 50 e9 c9
0x000001fb3b101034:   15 00 00 66 0f 1f 84 00 00 00 00 00 48 8b 53 08
0x000001fb3b101044:   0f b7 52 2e 48 8b 0c d4 58 5b 50 44 8b 51 08 49
0x000001fb3b101054:   bb 00 00 00 43 fb 01 00 00 4d 03 d3 8b 43 18 48
0x000001fb3b101064:   8b 40 10 48 8b 5b 10 45 8b 9a a0 00 00 00 4f 8d
0x000001fb3b101074:   9c da c8 01 00 00 4d 8d 14 da 49 8b 1b 48 3b c3 


Stack slot to memory mapping:

stack at sp + 0 slots: 0x000001fb3b0d958b is at code_begin+4363 in an Interpreter codelet
return entry points  [0x000001fb3b0d8480, 0x000001fb3b0da298]  7704 bytes
stack at sp + 1 slots: 0x0000000082da8ee0 is an oop: java.lang.Integer 
{0x0000000082da8ee0} - klass: 'java/lang/Integer'
 - ---- fields (total size 2 words):
 - private final 'value' 'I' @12  1 (0x00000001)
stack at sp + 2 slots: 0x0000000084ed7cb0 is an oop: com.example.demo.controller.AuthorsController 
{0x0000000084ed7cb0} - klass: 'com/example/demo/controller/AuthorsController'
 - ---- fields (total size 3 words):
 - 'authorService' 'Lcom/example/demo/service/AuthorService;' @12  a 'com/example/demo/service/AuthorService'{0x0000000084ed7cc8} (0x84ed7cc8)
 - 'bookService' 'Lcom/example/demo/service/BookService;' @16  a 'com/example/demo/service/BookService'{0x0000000084ed7cd8} (0x84ed7cd8)
stack at sp + 3 slots: 0x000000adc05fd3f0 is pointing into the stack for thread: 0x000001fb8bc0b870
stack at sp + 4 slots: 0x000001fb85644276 is pointing into metadata
stack at sp + 5 slots: 0x0000000000000006 is an unknown value
stack at sp + 6 slots: 0x000001fb856443c8 is pointing into metadata
stack at sp + 7 slots: 0x000000adc05fd4d8 is pointing into the stack for thread: 0x000001fb8bc0b870

MethodHandle::interpreter_entry::_linkToVirtual [0x000001fb3b100f57, 0x000001fb3b100faa] (83 bytes)
[MachCode]
  0x000001fb3b100f57: 660f 1f84 | 0000 0000 | 0048 8b53 | 080f b752 | 2e48 8b0c | d458 5b50 | 448b 5108 | 49bb 0000 
  0x000001fb3b100f77: 0043 fb01 | 0000 4d03 | d34c 8b5b | 104b 8b9c | dac8 0100 | 0048 85db | 0f84 1000 | 0000 4180 
  0x000001fb3b100f97: bfe0 0500 | 0000 7403 | ff63 38ff | 6350 e956 | 
[/MachCode]

---------------  P R O C E S S  ---------------

Threads class SMR info:
_java_thread_list=0x000001fb8c483530, length=38, elements={
0x000001fb42bcdbb0, 0x000001fb42bcef10, 0x000001fb42bd0650, 0x000001fb42bd20c0,
0x000001fb42bd2b20, 0x000001fb42bd84e0, 0x000001fb42be2460, 0x000001fb880abe00,
0x000001fb8811ccd0, 0x000001fb88121370, 0x000001fb881219f0, 0x000001fb880acb20,
0x000001fb880ad1b0, 0x000001fb880ad840, 0x000001fb880aded0, 0x000001fb880ac490,
0x000001fb880aebf0, 0x000001fb880af280, 0x000001fb88f90730, 0x000001fb88f97d50,
0x000001fb88f92800, 0x000001fb88f94f60, 0x000001fb88f955f0, 0x000001fb88f95c80,
0x000001fb88f92170, 0x000001fb88f92e90, 0x000001fb88f93520, 0x000001fb88f93bb0,
0x000001fb88f948d0, 0x000001fb88f91450, 0x000001fb88f969a0, 0x000001fb8bc0d940,
0x000001fb8bc0b1e0, 0x000001fb8bc0ab50, 0x000001fb8bc0b870, 0x000001fb8bc0cc20,
0x000001fb8bc0bf00, 0x000001fb8bc11450
}

Java Threads: ( => current thread )
  0x000001fb42bcdbb0 JavaThread "Reference Handler"          daemon [_thread_blocked, id=4160, stack(0x000000adbda00000,0x000000adbdb00000) (1024K)]
  0x000001fb42bcef10 JavaThread "Finalizer"                  daemon [_thread_blocked, id=12104, stack(0x000000adbdb00000,0x000000adbdc00000) (1024K)]
  0x000001fb42bd0650 JavaThread "Signal Dispatcher"          daemon [_thread_blocked, id=6056, stack(0x000000adbdc00000,0x000000adbdd00000) (1024K)]
  0x000001fb42bd20c0 JavaThread "Attach Listener"            daemon [_thread_blocked, id=14244, stack(0x000000adbdd00000,0x000000adbde00000) (1024K)]
  0x000001fb42bd2b20 JavaThread "Service Thread"             daemon [_thread_blocked, id=16616, stack(0x000000adbde00000,0x000000adbdf00000) (1024K)]
  0x000001fb42bd84e0 JavaThread "Monitor Deflation Thread"   daemon [_thread_blocked, id=12300, stack(0x000000adbdf00000,0x000000adbe000000) (1024K)]
  0x000001fb42be2460 JavaThread "C1 CompilerThread0"         daemon [_thread_blocked, id=5788, stack(0x000000adbe000000,0x000000adbe100000) (1024K)]
  0x000001fb880abe00 JavaThread "Common-Cleaner"             daemon [_thread_blocked, id=8552, stack(0x000000adbe100000,0x000000adbe200000) (1024K)]
  0x000001fb8811ccd0 JavaThread "JDWP Transport Listener: dt_socket" daemon [_thread_blocked, id=8664, stack(0x000000adbe300000,0x000000adbe400000) (1024K)]
  0x000001fb88121370 JavaThread "JDWP Event Helper Thread"   daemon [_thread_blocked, id=12740, stack(0x000000adbe400000,0x000000adbe500000) (1024K)]
  0x000001fb881219f0 JavaThread "JDWP Command Reader"        daemon [_thread_in_native, id=15012, stack(0x000000adbe500000,0x000000adbe600000) (1024K)]
  0x000001fb880acb20 JavaThread "Notification Thread"        daemon [_thread_blocked, id=12556, stack(0x000000adbe600000,0x000000adbe700000) (1024K)]
  0x000001fb880ad1b0 JavaThread "RMI TCP Accept-0"           daemon [_thread_in_native, id=4040, stack(0x000000adbeb00000,0x000000adbec00000) (1024K)]
  0x000001fb880ad840 JavaThread "RMI TCP Accept-56262"       daemon [_thread_in_native, id=10760, stack(0x000000adbec00000,0x000000adbed00000) (1024K)]
  0x000001fb880aded0 JavaThread "RMI TCP Accept-0"           daemon [_thread_in_native, id=13164, stack(0x000000adbed00000,0x000000adbee00000) (1024K)]
  0x000001fb880ac490 JavaThread "RMI Scheduler(0)"           daemon [_thread_blocked, id=14784, stack(0x000000adbef00000,0x000000adbf000000) (1024K)]
  0x000001fb880aebf0 JavaThread "RMI TCP Connection(5)-127.0.0.1" daemon [_thread_in_native, id=5892, stack(0x000000adbf000000,0x000000adbf100000) (1024K)]
  0x000001fb880af280 JavaThread "JMX server connection timeout 33" daemon [_thread_blocked, id=15148, stack(0x000000adbf100000,0x000000adbf200000) (1024K)]
  0x000001fb88f90730 JavaThread "Catalina-utility-1"                [_thread_blocked, id=14660, stack(0x000000adbf400000,0x000000adbf500000) (1024K)]
  0x000001fb88f97d50 JavaThread "Catalina-utility-2"                [_thread_blocked, id=14580, stack(0x000000adbf500000,0x000000adbf600000) (1024K)]
  0x000001fb88f92800 JavaThread "container-0"                       [_thread_blocked, id=17708, stack(0x000000adbf600000,0x000000adbf700000) (1024K)]
  0x000001fb88f94f60 JavaThread "mysql-cj-abandoned-connection-cleanup" daemon [_thread_blocked, id=220, stack(0x000000adbf700000,0x000000adbf800000) (1024K)]
  0x000001fb88f955f0 JavaThread "HikariPool-1 housekeeper"   daemon [_thread_blocked, id=19056, stack(0x000000adbf900000,0x000000adbfa00000) (1024K)]
  0x000001fb88f95c80 JavaThread "File Watcher"               daemon [_thread_blocked, id=15772, stack(0x000000adbfa00000,0x000000adbfb00000) (1024K)]
  0x000001fb88f92170 JavaThread "Live Reload Server"         daemon [_thread_in_native, id=14880, stack(0x000000adbfc00000,0x000000adbfd00000) (1024K)]
  0x000001fb88f92e90 JavaThread "http-nio-8080-exec-1"       daemon [_thread_blocked, id=4048, stack(0x000000adbfb00000,0x000000adbfc00000) (1024K)]
  0x000001fb88f93520 JavaThread "http-nio-8080-exec-2"       daemon [_thread_blocked, id=13872, stack(0x000000adbfd00000,0x000000adbfe00000) (1024K)]
  0x000001fb88f93bb0 JavaThread "http-nio-8080-exec-3"       daemon [_thread_blocked, id=4660, stack(0x000000adbfe00000,0x000000adbff00000) (1024K)]
  0x000001fb88f948d0 JavaThread "http-nio-8080-exec-4"       daemon [_thread_blocked, id=17440, stack(0x000000adbff00000,0x000000adc0000000) (1024K)]
  0x000001fb88f91450 JavaThread "http-nio-8080-exec-5"       daemon [_thread_blocked, id=7200, stack(0x000000adc0000000,0x000000adc0100000) (1024K)]
  0x000001fb88f969a0 JavaThread "http-nio-8080-exec-6"       daemon [_thread_blocked, id=14480, stack(0x000000adc0100000,0x000000adc0200000) (1024K)]
  0x000001fb8bc0d940 JavaThread "http-nio-8080-exec-7"       daemon [_thread_blocked, id=17372, stack(0x000000adc0200000,0x000000adc0300000) (1024K)]
  0x000001fb8bc0b1e0 JavaThread "http-nio-8080-exec-8"       daemon [_thread_blocked, id=5928, stack(0x000000adc0300000,0x000000adc0400000) (1024K)]
  0x000001fb8bc0ab50 JavaThread "http-nio-8080-exec-9"       daemon [_thread_blocked, id=7976, stack(0x000000adc0400000,0x000000adc0500000) (1024K)]
=>0x000001fb8bc0b870 JavaThread "http-nio-8080-exec-10"      daemon [_thread_in_Java, id=14128, stack(0x000000adc0500000,0x000000adc0600000) (1024K)]
  0x000001fb8bc0cc20 JavaThread "http-nio-8080-Poller"       daemon [_thread_in_native, id=7788, stack(0x000000adc0600000,0x000000adc0700000) (1024K)]
  0x000001fb8bc0bf00 JavaThread "http-nio-8080-Acceptor"     daemon [_thread_in_native, id=12092, stack(0x000000adc0700000,0x000000adc0800000) (1024K)]
  0x000001fb8bc11450 JavaThread "DestroyJavaVM"                     [_thread_blocked, id=3340, stack(0x000000adbd200000,0x000000adbd300000) (1024K)]
Total: 38

Other Threads:
  0x000001fb42bad230 VMThread "VM Thread"                           [id=17896, stack(0x000000adbd900000,0x000000adbda00000) (1024K)]
  0x000001fb42b96ca0 WatcherThread "VM Periodic Task Thread"        [id=15072, stack(0x000000adbd800000,0x000000adbd900000) (1024K)]
  0x000001fb3096e700 WorkerThread "GC Thread#0"                     [id=11592, stack(0x000000adbd300000,0x000000adbd400000) (1024K)]
  0x000001fb886a3c10 WorkerThread "GC Thread#1"                     [id=1728, stack(0x000000adbe700000,0x000000adbe800000) (1024K)]
  0x000001fb886a3fb0 WorkerThread "GC Thread#2"                     [id=18152, stack(0x000000adbe800000,0x000000adbe900000) (1024K)]
  0x000001fb886bb150 WorkerThread "GC Thread#3"                     [id=17124, stack(0x000000adbe900000,0x000000adbea00000) (1024K)]
  0x000001fb32a86720 ConcurrentGCThread "G1 Main Marker"            [id=3912, stack(0x000000adbd400000,0x000000adbd500000) (1024K)]
  0x000001fb32a89a40 WorkerThread "G1 Conc#0"                       [id=13596, stack(0x000000adbd500000,0x000000adbd600000) (1024K)]
  0x000001fb42a69100 ConcurrentGCThread "G1 Refine#0"               [id=484, stack(0x000000adbd600000,0x000000adbd700000) (1024K)]
  0x000001fb42a69b80 ConcurrentGCThread "G1 Service"                [id=7508, stack(0x000000adbd700000,0x000000adbd800000) (1024K)]
Total: 10

Threads with active compile tasks:
Total: 0

VM state: not at safepoint (normal execution)

VM Mutex/Monitor currently owned by a thread: None

Heap address: 0x0000000082800000, size: 2008 MB, Compressed Oops mode: 32-bit

CDS archive(s) mapped at: [0x000001fb43000000-0x000001fb43c90000-0x000001fb43c90000), size 13172736, SharedBaseAddress: 0x000001fb43000000, ArchiveRelocationMode: 1.
Compressed class space mapped at: 0x000001fb44000000-0x000001fb84000000, reserved size: 1073741824
Narrow klass base: 0x000001fb43000000, Narrow klass shift: 0, Narrow klass range: 0x100000000

GC Precious Log:
 CardTable entry size: 512
 Card Set container configuration: InlinePtr #cards 5 size 8 Array Of Cards #cards 12 size 40 Howl #buckets 4 coarsen threshold 1843 Howl Bitmap #cards 512 size 80 coarsen threshold 460 Card regions per heap region 1 cards per card region 2048
 CPUs: 4 total, 4 available
 Memory: 8024M
 Large Page Support: Disabled
 NUMA Support: Disabled
 Compressed Oops: Enabled (32-bit)
 Heap Region Size: 1M
 Heap Min Capacity: 8M
 Heap Initial Capacity: 126M
 Heap Max Capacity: 2008M
 Pre-touch: Disabled
 Parallel Workers: 4
 Concurrent Workers: 1
 Concurrent Refinement Workers: 4
 Periodic GC: Disabled

Heap:
 garbage-first heap   total 162816K, used 77836K [0x0000000082800000, 0x0000000100000000)
  region size 1024K, 16 young (16384K), 7 survivors (7168K)
 Metaspace       used 87030K, committed 88256K, reserved 1179648K
  class space    used 12034K, committed 12608K, reserved 1048576K

Heap Regions: E=young(eden), S=young(survivor), O=old, HS=humongous(starts), HC=humongous(continues), CS=collection set, F=free, TAMS=top-at-mark-start, PB=parsable bottom
|   0|0x0000000082800000, 0x0000000082900000, 0x0000000082900000|100%|HS|  |TAMS 0x0000000082800000| PB 0x0000000082800000| Complete 
|   1|0x0000000082900000, 0x0000000082a00000, 0x0000000082a00000|100%| O|  |TAMS 0x0000000082900000| PB 0x0000000082900000| Untracked 
|   2|0x0000000082a00000, 0x0000000082b00000, 0x0000000082b00000|100%| O|  |TAMS 0x0000000082a00000| PB 0x0000000082a00000| Untracked 
|   3|0x0000000082b00000, 0x0000000082c00000, 0x0000000082c00000|100%| O|  |TAMS 0x0000000082b00000| PB 0x0000000082b00000| Untracked 
|   4|0x0000000082c00000, 0x0000000082d00000, 0x0000000082d00000|100%| O|  |TAMS 0x0000000082c00000| PB 0x0000000082c00000| Untracked 
|   5|0x0000000082d00000, 0x0000000082e00000, 0x0000000082e00000|100%| O|  |TAMS 0x0000000082d00000| PB 0x0000000082d00000| Untracked 
|   6|0x0000000082e00000, 0x0000000082f00000, 0x0000000082f00000|100%| O|  |TAMS 0x0000000082e00000| PB 0x0000000082e00000| Untracked 
|   7|0x0000000082f00000, 0x0000000082fd7bf0, 0x0000000083000000| 84%| O|  |TAMS 0x0000000082f00000| PB 0x0000000082f00000| Untracked 
|   8|0x0000000083000000, 0x0000000083100000, 0x0000000083100000|100%| O|  |TAMS 0x0000000083000000| PB 0x0000000083000000| Untracked 
|   9|0x0000000083100000, 0x0000000083200000, 0x0000000083200000|100%| O|  |TAMS 0x0000000083100000| PB 0x0000000083100000| Untracked 
|  10|0x0000000083200000, 0x0000000083300000, 0x0000000083300000|100%| O|  |TAMS 0x0000000083200000| PB 0x0000000083200000| Untracked 
|  11|0x0000000083300000, 0x0000000083400000, 0x0000000083400000|100%| O|  |TAMS 0x0000000083300000| PB 0x0000000083300000| Untracked 
|  12|0x0000000083400000, 0x0000000083500000, 0x0000000083500000|100%| O|  |TAMS 0x0000000083400000| PB 0x0000000083400000| Untracked 
|  13|0x0000000083500000, 0x0000000083600000, 0x0000000083600000|100%| O|  |TAMS 0x0000000083500000| PB 0x0000000083500000| Untracked 
|  14|0x0000000083600000, 0x0000000083700000, 0x0000000083700000|100%| O|  |TAMS 0x0000000083600000| PB 0x0000000083600000| Untracked 
|  15|0x0000000083700000, 0x0000000083800000, 0x0000000083800000|100%| O|  |TAMS 0x0000000083700000| PB 0x0000000083700000| Untracked 
|  16|0x0000000083800000, 0x0000000083900000, 0x0000000083900000|100%| O|  |TAMS 0x0000000083800000| PB 0x0000000083800000| Untracked 
|  17|0x0000000083900000, 0x0000000083a00000, 0x0000000083a00000|100%| O|  |TAMS 0x0000000083900000| PB 0x0000000083900000| Untracked 
|  18|0x0000000083a00000, 0x0000000083b00000, 0x0000000083b00000|100%| O|  |TAMS 0x0000000083a00000| PB 0x0000000083a00000| Untracked 
|  19|0x0000000083b00000, 0x0000000083c00000, 0x0000000083c00000|100%| O|  |TAMS 0x0000000083b00000| PB 0x0000000083b00000| Untracked 
|  20|0x0000000083c00000, 0x0000000083d00000, 0x0000000083d00000|100%| O|  |TAMS 0x0000000083c00000| PB 0x0000000083c00000| Untracked 
|  21|0x0000000083d00000, 0x0000000083e00000, 0x0000000083e00000|100%| O|  |TAMS 0x0000000083d00000| PB 0x0000000083d00000| Untracked 
|  22|0x0000000083e00000, 0x0000000083f00000, 0x0000000083f00000|100%| O|  |TAMS 0x0000000083e00000| PB 0x0000000083e00000| Untracked 
|  23|0x0000000083f00000, 0x0000000083f00000, 0x0000000084000000|  0%| F|  |TAMS 0x0000000083f00000| PB 0x0000000083f00000| Untracked 
|  24|0x0000000084000000, 0x0000000084100000, 0x0000000084100000|100%| O|  |TAMS 0x0000000084000000| PB 0x0000000084000000| Untracked 
|  25|0x0000000084100000, 0x0000000084200000, 0x0000000084200000|100%| O|  |TAMS 0x0000000084100000| PB 0x0000000084100000| Untracked 
|  26|0x0000000084200000, 0x0000000084300000, 0x0000000084300000|100%| O|  |TAMS 0x0000000084200000| PB 0x0000000084200000| Untracked 
|  27|0x0000000084300000, 0x0000000084400000, 0x0000000084400000|100%| O|  |TAMS 0x0000000084300000| PB 0x0000000084300000| Untracked 
|  28|0x0000000084400000, 0x0000000084500000, 0x0000000084500000|100%| O|  |TAMS 0x0000000084400000| PB 0x0000000084400000| Untracked 
|  29|0x0000000084500000, 0x0000000084600000, 0x0000000084600000|100%| O|  |TAMS 0x0000000084500000| PB 0x0000000084500000| Untracked 
|  30|0x0000000084600000, 0x0000000084600000, 0x0000000084700000|  0%| F|  |TAMS 0x0000000084600000| PB 0x0000000084600000| Untracked 
|  31|0x0000000084700000, 0x0000000084800000, 0x0000000084800000|100%| O|  |TAMS 0x0000000084700000| PB 0x0000000084700000| Untracked 
|  32|0x0000000084800000, 0x0000000084900000, 0x0000000084900000|100%| O|  |TAMS 0x0000000084800000| PB 0x0000000084800000| Untracked 
|  33|0x0000000084900000, 0x0000000084a00000, 0x0000000084a00000|100%| O|  |TAMS 0x0000000084900000| PB 0x0000000084900000| Untracked 
|  34|0x0000000084a00000, 0x0000000084b00000, 0x0000000084b00000|100%| O|Cm|TAMS 0x0000000084a00000| PB 0x0000000084a00000| Complete 
|  35|0x0000000084b00000, 0x0000000084b00000, 0x0000000084c00000|  0%| F|  |TAMS 0x0000000084b00000| PB 0x0000000084b00000| Untracked 
|  36|0x0000000084c00000, 0x0000000084c00000, 0x0000000084d00000|  0%| F|  |TAMS 0x0000000084c00000| PB 0x0000000084c00000| Untracked 
|  37|0x0000000084d00000, 0x0000000084e00000, 0x0000000084e00000|100%| O|  |TAMS 0x0000000084d00000| PB 0x0000000084d00000| Untracked 
|  38|0x0000000084e00000, 0x0000000084f00000, 0x0000000084f00000|100%| O|  |TAMS 0x0000000084e00000| PB 0x0000000084e00000| Untracked 
|  39|0x0000000084f00000, 0x0000000085000000, 0x0000000085000000|100%| O|Cm|TAMS 0x0000000084f00000| PB 0x0000000084f00000| Complete 
|  40|0x0000000085000000, 0x0000000085100000, 0x0000000085100000|100%| O|Cm|TAMS 0x0000000085000000| PB 0x0000000085000000| Complete 
|  41|0x0000000085100000, 0x0000000085200000, 0x0000000085200000|100%| O|Cm|TAMS 0x0000000085100000| PB 0x0000000085100000| Complete 
|  42|0x0000000085200000, 0x0000000085300000, 0x0000000085300000|100%| O|Cm|TAMS 0x0000000085200000| PB 0x0000000085200000| Complete 
|  43|0x0000000085300000, 0x0000000085400000, 0x0000000085400000|100%| O|Cm|TAMS 0x0000000085300000| PB 0x0000000085300000| Complete 
|  44|0x0000000085400000, 0x0000000085500000, 0x0000000085500000|100%| O|Cm|TAMS 0x0000000085400000| PB 0x0000000085400000| Complete 
|  45|0x0000000085500000, 0x0000000085600000, 0x0000000085600000|100%| O|  |TAMS 0x0000000085500000| PB 0x0000000085500000| Untracked 
|  46|0x0000000085600000, 0x0000000085700000, 0x0000000085700000|100%| O|  |TAMS 0x0000000085600000| PB 0x0000000085600000| Untracked 
|  47|0x0000000085700000, 0x0000000085800000, 0x0000000085800000|100%| O|  |TAMS 0x0000000085700000| PB 0x0000000085700000| Untracked 
|  48|0x0000000085800000, 0x0000000085900000, 0x0000000085900000|100%| O|  |TAMS 0x0000000085800000| PB 0x0000000085800000| Untracked 
|  49|0x0000000085900000, 0x0000000085a00000, 0x0000000085a00000|100%| O|Cm|TAMS 0x0000000085900000| PB 0x0000000085900000| Complete 
|  50|0x0000000085a00000, 0x0000000085b00000, 0x0000000085b00000|100%| O|Cm|TAMS 0x0000000085a00000| PB 0x0000000085a00000| Complete 
|  51|0x0000000085b00000, 0x0000000085c00000, 0x0000000085c00000|100%| O|Cm|TAMS 0x0000000085b00000| PB 0x0000000085b00000| Complete 
|  52|0x0000000085c00000, 0x0000000085d00000, 0x0000000085d00000|100%| O|Cm|TAMS 0x0000000085c00000| PB 0x0000000085c00000| Complete 
|  53|0x0000000085d00000, 0x0000000085e00000, 0x0000000085e00000|100%| O|Cm|TAMS 0x0000000085d00000| PB 0x0000000085d00000| Complete 
|  54|0x0000000085e00000, 0x0000000085f00000, 0x0000000085f00000|100%| O|  |TAMS 0x0000000085e00000| PB 0x0000000085e00000| Untracked 
|  55|0x0000000085f00000, 0x0000000086000000, 0x0000000086000000|100%| O|Cm|TAMS 0x0000000085f00000| PB 0x0000000085f00000| Complete 
|  56|0x0000000086000000, 0x0000000086100000, 0x0000000086100000|100%| O|Cm|TAMS 0x0000000086000000| PB 0x0000000086000000| Complete 
|  57|0x0000000086100000, 0x0000000086200000, 0x0000000086200000|100%| O|Cm|TAMS 0x0000000086100000| PB 0x0000000086100000| Complete 
|  58|0x0000000086200000, 0x0000000086200000, 0x0000000086300000|  0%| F|  |TAMS 0x0000000086200000| PB 0x0000000086200000| Untracked 
|  59|0x0000000086300000, 0x0000000086400000, 0x0000000086400000|100%| O|  |TAMS 0x0000000086300000| PB 0x0000000086300000| Untracked 
|  60|0x0000000086400000, 0x0000000086500000, 0x0000000086500000|100%| O|Cm|TAMS 0x0000000086400000| PB 0x0000000086400000| Complete 
|  61|0x0000000086500000, 0x0000000086600000, 0x0000000086600000|100%| O|  |TAMS 0x0000000086500000| PB 0x0000000086500000| Untracked 
|  62|0x0000000086600000, 0x0000000086600000, 0x0000000086700000|  0%| F|  |TAMS 0x0000000086600000| PB 0x0000000086600000| Untracked 
|  63|0x0000000086700000, 0x0000000086700000, 0x0000000086800000|  0%| F|  |TAMS 0x0000000086700000| PB 0x0000000086700000| Untracked 
|  64|0x0000000086800000, 0x0000000086800000, 0x0000000086900000|  0%| F|  |TAMS 0x0000000086800000| PB 0x0000000086800000| Untracked 
|  65|0x0000000086900000, 0x0000000086900000, 0x0000000086a00000|  0%| F|  |TAMS 0x0000000086900000| PB 0x0000000086900000| Untracked 
|  66|0x0000000086a00000, 0x0000000086a00000, 0x0000000086b00000|  0%| F|  |TAMS 0x0000000086a00000| PB 0x0000000086a00000| Untracked 
|  67|0x0000000086b00000, 0x0000000086b00000, 0x0000000086c00000|  0%| F|  |TAMS 0x0000000086b00000| PB 0x0000000086b00000| Untracked 
|  68|0x0000000086c00000, 0x0000000086c00000, 0x0000000086d00000|  0%| F|  |TAMS 0x0000000086c00000| PB 0x0000000086c00000| Untracked 
|  69|0x0000000086d00000, 0x0000000086e00000, 0x0000000086e00000|100%| O|  |TAMS 0x0000000086d00000| PB 0x0000000086d00000| Untracked 
|  70|0x0000000086e00000, 0x0000000086f00000, 0x0000000086f00000|100%| O|  |TAMS 0x0000000086e00000| PB 0x0000000086e00000| Untracked 
|  71|0x0000000086f00000, 0x0000000087000000, 0x0000000087000000|100%| O|  |TAMS 0x0000000086f00000| PB 0x0000000086f00000| Untracked 
|  72|0x0000000087000000, 0x000000008703c280, 0x0000000087100000| 23%| O|  |TAMS 0x0000000087000000| PB 0x0000000087000000| Untracked 
|  73|0x0000000087100000, 0x0000000087100000, 0x0000000087200000|  0%| F|  |TAMS 0x0000000087100000| PB 0x0000000087100000| Untracked 
|  74|0x0000000087200000, 0x0000000087200000, 0x0000000087300000|  0%| F|  |TAMS 0x0000000087200000| PB 0x0000000087200000| Untracked 
|  75|0x0000000087300000, 0x0000000087300000, 0x0000000087400000|  0%| F|  |TAMS 0x0000000087300000| PB 0x0000000087300000| Untracked 
|  76|0x0000000087400000, 0x0000000087400000, 0x0000000087500000|  0%| F|  |TAMS 0x0000000087400000| PB 0x0000000087400000| Untracked 
|  77|0x0000000087500000, 0x0000000087500000, 0x0000000087600000|  0%| F|  |TAMS 0x0000000087500000| PB 0x0000000087500000| Untracked 
|  78|0x0000000087600000, 0x0000000087600000, 0x0000000087700000|  0%| F|  |TAMS 0x0000000087600000| PB 0x0000000087600000| Untracked 
|  79|0x0000000087700000, 0x0000000087700000, 0x0000000087800000|  0%| F|  |TAMS 0x0000000087700000| PB 0x0000000087700000| Untracked 
|  80|0x0000000087800000, 0x0000000087800000, 0x0000000087900000|  0%| F|  |TAMS 0x0000000087800000| PB 0x0000000087800000| Untracked 
|  81|0x0000000087900000, 0x00000000879ef390, 0x0000000087a00000| 93%| S|CS|TAMS 0x0000000087900000| PB 0x0000000087900000| Complete 
|  82|0x0000000087a00000, 0x0000000087b00000, 0x0000000087b00000|100%| S|CS|TAMS 0x0000000087a00000| PB 0x0000000087a00000| Complete 
|  83|0x0000000087b00000, 0x0000000087c00000, 0x0000000087c00000|100%| S|CS|TAMS 0x0000000087b00000| PB 0x0000000087b00000| Complete 
|  84|0x0000000087c00000, 0x0000000087d00000, 0x0000000087d00000|100%| S|CS|TAMS 0x0000000087c00000| PB 0x0000000087c00000| Complete 
|  85|0x0000000087d00000, 0x0000000087e00000, 0x0000000087e00000|100%| S|CS|TAMS 0x0000000087d00000| PB 0x0000000087d00000| Complete 
|  86|0x0000000087e00000, 0x0000000087f00000, 0x0000000087f00000|100%| S|CS|TAMS 0x0000000087e00000| PB 0x0000000087e00000| Complete 
|  87|0x0000000087f00000, 0x0000000088000000, 0x0000000088000000|100%| S|CS|TAMS 0x0000000087f00000| PB 0x0000000087f00000| Complete 
|  88|0x0000000088000000, 0x0000000088000000, 0x0000000088100000|  0%| F|  |TAMS 0x0000000088000000| PB 0x0000000088000000| Untracked 
|  89|0x0000000088100000, 0x0000000088100000, 0x0000000088200000|  0%| F|  |TAMS 0x0000000088100000| PB 0x0000000088100000| Untracked 
|  90|0x0000000088200000, 0x0000000088200000, 0x0000000088300000|  0%| F|  |TAMS 0x0000000088200000| PB 0x0000000088200000| Untracked 
|  91|0x0000000088300000, 0x0000000088300000, 0x0000000088400000|  0%| F|  |TAMS 0x0000000088300000| PB 0x0000000088300000| Untracked 
|  92|0x0000000088400000, 0x0000000088400000, 0x0000000088500000|  0%| F|  |TAMS 0x0000000088400000| PB 0x0000000088400000| Untracked 
|  93|0x0000000088500000, 0x0000000088500000, 0x0000000088600000|  0%| F|  |TAMS 0x0000000088500000| PB 0x0000000088500000| Untracked 
|  94|0x0000000088600000, 0x0000000088600000, 0x0000000088700000|  0%| F|  |TAMS 0x0000000088600000| PB 0x0000000088600000| Untracked 
|  95|0x0000000088700000, 0x0000000088700000, 0x0000000088800000|  0%| F|  |TAMS 0x0000000088700000| PB 0x0000000088700000| Untracked 
|  96|0x0000000088800000, 0x0000000088800000, 0x0000000088900000|  0%| F|  |TAMS 0x0000000088800000| PB 0x0000000088800000| Untracked 
|  97|0x0000000088900000, 0x0000000088900000, 0x0000000088a00000|  0%| F|  |TAMS 0x0000000088900000| PB 0x0000000088900000| Untracked 
|  98|0x0000000088a00000, 0x0000000088a00000, 0x0000000088b00000|  0%| F|  |TAMS 0x0000000088a00000| PB 0x0000000088a00000| Untracked 
|  99|0x0000000088b00000, 0x0000000088b00000, 0x0000000088c00000|  0%| F|  |TAMS 0x0000000088b00000| PB 0x0000000088b00000| Untracked 
| 100|0x0000000088c00000, 0x0000000088c00000, 0x0000000088d00000|  0%| F|  |TAMS 0x0000000088c00000| PB 0x0000000088c00000| Untracked 
| 101|0x0000000088d00000, 0x0000000088d00000, 0x0000000088e00000|  0%| F|  |TAMS 0x0000000088d00000| PB 0x0000000088d00000| Untracked 
| 102|0x0000000088e00000, 0x0000000088e00000, 0x0000000088f00000|  0%| F|  |TAMS 0x0000000088e00000| PB 0x0000000088e00000| Untracked 
| 103|0x0000000088f00000, 0x0000000088f00000, 0x0000000089000000|  0%| F|  |TAMS 0x0000000088f00000| PB 0x0000000088f00000| Untracked 
| 104|0x0000000089000000, 0x0000000089000000, 0x0000000089100000|  0%| F|  |TAMS 0x0000000089000000| PB 0x0000000089000000| Untracked 
| 105|0x0000000089100000, 0x0000000089100000, 0x0000000089200000|  0%| F|  |TAMS 0x0000000089100000| PB 0x0000000089100000| Untracked 
| 106|0x0000000089200000, 0x0000000089200000, 0x0000000089300000|  0%| F|  |TAMS 0x0000000089200000| PB 0x0000000089200000| Untracked 
| 107|0x0000000089300000, 0x0000000089300000, 0x0000000089400000|  0%| F|  |TAMS 0x0000000089300000| PB 0x0000000089300000| Untracked 
| 108|0x0000000089400000, 0x0000000089400000, 0x0000000089500000|  0%| F|  |TAMS 0x0000000089400000| PB 0x0000000089400000| Untracked 
| 109|0x0000000089500000, 0x0000000089500000, 0x0000000089600000|  0%| F|  |TAMS 0x0000000089500000| PB 0x0000000089500000| Untracked 
| 110|0x0000000089600000, 0x0000000089600000, 0x0000000089700000|  0%| F|  |TAMS 0x0000000089600000| PB 0x0000000089600000| Untracked 
| 111|0x0000000089700000, 0x0000000089700000, 0x0000000089800000|  0%| F|  |TAMS 0x0000000089700000| PB 0x0000000089700000| Untracked 
| 112|0x0000000089800000, 0x0000000089800000, 0x0000000089900000|  0%| F|  |TAMS 0x0000000089800000| PB 0x0000000089800000| Untracked 
| 113|0x0000000089900000, 0x0000000089900000, 0x0000000089a00000|  0%| F|  |TAMS 0x0000000089900000| PB 0x0000000089900000| Untracked 
| 114|0x0000000089a00000, 0x0000000089a00000, 0x0000000089b00000|  0%| F|  |TAMS 0x0000000089a00000| PB 0x0000000089a00000| Untracked 
| 115|0x0000000089b00000, 0x0000000089b00000, 0x0000000089c00000|  0%| F|  |TAMS 0x0000000089b00000| PB 0x0000000089b00000| Untracked 
| 116|0x0000000089c00000, 0x0000000089c00000, 0x0000000089d00000|  0%| F|  |TAMS 0x0000000089c00000| PB 0x0000000089c00000| Untracked 
| 117|0x0000000089d00000, 0x0000000089d00000, 0x0000000089e00000|  0%| F|  |TAMS 0x0000000089d00000| PB 0x0000000089d00000| Untracked 
| 118|0x0000000089e00000, 0x0000000089e00000, 0x0000000089f00000|  0%| F|  |TAMS 0x0000000089e00000| PB 0x0000000089e00000| Untracked 
| 119|0x0000000089f00000, 0x0000000089f00000, 0x000000008a000000|  0%| F|  |TAMS 0x0000000089f00000| PB 0x0000000089f00000| Untracked 
| 120|0x000000008a000000, 0x000000008a000000, 0x000000008a100000|  0%| F|  |TAMS 0x000000008a000000| PB 0x000000008a000000| Untracked 
| 121|0x000000008a100000, 0x000000008a100000, 0x000000008a200000|  0%| F|  |TAMS 0x000000008a100000| PB 0x000000008a100000| Untracked 
| 122|0x000000008a200000, 0x000000008a200000, 0x000000008a300000|  0%| F|  |TAMS 0x000000008a200000| PB 0x000000008a200000| Untracked 
| 123|0x000000008a300000, 0x000000008a300000, 0x000000008a400000|  0%| F|  |TAMS 0x000000008a300000| PB 0x000000008a300000| Untracked 
| 124|0x000000008a400000, 0x000000008a400000, 0x000000008a500000|  0%| F|  |TAMS 0x000000008a400000| PB 0x000000008a400000| Untracked 
| 125|0x000000008a500000, 0x000000008a500000, 0x000000008a600000|  0%| F|  |TAMS 0x000000008a500000| PB 0x000000008a500000| Untracked 
| 126|0x000000008a600000, 0x000000008a600000, 0x000000008a700000|  0%| F|  |TAMS 0x000000008a600000| PB 0x000000008a600000| Untracked 
| 127|0x000000008a700000, 0x000000008a700000, 0x000000008a800000|  0%| F|  |TAMS 0x000000008a700000| PB 0x000000008a700000| Untracked 
| 128|0x000000008a800000, 0x000000008a800000, 0x000000008a900000|  0%| F|  |TAMS 0x000000008a800000| PB 0x000000008a800000| Untracked 
| 129|0x000000008a900000, 0x000000008a900000, 0x000000008aa00000|  0%| F|  |TAMS 0x000000008a900000| PB 0x000000008a900000| Untracked 
| 130|0x000000008aa00000, 0x000000008aa00000, 0x000000008ab00000|  0%| F|  |TAMS 0x000000008aa00000| PB 0x000000008aa00000| Untracked 
| 131|0x000000008ab00000, 0x000000008ab00000, 0x000000008ac00000|  0%| F|  |TAMS 0x000000008ab00000| PB 0x000000008ab00000| Untracked 
| 132|0x000000008ac00000, 0x000000008ac00000, 0x000000008ad00000|  0%| F|  |TAMS 0x000000008ac00000| PB 0x000000008ac00000| Untracked 
| 133|0x000000008ad00000, 0x000000008ad00000, 0x000000008ae00000|  0%| F|  |TAMS 0x000000008ad00000| PB 0x000000008ad00000| Untracked 
| 134|0x000000008ae00000, 0x000000008ae00000, 0x000000008af00000|  0%| F|  |TAMS 0x000000008ae00000| PB 0x000000008ae00000| Untracked 
| 135|0x000000008af00000, 0x000000008af00000, 0x000000008b000000|  0%| F|  |TAMS 0x000000008af00000| PB 0x000000008af00000| Untracked 
| 136|0x000000008b000000, 0x000000008b000000, 0x000000008b100000|  0%| F|  |TAMS 0x000000008b000000| PB 0x000000008b000000| Untracked 
| 137|0x000000008b100000, 0x000000008b100000, 0x000000008b200000|  0%| F|  |TAMS 0x000000008b100000| PB 0x000000008b100000| Untracked 
| 138|0x000000008b200000, 0x000000008b200000, 0x000000008b300000|  0%| F|  |TAMS 0x000000008b200000| PB 0x000000008b200000| Untracked 
| 139|0x000000008b300000, 0x000000008b300000, 0x000000008b400000|  0%| F|  |TAMS 0x000000008b300000| PB 0x000000008b300000| Untracked 
| 140|0x000000008b400000, 0x000000008b400000, 0x000000008b500000|  0%| F|  |TAMS 0x000000008b400000| PB 0x000000008b400000| Untracked 
| 141|0x000000008b500000, 0x000000008b500000, 0x000000008b600000|  0%| F|  |TAMS 0x000000008b500000| PB 0x000000008b500000| Untracked 
| 142|0x000000008b600000, 0x000000008b600000, 0x000000008b700000|  0%| F|  |TAMS 0x000000008b600000| PB 0x000000008b600000| Untracked 
| 143|0x000000008b700000, 0x000000008b700000, 0x000000008b800000|  0%| F|  |TAMS 0x000000008b700000| PB 0x000000008b700000| Untracked 
| 144|0x000000008b800000, 0x000000008b800000, 0x000000008b900000|  0%| F|  |TAMS 0x000000008b800000| PB 0x000000008b800000| Untracked 
| 145|0x000000008b900000, 0x000000008b900000, 0x000000008ba00000|  0%| F|  |TAMS 0x000000008b900000| PB 0x000000008b900000| Untracked 
| 146|0x000000008ba00000, 0x000000008ba00000, 0x000000008bb00000|  0%| F|  |TAMS 0x000000008ba00000| PB 0x000000008ba00000| Untracked 
| 147|0x000000008bb00000, 0x000000008bb00000, 0x000000008bc00000|  0%| F|  |TAMS 0x000000008bb00000| PB 0x000000008bb00000| Untracked 
| 148|0x000000008bc00000, 0x000000008bc00000, 0x000000008bd00000|  0%| F|  |TAMS 0x000000008bc00000| PB 0x000000008bc00000| Untracked 
| 149|0x000000008bd00000, 0x000000008bd0cb40, 0x000000008be00000|  4%| E|  |TAMS 0x000000008bd00000| PB 0x000000008bd00000| Complete 
| 150|0x000000008be00000, 0x000000008bf00000, 0x000000008bf00000|100%| E|CS|TAMS 0x000000008be00000| PB 0x000000008be00000| Complete 
| 151|0x000000008bf00000, 0x000000008c000000, 0x000000008c000000|100%| E|CS|TAMS 0x000000008bf00000| PB 0x000000008bf00000| Complete 
| 152|0x000000008c000000, 0x000000008c100000, 0x000000008c100000|100%| E|CS|TAMS 0x000000008c000000| PB 0x000000008c000000| Complete 
| 153|0x000000008c100000, 0x000000008c200000, 0x000000008c200000|100%| E|CS|TAMS 0x000000008c100000| PB 0x000000008c100000| Complete 
| 154|0x000000008c200000, 0x000000008c300000, 0x000000008c300000|100%| E|CS|TAMS 0x000000008c200000| PB 0x000000008c200000| Complete 
| 155|0x000000008c300000, 0x000000008c400000, 0x000000008c400000|100%| E|CS|TAMS 0x000000008c300000| PB 0x000000008c300000| Complete 
| 156|0x000000008c400000, 0x000000008c500000, 0x000000008c500000|100%| E|CS|TAMS 0x000000008c400000| PB 0x000000008c400000| Complete 
|2006|0x00000000ffe00000, 0x00000000fff00000, 0x00000000fff00000|100%| E|CS|TAMS 0x00000000ffe00000| PB 0x00000000ffe00000| Complete 
|2007|0x00000000fff00000, 0x0000000100000000, 0x0000000100000000|100%| O|Cm|TAMS 0x00000000fff00000| PB 0x00000000fff00000| Complete 

Card table byte_map: [0x000001fb3e4c0000,0x000001fb3e8b0000] _byte_map_base: 0x000001fb3e0ac000

Marking Bits: (CMBitMap*) 0x000001fb32a76580
 Bits: [0x000001fb3e8b0000, 0x000001fb40810000)

Polling page: 0x000001fb309c0000

Metaspace:

Usage:
  Non-class:     73.24 MB used.
      Class:     11.75 MB used.
       Both:     84.99 MB used.

Virtual space:
  Non-class space:      128.00 MB reserved,      73.88 MB ( 58%) committed,  2 nodes.
      Class space:        1.00 GB reserved,      12.31 MB (  1%) committed,  1 nodes.
             Both:        1.12 GB reserved,      86.19 MB (  7%) committed. 

Chunk freelists:
   Non-Class:  5.26 MB
       Class:  3.54 MB
        Both:  8.81 MB

MaxMetaspaceSize: unlimited
CompressedClassSpaceSize: 1.00 GB
Initial GC threshold: 21.00 MB
Current GC threshold: 138.75 MB
CDS: on
 - commit_granule_bytes: 65536.
 - commit_granule_words: 8192.
 - virtual_space_node_default_size: 8388608.
 - enlarge_chunks_in_place: 1.
 - use_allocation_guard: 0.


Internal statistics:

num_allocs_failed_limit: 15.
num_arena_births: 1954.
num_arena_deaths: 6.
num_vsnodes_births: 3.
num_vsnodes_deaths: 0.
num_space_committed: 1379.
num_space_uncommitted: 0.
num_chunks_returned_to_freelist: 24.
num_chunks_taken_from_freelist: 5114.
num_chunk_merges: 17.
num_chunk_splits: 3649.
num_chunks_enlarged: 2666.
num_inconsistent_stats: 0.

CodeCache: size=49152Kb used=16942Kb max_used=17717Kb free=32209Kb
 bounds [0x000001fb3b0d0000, 0x000001fb3c240000, 0x000001fb3e0d0000]
 total_blobs=8957 nmethods=7922 adapters=959
 compilation: enabled
              stopped_count=0, restarted_count=0
 full_count=0

Compilation events (20 events):
Event: 154.773 Thread 0x000001fb42be2460 8568       1       java.util.concurrent.locks.AbstractQueuedSynchronizer$ConditionObject::unlinkCancelledWaiters (91 bytes)
Event: 154.774 Thread 0x000001fb42be2460 nmethod 8568 0x000001fb3c0c4b10 code [0x000001fb3c0c4cc0, 0x000001fb3c0c4f60]
Event: 157.179 Thread 0x000001fb42be2460 8569       1       org.apache.tomcat.util.net.SocketProperties::getTimeoutInterval (5 bytes)
Event: 157.179 Thread 0x000001fb42be2460 nmethod 8569 0x000001fb3c0c4810 code [0x000001fb3c0c49a0, 0x000001fb3c0c4a68]
Event: 157.578 Thread 0x000001fb42be2460 8570       1       org.springframework.boot.devtools.filewatch.FileSystemWatcher$Watcher::isDifferent (105 bytes)
Event: 157.579 Thread 0x000001fb42be2460 nmethod 8570 0x000001fb3c0c3e90 code [0x000001fb3c0c4100, 0x000001fb3c0c4578]
Event: 157.579 Thread 0x000001fb42be2460 8571       1       org.springframework.boot.devtools.filewatch.DirectorySnapshot::equals (46 bytes)
Event: 157.580 Thread 0x000001fb42be2460 nmethod 8571 0x000001fb3c0c3790 code [0x000001fb3c0c3960, 0x000001fb3c0c3c28]
Event: 157.580 Thread 0x000001fb42be2460 8572       1       java.util.Collections$UnmodifiableSet::equals (24 bytes)
Event: 157.580 Thread 0x000001fb42be2460 nmethod 8572 0x000001fb3c0c3410 code [0x000001fb3c0c35c0, 0x000001fb3c0c36f0]
Event: 175.998 Thread 0x000001fb42be2460 8573       1       java.io.DataInputStream::readUTF (501 bytes)
Event: 176.001 Thread 0x000001fb42be2460 nmethod 8573 0x000001fb3c0c1490 code [0x000001fb3c0c1820, 0x000001fb3c0c2928]
Event: 176.001 Thread 0x000001fb42be2460 8574       1       java.util.concurrent.atomic.AtomicBoolean::set (14 bytes)
Event: 176.001 Thread 0x000001fb42be2460 nmethod 8574 0x000001fb3c0c1190 code [0x000001fb3c0c1320, 0x000001fb3c0c1400]
Event: 176.905 Thread 0x000001fb42be2460 8575       1       java.util.Date::<init> (10 bytes)
Event: 176.906 Thread 0x000001fb42be2460 nmethod 8575 0x000001fb3c0c0e90 code [0x000001fb3c0c1020, 0x000001fb3c0c10e8]
Event: 183.123 Thread 0x000001fb42be2460 8576   !   1       java.io.ObjectInputStream::readObject (160 bytes)
Event: 183.125 Thread 0x000001fb42be2460 nmethod 8576 0x000001fb3c0c0090 code [0x000001fb3c0c02c0, 0x000001fb3c0c0808]
Event: 183.125 Thread 0x000001fb42be2460 8577       1       java.io.ObjectInputStream$BlockDataInputStream::currentBlockRemaining (41 bytes)
Event: 183.125 Thread 0x000001fb42be2460 nmethod 8577 0x000001fb3c0bfc90 code [0x000001fb3c0bfe40, 0x000001fb3c0bfff0]

GC Heap History (20 events):
Event: 20.381 GC heap before
{Heap before GC invocations=23 (full 0):
 garbage-first heap   total 81920K, used 74343K [0x0000000082800000, 0x0000000100000000)
  region size 1024K, 46 young (47104K), 3 survivors (3072K)
 Metaspace       used 68402K, committed 69056K, reserved 1114112K
  class space    used 9373K, committed 9664K, reserved 1048576K
}
Event: 20.394 GC heap after
{Heap after GC invocations=24 (full 0):
 garbage-first heap   total 81920K, used 32023K [0x0000000082800000, 0x0000000100000000)
  region size 1024K, 5 young (5120K), 5 survivors (5120K)
 Metaspace       used 68402K, committed 69056K, reserved 1114112K
  class space    used 9373K, committed 9664K, reserved 1048576K
}
Event: 21.271 GC heap before
{Heap before GC invocations=24 (full 0):
 garbage-first heap   total 81920K, used 71959K [0x0000000082800000, 0x0000000100000000)
  region size 1024K, 44 young (45056K), 5 survivors (5120K)
 Metaspace       used 70958K, committed 71744K, reserved 1114112K
  class space    used 9763K, committed 10112K, reserved 1048576K
}
Event: 21.283 GC heap after
{Heap after GC invocations=25 (full 0):
 garbage-first heap   total 81920K, used 33014K [0x0000000082800000, 0x0000000100000000)
  region size 1024K, 5 young (5120K), 5 survivors (5120K)
 Metaspace       used 70958K, committed 71744K, reserved 1114112K
  class space    used 9763K, committed 10112K, reserved 1048576K
}
Event: 22.246 GC heap before
{Heap before GC invocations=25 (full 0):
 garbage-first heap   total 81920K, used 69878K [0x0000000082800000, 0x0000000100000000)
  region size 1024K, 42 young (43008K), 5 survivors (5120K)
 Metaspace       used 73243K, committed 74048K, reserved 1114112K
  class space    used 10063K, committed 10432K, reserved 1048576K
}
Event: 22.264 GC heap after
{Heap after GC invocations=26 (full 0):
 garbage-first heap   total 81920K, used 36193K [0x0000000082800000, 0x0000000100000000)
  region size 1024K, 6 young (6144K), 6 survivors (6144K)
 Metaspace       used 73243K, committed 74048K, reserved 1114112K
  class space    used 10063K, committed 10432K, reserved 1048576K
}
Event: 22.590 GC heap before
{Heap before GC invocations=27 (full 0):
 garbage-first heap   total 91136K, used 69985K [0x0000000082800000, 0x0000000100000000)
  region size 1024K, 39 young (39936K), 6 survivors (6144K)
 Metaspace       used 73246K, committed 74048K, reserved 1114112K
  class space    used 10066K, committed 10432K, reserved 1048576K
}
Event: 22.612 GC heap after
{Heap after GC invocations=28 (full 0):
 garbage-first heap   total 91136K, used 44118K [0x0000000082800000, 0x0000000100000000)
  region size 1024K, 5 young (5120K), 5 survivors (5120K)
 Metaspace       used 73246K, committed 74048K, reserved 1114112K
  class space    used 10066K, committed 10432K, reserved 1048576K
}
Event: 23.011 GC heap before
{Heap before GC invocations=28 (full 0):
 garbage-first heap   total 91136K, used 77910K [0x0000000082800000, 0x0000000100000000)
  region size 1024K, 38 young (38912K), 5 survivors (5120K)
 Metaspace       used 73276K, committed 74048K, reserved 1114112K
  class space    used 10078K, committed 10432K, reserved 1048576K
}
Event: 23.034 GC heap after
{Heap after GC invocations=29 (full 0):
 garbage-first heap   total 162816K, used 51878K [0x0000000082800000, 0x0000000100000000)
  region size 1024K, 5 young (5120K), 5 survivors (5120K)
 Metaspace       used 73276K, committed 74048K, reserved 1114112K
  class space    used 10078K, committed 10432K, reserved 1048576K
}
Event: 24.730 GC heap before
{Heap before GC invocations=29 (full 0):
 garbage-first heap   total 162816K, used 134822K [0x0000000082800000, 0x0000000100000000)
  region size 1024K, 87 young (89088K), 5 survivors (5120K)
 Metaspace       used 76439K, committed 77248K, reserved 1179648K
  class space    used 10596K, committed 10944K, reserved 1048576K
}
Event: 24.764 GC heap after
{Heap after GC invocations=30 (full 0):
 garbage-first heap   total 162816K, used 63706K [0x0000000082800000, 0x0000000100000000)
  region size 1024K, 11 young (11264K), 11 survivors (11264K)
 Metaspace       used 76439K, committed 77248K, reserved 1179648K
  class space    used 10596K, committed 10944K, reserved 1048576K
}
Event: 48.269 GC heap before
{Heap before GC invocations=30 (full 0):
 garbage-first heap   total 162816K, used 135386K [0x0000000082800000, 0x0000000100000000)
  region size 1024K, 82 young (83968K), 11 survivors (11264K)
 Metaspace       used 82966K, committed 84032K, reserved 1179648K
  class space    used 11522K, committed 12032K, reserved 1048576K
}
Event: 48.301 GC heap after
{Heap after GC invocations=31 (full 0):
 garbage-first heap   total 162816K, used 69385K [0x0000000082800000, 0x0000000100000000)
  region size 1024K, 5 young (5120K), 5 survivors (5120K)
 Metaspace       used 82966K, committed 84032K, reserved 1179648K
  class space    used 11522K, committed 12032K, reserved 1048576K
}
Event: 48.524 GC heap before
{Heap before GC invocations=31 (full 0):
 garbage-first heap   total 162816K, used 81673K [0x0000000082800000, 0x0000000100000000)
  region size 1024K, 13 young (13312K), 5 survivors (5120K)
 Metaspace       used 83436K, committed 84544K, reserved 1179648K
  class space    used 11593K, committed 12096K, reserved 1048576K
}
Event: 48.537 GC heap after
{Heap after GC invocations=32 (full 0):
 garbage-first heap   total 162816K, used 75438K [0x0000000082800000, 0x0000000100000000)
  region size 1024K, 6 young (6144K), 6 survivors (6144K)
 Metaspace       used 83436K, committed 84544K, reserved 1179648K
  class space    used 11593K, committed 12096K, reserved 1048576K
}
Event: 48.537 GC heap before
{Heap before GC invocations=32 (full 0):
 garbage-first heap   total 162816K, used 77486K [0x0000000082800000, 0x0000000100000000)
  region size 1024K, 7 young (7168K), 6 survivors (6144K)
 Metaspace       used 83436K, committed 84544K, reserved 1179648K
  class space    used 11593K, committed 12096K, reserved 1048576K
}
Event: 48.549 GC heap after
{Heap after GC invocations=33 (full 0):
 garbage-first heap   total 162816K, used 77155K [0x0000000082800000, 0x0000000100000000)
  region size 1024K, 3 young (3072K), 3 survivors (3072K)
 Metaspace       used 83436K, committed 84544K, reserved 1179648K
  class space    used 11593K, committed 12096K, reserved 1048576K
}
Event: 90.721 GC heap before
{Heap before GC invocations=34 (full 0):
 garbage-first heap   total 162816K, used 140643K [0x0000000082800000, 0x0000000100000000)
  region size 1024K, 70 young (71680K), 3 survivors (3072K)
 Metaspace       used 87015K, committed 88256K, reserved 1179648K
  class space    used 12033K, committed 12608K, reserved 1048576K
}
Event: 90.737 GC heap after
{Heap after GC invocations=35 (full 0):
 garbage-first heap   total 162816K, used 69644K [0x0000000082800000, 0x0000000100000000)
  region size 1024K, 7 young (7168K), 7 survivors (7168K)
 Metaspace       used 87015K, committed 88256K, reserved 1179648K
  class space    used 12033K, committed 12608K, reserved 1048576K
}

Dll operation events (12 events):
Event: 0.046 Loaded shared library C:\pleiades\2023-12\java\21\bin\java.dll
Event: 0.751 Loaded shared library C:\pleiades\2023-12\java\21\bin\zip.dll
Event: 0.773 Loaded shared library C:\pleiades\2023-12\java\21\bin\instrument.dll
Event: 0.791 Loaded shared library C:\pleiades\2023-12\java\21\bin\net.dll
Event: 0.794 Loaded shared library C:\pleiades\2023-12\java\21\bin\nio.dll
Event: 0.805 Loaded shared library C:\pleiades\2023-12\java\21\bin\zip.dll
Event: 1.330 Loaded shared library C:\pleiades\2023-12\java\21\bin\jimage.dll
Event: 1.502 Loaded shared library C:\pleiades\2023-12\java\21\bin\management.dll
Event: 1.533 Loaded shared library C:\pleiades\2023-12\java\21\bin\management_ext.dll
Event: 2.158 Loaded shared library C:\pleiades\2023-12\java\21\bin\verify.dll
Event: 2.485 Loaded shared library C:\pleiades\2023-12\java\21\bin\extnet.dll
Event: 7.569 Loaded shared library C:\pleiades\2023-12\java\21\bin\sunmscapi.dll

Deoptimization events (20 events):
Event: 104.617 Thread 0x000001fb8bc0ab50 DEOPT PACKING pc=0x000001fb3b590659 sp=0x000000adc04faa70
Event: 104.617 Thread 0x000001fb8bc0ab50 DEOPT UNPACKING pc=0x000001fb3b124e42 sp=0x000000adc04f9ec8 mode 1
Event: 104.617 Thread 0x000001fb8bc0ab50 DEOPT PACKING pc=0x000001fb3b5859ac sp=0x000000adc04fab00
Event: 104.617 Thread 0x000001fb8bc0ab50 DEOPT UNPACKING pc=0x000001fb3b124e42 sp=0x000000adc04f9fa8 mode 1
Event: 104.617 Thread 0x000001fb8bc0ab50 DEOPT PACKING pc=0x000001fb3b54b994 sp=0x000000adc04fb580
Event: 104.617 Thread 0x000001fb8bc0ab50 DEOPT UNPACKING pc=0x000001fb3b124e42 sp=0x000000adc04faa48 mode 1
Event: 104.617 Thread 0x000001fb8bc0ab50 DEOPT PACKING pc=0x000001fb3b54bd0c sp=0x000000adc04fb610
Event: 104.617 Thread 0x000001fb8bc0ab50 DEOPT UNPACKING pc=0x000001fb3b124e42 sp=0x000000adc04faae8 mode 1
Event: 104.617 Thread 0x000001fb8bc0ab50 DEOPT PACKING pc=0x000001fb3b5859ac sp=0x000000adc04fb760
Event: 104.617 Thread 0x000001fb8bc0ab50 DEOPT UNPACKING pc=0x000001fb3b124e42 sp=0x000000adc04fac08 mode 1
Event: 104.617 Thread 0x000001fb8bc0ab50 DEOPT PACKING pc=0x000001fb3b54b994 sp=0x000000adc04fc1e0
Event: 104.618 Thread 0x000001fb8bc0ab50 DEOPT UNPACKING pc=0x000001fb3b124e42 sp=0x000000adc04fb6a8 mode 1
Event: 104.618 Thread 0x000001fb8bc0ab50 DEOPT PACKING pc=0x000001fb3b54bd0c sp=0x000000adc04fc270
Event: 104.618 Thread 0x000001fb8bc0ab50 DEOPT UNPACKING pc=0x000001fb3b124e42 sp=0x000000adc04fb748 mode 1
Event: 104.619 Thread 0x000001fb8bc0ab50 DEOPT PACKING pc=0x000001fb3b54b994 sp=0x000000adc04fcf00
Event: 104.619 Thread 0x000001fb8bc0ab50 DEOPT UNPACKING pc=0x000001fb3b124e42 sp=0x000000adc04fc3c8 mode 1
Event: 104.619 Thread 0x000001fb8bc0ab50 DEOPT PACKING pc=0x000001fb3b8e23dc sp=0x000000adc04fcf90
Event: 104.619 Thread 0x000001fb8bc0ab50 DEOPT UNPACKING pc=0x000001fb3b124e42 sp=0x000000adc04fc5b0 mode 1
Event: 193.612 Thread 0x000001fb8bc0b870 DEOPT PACKING pc=0x000001fb3c1642c4 sp=0x000000adc05fd3f0
Event: 193.612 Thread 0x000001fb8bc0b870 DEOPT UNPACKING pc=0x000001fb3b124e42 sp=0x000000adc05fc898 mode 0

Classes loaded (20 events):
Event: 50.045 Loading class java/util/Collections$UnmodifiableListCustomizer
Event: 50.045 Loading class java/util/Collections$UnmodifiableListCustomizer done
Event: 50.050 Loading class java/util/Collections$UnmodifiableRandomAccessListCustomizer
Event: 50.050 Loading class java/util/Collections$UnmodifiableRandomAccessListCustomizer done
Event: 50.053 Loading class java/util/Collections$UnmodifiableRandomAccessListCustomizer
Event: 50.053 Loading class java/util/Collections$UnmodifiableRandomAccessListCustomizer done
Event: 50.554 Loading class java/util/concurrent/locks/ReentrantReadWriteLock$Sync$HoldCounter
Event: 50.554 Loading class java/util/concurrent/locks/ReentrantReadWriteLock$Sync$HoldCounter done
Event: 50.558 Loading class java/util/ArrayList$SubList$2
Event: 50.558 Loading class java/util/ArrayList$SubList$2 done
Event: 50.580 Loading class java/time/format/DateTimeFormatterBuilder$ZoneTextPrinterParser
Event: 50.581 Loading class java/time/format/DateTimeFormatterBuilder$ZoneTextPrinterParser done
Event: 50.582 Loading class java/time/format/DateTimeFormatterBuilder$ReducedPrinterParser
Event: 50.582 Loading class java/time/format/DateTimeFormatterBuilder$ReducedPrinterParser done
Event: 54.580 Loading class java/lang/IntegerEditor
Event: 54.580 Loading class java/lang/IntegerEditor done
Event: 54.590 Loading class java/lang/StringEditor
Event: 54.590 Loading class java/lang/StringEditor done
Event: 84.133 Loading class java/lang/Throwable$WrappedPrintWriter
Event: 84.134 Loading class java/lang/Throwable$WrappedPrintWriter done

Classes unloaded (3 events):
Event: 48.737 Thread 0x000001fb42bad230 Unloading class 0x000001fb449d4400 'jdk/internal/reflect/GeneratedSerializationConstructorAccessor24'
Event: 48.737 Thread 0x000001fb42bad230 Unloading class 0x000001fb449d4000 'jdk/internal/reflect/GeneratedSerializationConstructorAccessor23'
Event: 48.737 Thread 0x000001fb42bad230 Unloading class 0x000001fb449ac000 'jdk/internal/reflect/GeneratedSerializationConstructorAccessor22'

Classes redefined (1 events):
Event: 193.677 Thread 0x000001fb42bad230 redefined class name=com.example.demo.controller.AuthorsController, count=1

Internal exceptions (20 events):
Event: 50.023 Thread 0x000001fb88f93520 Exception <a 'java/lang/ClassNotFoundException'{0x00000000895b7898}: org/thymeleaf/engine/ElementModelStructureHandlerCustomizer> (0x00000000895b7898) 
thrown [s\src\hotspot\share\classfile\systemDictionary.cpp, line 312]
Event: 50.025 Thread 0x000001fb88f93520 Exception <a 'java/lang/NoSuchMethodError'{0x00000000895c4090}: 'void java.lang.invoke.DirectMethodHandle$Holder.invokeStaticInit(java.lang.Object, java.lang.Object, java.lang.Object, java.lang.Object, int)'> (0x00000000895c4090) 
thrown [s\src\hotspot\share\interpreter\linkResolver.cpp, line 773]
Event: 50.026 Thread 0x000001fb88f93520 Exception <a 'java/lang/NoSuchMethodError'{0x00000000895cb268}: 'void java.lang.invoke.DelegatingMethodHandle$Holder.reinvoke_L(java.lang.Object, java.lang.Object, java.lang.Object, java.lang.Object, int)'> (0x00000000895cb268) 
thrown [s\src\hotspot\share\interpreter\linkResolver.cpp, line 773]
Event: 50.039 Thread 0x000001fb88f93520 Exception <a 'java/lang/ClassNotFoundException'{0x00000000895fffb0}: java/util/Collections$UnmodifiableRandomAccessListBeanInfo> (0x00000000895fffb0) 
thrown [s\src\hotspot\share\classfile\systemDictionary.cpp, line 312]
Event: 50.042 Thread 0x000001fb88f93520 Exception <a 'java/lang/ClassNotFoundException'{0x00000000894049b8}: java/util/Collections$UnmodifiableListBeanInfo> (0x00000000894049b8) 
thrown [s\src\hotspot\share\classfile\systemDictionary.cpp, line 312]
Event: 50.046 Thread 0x000001fb88f93520 Exception <a 'java/lang/ClassNotFoundException'{0x0000000089409268}: java/util/Collections$UnmodifiableListCustomizer> (0x0000000089409268) 
thrown [s\src\hotspot\share\classfile\systemDictionary.cpp, line 312]
Event: 50.053 Thread 0x000001fb88f93520 Exception <a 'java/lang/ClassNotFoundException'{0x000000008944b138}: java/util/Collections$UnmodifiableRandomAccessListCustomizer> (0x000000008944b138) 
thrown [s\src\hotspot\share\classfile\systemDictionary.cpp, line 312]
Event: 50.392 Thread 0x000001fb88f93520 Exception <a 'java/lang/ClassNotFoundException'{0x0000000088dbf950}: org/thymeleaf/model/AttributeValueQuotesBeanInfo> (0x0000000088dbf950) 
thrown [s\src\hotspot\share\classfile\systemDictionary.cpp, line 312]
Event: 50.396 Thread 0x000001fb88f93520 Exception <a 'java/lang/ClassNotFoundException'{0x0000000088dc8460}: org/thymeleaf/model/AttributeValueQuotesCustomizer> (0x0000000088dc8460) 
thrown [s\src\hotspot\share\classfile\systemDictionary.cpp, line 312]
Event: 50.398 Thread 0x000001fb88f93520 Exception <a 'java/lang/NoSuchMethodError'{0x0000000088dcfab8}: 'java.lang.Object java.lang.invoke.DirectMethodHandle$Holder.invokeInterface(java.lang.Object, java.lang.Object, java.lang.Object, java.lang.Object, java.lang.Object, int)'> (0x0000000088dcfab8) 
thrown [s\src\hotspot\share\interpreter\linkResolver.cpp, line 773]
Event: 50.408 Thread 0x000001fb88f93520 Exception <a 'java/lang/NoSuchMethodError'{0x0000000088c10230}: 'java.lang.Object java.lang.invoke.Invokers$Holder.linkToCallSite(java.lang.Object, java.lang.Object, int, java.lang.Object)'> (0x0000000088c10230) 
thrown [s\src\hotspot\share\interpreter\linkResolver.cpp, line 773]
Event: 50.415 Thread 0x000001fb88f93520 Exception <a 'java/lang/ClassNotFoundException'{0x0000000088c27a38}: org/thymeleaf/engine/ElementTagStructureHandlerBeanInfo> (0x0000000088c27a38) 
thrown [s\src\hotspot\share\classfile\systemDictionary.cpp, line 312]
Event: 50.419 Thread 0x000001fb88f93520 Exception <a 'java/lang/ClassNotFoundException'{0x0000000088c308c8}: org/thymeleaf/engine/ElementTagStructureHandlerCustomizer> (0x0000000088c308c8) 
thrown [s\src\hotspot\share\classfile\systemDictionary.cpp, line 312]
Event: 50.422 Thread 0x000001fb88f93520 Exception <a 'java/lang/NoSuchMethodError'{0x0000000088c44848}: 'void java.lang.invoke.DirectMethodHandle$Holder.invokeInterface(java.lang.Object, java.lang.Object, java.lang.Object, int)'> (0x0000000088c44848) 
thrown [s\src\hotspot\share\interpreter\linkResolver.cpp, line 773]
Event: 50.422 Thread 0x000001fb88f93520 Exception <a 'java/lang/NoSuchMethodError'{0x0000000088c48888}: 'void java.lang.invoke.DirectMethodHandle$Holder.invokeSpecial(java.lang.Object, java.lang.Object, java.lang.Object, java.lang.Object, int)'> (0x0000000088c48888) 
thrown [s\src\hotspot\share\interpreter\linkResolver.cpp, line 773]
Event: 50.423 Thread 0x000001fb88f93520 Exception <a 'java/lang/NoSuchMethodError'{0x0000000088c4c2d0}: 'void java.lang.invoke.DelegatingMethodHandle$Holder.reinvoke_L(java.lang.Object, java.lang.Object, java.lang.Object, int)'> (0x0000000088c4c2d0) 
thrown [s\src\hotspot\share\interpreter\linkResolver.cpp, line 773]
Event: 50.424 Thread 0x000001fb88f93520 Exception <a 'java/lang/NoSuchMethodError'{0x0000000088c55c88}: 'java.lang.Object java.lang.invoke.DelegatingMethodHandle$Holder.delegate(java.lang.Object, java.lang.Object, java.lang.Object, java.lang.Object, int)'> (0x0000000088c55c88) 
thrown [s\src\hotspot\share\interpreter\linkResolver.cpp, line 773]
Event: 50.425 Thread 0x000001fb88f93520 Exception <a 'java/lang/NoSuchMethodError'{0x0000000088c64d70}: 'int java.lang.invoke.DirectMethodHandle$Holder.invokeSpecial(java.lang.Object, java.lang.Object, java.lang.Object, java.lang.Object, int)'> (0x0000000088c64d70) 
thrown [s\src\hotspot\share\interpreter\linkResolver.cpp, line 773]
Event: 50.557 Thread 0x000001fb88f93bb0 Exception <a 'java/lang/NoSuchMethodError'{0x0000000088a39530}: 'java.lang.Object java.lang.invoke.DirectMethodHandle$Holder.invokeStatic(java.lang.Object, int, int)'> (0x0000000088a39530) 
thrown [s\src\hotspot\share\interpreter\linkResolver.cpp, line 773]
Event: 50.557 Thread 0x000001fb88f92e90 Exception <a 'java/lang/NoSuchMethodError'{0x0000000088a41d80}: 'java.lang.Object java.lang.invoke.DirectMethodHandle$Holder.invokeStatic(java.lang.Object, int, int)'> (0x0000000088a41d80) 
thrown [s\src\hotspot\share\interpreter\linkResolver.cpp, line 773]

ZGC Phase Switch (0 events):
No events

VM Operations (20 events):
Event: 120.320 Executing VM operation: RendezvousGCThreads
Event: 120.320 Executing VM operation: RendezvousGCThreads done
Event: 123.344 Executing VM operation: Cleanup
Event: 123.344 Executing VM operation: Cleanup done
Event: 138.422 Executing VM operation: Cleanup
Event: 138.422 Executing VM operation: Cleanup done
Event: 180.559 Executing VM operation: HandshakeAllThreads (HandshakeForDeflation)
Event: 180.559 Executing VM operation: HandshakeAllThreads (HandshakeForDeflation) done
Event: 180.559 Executing VM operation: RendezvousGCThreads
Event: 180.559 Executing VM operation: RendezvousGCThreads done
Event: 193.612 Executing VM operation: ChangeSingleStep
Event: 193.612 Executing VM operation: ChangeSingleStep done
Event: 193.612 Executing VM operation: ChangeSingleStep
Event: 193.612 Executing VM operation: ChangeSingleStep done
Event: 193.654 Executing VM operation: RedefineClasses
Event: 193.719 Executing VM operation: RedefineClasses done
Event: 193.769 Executing VM operation: ChangeBreakpoints
Event: 193.775 Executing VM operation: ChangeBreakpoints done
Event: 193.818 Executing VM operation: ChangeSingleStep
Event: 193.818 Executing VM operation: ChangeSingleStep done

Events (20 events):
Event: 48.757 Thread 0x000001fb42bad230 flushing nmethod 0x000001fb3b1f1e90
Event: 48.757 Thread 0x000001fb42bad230 flushing nmethod 0x000001fb3b1ff590
Event: 48.757 Thread 0x000001fb42bad230 flushing nmethod 0x000001fb3b1efd10
Event: 48.757 Thread 0x000001fb42bad230 flushing nmethod 0x000001fb3b1f4d10
Event: 48.757 Thread 0x000001fb42bad230 flushing nmethod 0x000001fb3b1f3c10
Event: 48.927 Thread 0x000001fb8bc0f380 Thread added: 0x000001fb8bc0f380
Event: 48.929 Thread 0x000001fb8bc11ae0 Thread added: 0x000001fb8bc11ae0
Event: 48.996 Thread 0x000001fb89133fe0 Thread added: 0x000001fb89133fe0
Event: 48.998 Thread 0x000001fb891368c0 Thread added: 0x000001fb891368c0
Event: 53.766 Thread 0x000001fb891368c0 Thread exited: 0x000001fb891368c0
Event: 53.767 Thread 0x000001fb89133fe0 Thread exited: 0x000001fb89133fe0
Event: 56.886 Thread 0x000001fb89133fe0 Thread added: 0x000001fb89133fe0
Event: 56.886 Thread 0x000001fb89134d80 Thread added: 0x000001fb89134d80
Event: 63.295 Thread 0x000001fb89134d80 Thread exited: 0x000001fb89134d80
Event: 68.863 Thread 0x000001fb89133fe0 Thread exited: 0x000001fb89133fe0
Event: 93.040 Thread 0x000001fb880ae560 Thread exited: 0x000001fb880ae560
Event: 108.561 Thread 0x000001fb89133fe0 Thread added: 0x000001fb89133fe0
Event: 109.266 Thread 0x000001fb8bc0f380 Thread exited: 0x000001fb8bc0f380
Event: 113.921 Thread 0x000001fb89133fe0 Thread exited: 0x000001fb89133fe0
Event: 169.273 Thread 0x000001fb8bc11ae0 Thread exited: 0x000001fb8bc11ae0


Dynamic libraries:
0x00007ff67a880000 - 0x00007ff67a88e000 	C:\pleiades\2023-12\java\21\bin\javaw.exe
0x00007ffc320d0000 - 0x00007ffc322c8000 	C:\WINDOWS\SYSTEM32\ntdll.dll
0x00007ffc31f60000 - 0x00007ffc3201d000 	C:\WINDOWS\System32\KERNEL32.DLL
0x00007ffc2f7a0000 - 0x00007ffc2fa96000 	C:\WINDOWS\System32\KERNELBASE.dll
0x00007ffc2c9c0000 - 0x00007ffc2ca50000 	C:\WINDOWS\SYSTEM32\apphelp.dll
0x00007ffc2fdb0000 - 0x00007ffc2feb0000 	C:\WINDOWS\System32\ucrtbase.dll
0x00007ffc2a910000 - 0x00007ffc2a928000 	C:\pleiades\2023-12\java\21\bin\jli.dll
0x00007ffc30a90000 - 0x00007ffc30c2e000 	C:\WINDOWS\System32\USER32.dll
0x00007ffc2fc10000 - 0x00007ffc2fc32000 	C:\WINDOWS\System32\win32u.dll
0x00007ffc31a20000 - 0x00007ffc31a4c000 	C:\WINDOWS\System32\GDI32.dll
0x00007ffc2fc40000 - 0x00007ffc2fd5a000 	C:\WINDOWS\System32\gdi32full.dll
0x00007ffc30080000 - 0x00007ffc3011d000 	C:\WINDOWS\System32\msvcp_win.dll
0x00007ffc18400000 - 0x00007ffc1869a000 	C:\WINDOWS\WinSxS\amd64_microsoft.windows.common-controls_6595b64144ccf1df_6.0.19041.3636_none_60b6a03d71f818d5\COMCTL32.dll
0x00007ffc31db0000 - 0x00007ffc31e4e000 	C:\WINDOWS\System32\msvcrt.dll
0x00007ffc2a8d0000 - 0x00007ffc2a8eb000 	C:\pleiades\2023-12\java\21\bin\VCRUNTIME140.dll
0x00007ffc30a40000 - 0x00007ffc30a70000 	C:\WINDOWS\System32\IMM32.DLL
0x00007ffc2c8e0000 - 0x00007ffc2c8ec000 	C:\pleiades\2023-12\java\21\bin\vcruntime140_1.dll
0x00007ffc03040000 - 0x00007ffc030ce000 	C:\pleiades\2023-12\java\21\bin\msvcp140.dll
0x00007ffbe9020000 - 0x00007ffbe9da1000 	C:\pleiades\2023-12\java\21\bin\server\jvm.dll
0x00007ffc317b0000 - 0x00007ffc31863000 	C:\WINDOWS\System32\ADVAPI32.dll
0x00007ffc31220000 - 0x00007ffc312bf000 	C:\WINDOWS\System32\sechost.dll
0x00007ffc312c0000 - 0x00007ffc313e6000 	C:\WINDOWS\System32\RPCRT4.dll
0x00007ffc2fb30000 - 0x00007ffc2fb57000 	C:\WINDOWS\System32\bcrypt.dll
0x00007ffc32020000 - 0x00007ffc3208b000 	C:\WINDOWS\System32\WS2_32.dll
0x00007ffc2f330000 - 0x00007ffc2f37b000 	C:\WINDOWS\SYSTEM32\POWRPROF.dll
0x00007ffc1a680000 - 0x00007ffc1a6a7000 	C:\WINDOWS\SYSTEM32\WINMM.dll
0x00007ffc212e0000 - 0x00007ffc212ea000 	C:\WINDOWS\SYSTEM32\VERSION.dll
0x00007ffc2f2f0000 - 0x00007ffc2f302000 	C:\WINDOWS\SYSTEM32\UMPDC.dll
0x00007ffc2dfa0000 - 0x00007ffc2dfb2000 	C:\WINDOWS\SYSTEM32\kernel.appcore.dll
0x00007ffc2c890000 - 0x00007ffc2c89a000 	C:\pleiades\2023-12\java\21\bin\jimage.dll
0x00007ffc2abf0000 - 0x00007ffc2add4000 	C:\WINDOWS\SYSTEM32\DBGHELP.DLL
0x00007ffc1cad0000 - 0x00007ffc1cb04000 	C:\WINDOWS\SYSTEM32\dbgcore.DLL
0x00007ffc2faa0000 - 0x00007ffc2fb22000 	C:\WINDOWS\System32\bcryptPrimitives.dll
0x00007ffc08200000 - 0x00007ffc0823c000 	C:\pleiades\2023-12\java\21\bin\jdwp.dll
0x00007ffc2abc0000 - 0x00007ffc2abcf000 	C:\pleiades\2023-12\java\21\bin\instrument.dll
0x00007ffc27de0000 - 0x00007ffc27dff000 	C:\pleiades\2023-12\java\21\bin\java.dll
0x00007ffc302f0000 - 0x00007ffc30a35000 	C:\WINDOWS\System32\SHELL32.dll
0x00007ffc2d7e0000 - 0x00007ffc2df7b000 	C:\WINDOWS\SYSTEM32\windows.storage.dll
0x00007ffc31a50000 - 0x00007ffc31da4000 	C:\WINDOWS\System32\combase.dll
0x00007ffc2f020000 - 0x00007ffc2f04d000 	C:\WINDOWS\SYSTEM32\Wldp.dll
0x00007ffc31170000 - 0x00007ffc3121d000 	C:\WINDOWS\System32\SHCORE.dll
0x00007ffc31540000 - 0x00007ffc31595000 	C:\WINDOWS\System32\shlwapi.dll
0x00007ffc2f6d0000 - 0x00007ffc2f6f5000 	C:\WINDOWS\SYSTEM32\profapi.dll
0x00007ffc2a900000 - 0x00007ffc2a90c000 	C:\pleiades\2023-12\java\21\bin\dt_socket.dll
0x00007ffc2eb10000 - 0x00007ffc2eb4b000 	C:\WINDOWS\SYSTEM32\IPHLPAPI.DLL
0x00007ffc2ee00000 - 0x00007ffc2ee6a000 	C:\WINDOWS\system32\mswsock.dll
0x00007ffc2eb50000 - 0x00007ffc2ec1a000 	C:\WINDOWS\SYSTEM32\DNSAPI.dll
0x00007ffc31530000 - 0x00007ffc31538000 	C:\WINDOWS\System32\NSI.dll
0x00007ffc1fbd0000 - 0x00007ffc1fbda000 	C:\Windows\System32\rasadhlp.dll
0x00007ffc1ffc0000 - 0x00007ffc20040000 	C:\WINDOWS\System32\fwpuclnt.dll
0x00007ffc0d170000 - 0x00007ffc0d188000 	C:\pleiades\2023-12\java\21\bin\zip.dll
0x00007ffc2a4f0000 - 0x00007ffc2a500000 	C:\pleiades\2023-12\java\21\bin\net.dll
0x00007ffc25280000 - 0x00007ffc2538a000 	C:\WINDOWS\SYSTEM32\WINHTTP.dll
0x00007ffc0d030000 - 0x00007ffc0d046000 	C:\pleiades\2023-12\java\21\bin\nio.dll
0x00007ffc296c0000 - 0x00007ffc296ca000 	C:\pleiades\2023-12\java\21\bin\management.dll
0x00007ffc287d0000 - 0x00007ffc287db000 	C:\pleiades\2023-12\java\21\bin\management_ext.dll
0x00007ffc315a0000 - 0x00007ffc315a8000 	C:\WINDOWS\System32\PSAPI.DLL
0x00007ffba3ed0000 - 0x00007ffba3ee7000 	C:\WINDOWS\system32\napinsp.dll
0x00007ffba3eb0000 - 0x00007ffba3ecb000 	C:\WINDOWS\system32\pnrpnsp.dll
0x00007ffc29650000 - 0x00007ffc29665000 	C:\WINDOWS\system32\wshbth.dll
0x00007ffc2a7c0000 - 0x00007ffc2a7dd000 	C:\WINDOWS\system32\NLAapi.dll
0x00007ffba3e90000 - 0x00007ffba3ea2000 	C:\WINDOWS\System32\winrnr.dll
0x00007ffc256a0000 - 0x00007ffc256b0000 	C:\pleiades\2023-12\java\21\bin\verify.dll
0x00007ffc2f060000 - 0x00007ffc2f078000 	C:\WINDOWS\SYSTEM32\CRYPTSP.dll
0x00007ffc2e750000 - 0x00007ffc2e784000 	C:\WINDOWS\system32\rsaenh.dll
0x00007ffc2f690000 - 0x00007ffc2f6be000 	C:\WINDOWS\SYSTEM32\USERENV.dll
0x00007ffc2ef90000 - 0x00007ffc2ef9c000 	C:\WINDOWS\SYSTEM32\CRYPTBASE.dll
0x00007ffc0ef90000 - 0x00007ffc0ef97000 	C:\pleiades\2023-12\java\21\bin\extnet.dll
0x00007ffc0c8c0000 - 0x00007ffc0c8ce000 	C:\pleiades\2023-12\java\21\bin\sunmscapi.dll
0x00007ffc2ff20000 - 0x00007ffc3007d000 	C:\WINDOWS\System32\CRYPT32.dll
0x00007ffc2f1d0000 - 0x00007ffc2f1f8000 	C:\WINDOWS\SYSTEM32\ncrypt.dll
0x00007ffc2f190000 - 0x00007ffc2f1cb000 	C:\WINDOWS\SYSTEM32\NTASN1.dll
0x00007ffc0c8b0000 - 0x00007ffc0c8b7000 	C:\WINDOWS\system32\wshunix.dll

dbghelp: loaded successfully - version: 4.0.5 - missing functions: none
symbol engine: initialized successfully - sym options: 0x614 - pdb path: .;C:\pleiades\2023-12\java\21\bin;C:\WINDOWS\SYSTEM32;C:\WINDOWS\WinSxS\amd64_microsoft.windows.common-controls_6595b64144ccf1df_6.0.19041.3636_none_60b6a03d71f818d5;C:\pleiades\2023-12\java\21\bin\server

VM Arguments:
jvm_args: -XX:+ShowCodeDetailsInExceptionMessages -agentlib:jdwp=transport=dt_socket,suspend=y,address=localhost:56263 -Dcom.sun.management.jmxremote -Dcom.sun.management.jmxremote.port=56262 -Dcom.sun.management.jmxremote.authenticate=false -Dcom.sun.management.jmxremote.ssl=false -Djava.rmi.server.hostname=localhost -Dspring.jmx.enabled=true -Dmanagement.endpoints.jmx.exposure.include=* -Dspring.application.admin.enabled=true -XX:TieredStopAtLevel=1 -Dspring.boot.project.name=book -javaagent:C:\pleiades\2023-12\eclipse\configuration\org.eclipse.osgi\249\0\.cp\lib\javaagent-shaded.jar -Dfile.encoding=UTF-8 -Dstdout.encoding=UTF-8 -Dstderr.encoding=UTF-8 
java_command: com.example.demo.BookApplication --spring.output.ansi.enabled=always
java_class_path (initial): C:\pleiades\2023-12\workspace\book\target\classes;C:\Users\masayuki\.m2\repository\org\springframework\boot\spring-boot-starter-data-jdbc\3.2.2\spring-boot-starter-data-jdbc-3.2.2.jar;C:\Users\masayuki\.m2\repository\org\springframework\boot\spring-boot-starter-jdbc\3.2.2\spring-boot-starter-jdbc-3.2.2.jar;C:\Users\masayuki\.m2\repository\com\zaxxer\HikariCP\5.0.1\HikariCP-5.0.1.jar;C:\Users\masayuki\.m2\repository\org\springframework\spring-jdbc\6.1.3\spring-jdbc-6.1.3.jar;C:\Users\masayuki\.m2\repository\org\springframework\data\spring-data-jdbc\3.2.2\spring-data-jdbc-3.2.2.jar;C:\Users\masayuki\.m2\repository\org\springframework\data\spring-data-relational\3.2.2\spring-data-relational-3.2.2.jar;C:\Users\masayuki\.m2\repository\com\github\jsqlparser\jsqlparser\4.6\jsqlparser-4.6.jar;C:\Users\masayuki\.m2\repository\org\springframework\data\spring-data-commons\3.2.2\spring-data-commons-3.2.2.jar;C:\Users\masayuki\.m2\repository\org\springframework\spring-tx\6.1.3\spring-tx-6.1.3.jar;C:\Users\masayuki\.m2\repository\org\springframework\spring-context\6.1.3\spring-context-6.1.3.jar;C:\Users\masayuki\.m2\repository\org\springframework\spring-beans\6.1.3\spring-beans-6.1.3.jar;C:\Users\masayuki\.m2\repository\org\springframework\boot\spring-boot-starter-data-jpa\3.2.2\spring-boot-starter-data-jpa-3.2.2.jar;C:\Users\masayuki\.m2\repository\org\springframework\boot\spring-boot-starter-aop\3.2.2\spring-boot-starter-aop-3.2.2.jar;C:\Users\masayuki\.m2\repository\org\springframework\spring-aop\6.1.3\spring-aop-6.1.3.jar;C:\Users\masayuki\.m2\repository\org\aspectj\aspectjweaver\1.9.21\aspectjweaver-1.9.21.jar;C:\Users\masayuki\.m2\repository\org\hibernate\orm\hibernate-core\6.4.1.Final\hibernate-core-6.4.1.Final.jar;C:\Users\masayuki\.m2\repository\jakarta\persistence\jakarta.persistence-api\3.1.0\jakarta.persistence-api-3.1.0.jar;C:\Users\masayuki\.m2\repository\jakarta\transaction\jakarta.transaction-api\2.0.1\jakarta.transaction-api-2.0.1.jar;C:\Users\masayuki\.m2\repository\org\jboss\logging\jboss-logging\3.5.3.Final\jboss-logging-3.5.3.Final.jar;C:\Users\masayuki\.m2\repository\org\hibernate\common\hibernate-commons-annotations\6.0.6.Final\hibernate-commons-annotations-6.0.6.Final.jar;C:\Users\masayuki\.m2\repository\io\smallrye\jandex\3.1.2\jandex-3.1.2.jar;C:\Users\masayuki\.m2\repository\com\fasterxml\classmate\1.6.0\classmate-1.6.0.jar;C:\Users\masayuki\.m2\repository\net\bytebuddy\byte-buddy\1.14.11\byte-buddy-1.14.11.jar;C:\Users\masayuki\.m2\repository\org\glassfish\jaxb\jaxb-runtime\4.0.4\jaxb-runtime-4.0.4.jar;C:\Users\masayuki\.m2\repository\org\glassfish\jaxb\jaxb-core\4.0.4\jaxb-core-4.0.4.jar;C:\Users\masayuki\.m2\repository\org\eclipse\angus\angus-activation\2.0.1\angus-activation-2.0.1.jar;C:\Users\masayuki\.m2\repository\org\glassfish\jaxb\txw2\4.0.4\txw2-4.0.4.jar;C:\Users\masayuki\.m2\repository\com\sun\istack\istack-commons-runtime\4.1.2\istack-commons-runtime-4.1.2.jar;C:\Users\masayuki\.m2\repository\jakarta\inject\jakarta.inject-api\2.0.1\jakarta.inject-api-2.0.1.jar;C:\Users\masayuki\.m2\repository\org\antlr\antlr4-runtime\4.13.0\antlr4-runtime-4.13.0.jar;C:\Users\masayuki\.m2\repository\org\springframework\data\spring-data-jpa\3.2.2\spring-data-jpa-3.2.2.jar;C:\Users\masayuki\.m2\repository\org\springframework\spring-orm\6.1.3\spring-orm-6.1.3.jar;C:\Users\masayuki\.m2\repository\jakarta\annotation\jakarta.annotation-api\2.1.1\jakarta.annotation-api-2.1.1.jar;C:\Users\masayuki\.m2\repository\org\springframework\spring-aspects\6.1.3\spring-aspects-6.1.3.jar;C:\Users\masayuki\.m2\repository\org\springframework\boot\spring-boot-starter-thymeleaf\3.2.2\spring-boot-starter-thymeleaf-3.2.2.jar;C:\Users\masayuki\.m2\repository\org\springframework\boot\spring-boot-starter\3.2.2\spring-boot-starter-3.2.2.jar;C:\Users\masayuki\.m2\repository\org\springframework\boot\spring-boot-starter-logging\3.2.2\spring-boot-starter-logging-3.2.2.jar;C:\Users\masayuki\.m2\repository\ch\qos\logback\logback-classic\1.4.14\logback-classic-1.4.14.jar;C:\Users\masayuki\.m2\repository\ch\qos\logback\logback-core\1.4.14\logback-core-1.4.14.jar;C:\Users\masayuki\.m2\repository\org\apache\logging\log4j\log4j-to-slf4j\2.21.1\log4j-to-slf4j-2.21.1.jar;C:\Users\masayuki\.m2\repository\org\apache\logging\log4j\log4j-api\2.21.1\log4j-api-2.21.1.jar;C:\Users\masayuki\.m2\repository\org\slf4j\jul-to-slf4j\2.0.11\jul-to-slf4j-2.0.11.jar;C:\Users\masayuki\.m2\repository\org\yaml\snakeyaml\2.2\snakeyaml-2.2.jar;C:\Users\masayuki\.m2\repository\org\thymeleaf\thymeleaf-spring6\3.1.2.RELEASE\thymeleaf-spring6-3.1.2.RELEASE.jar;C:\Users\masayuki\.m2\repository\org\springframework\boot\spring-boot-starter-validation\3.2.2\spring-boot-starter-validation-3.2.2.jar;C:\Users\masayuki\.m2\repository\org\apache\tomcat\embed\tomcat-embed-el\10.1.18\tomcat-embed-el-10.1.18.jar;C:\Users\masayuki\.m2\repository\org\hibernate\validator\hibernate-validator\8.0.1.Final\hibernate-validator-8.0.1.Final.jar;C:\Users\masayuki\.m2\repository\jakarta\validation\jakarta.validation-api\3.0.2\jakarta.validation-api-3.0.2.jar;C:\Users\masayuki\.m2\repository\org\springframework\boot\spring-boot-starter-web\3.2.2\spring-boot-starter-web-3.2.2.jar;C:\Users\masayuki\.m2\repository\org\springframework\boot\spring-boot-starter-json\3.2.2\spring-boot-starter-json-3.2.2.jar;C:\Users\masayuki\.m2\repository\com\fasterxml\jackson\core\jackson-databind\2.15.3\jackson-databind-2.15.3.jar;C:\Users\masayuki\.m2\repository\com\fasterxml\jackson\core\jackson-annotations\2.15.3\jackson-annotations-2.15.3.jar;C:\Users\masayuki\.m2\repository\com\fasterxml\jackson\datatype\jackson-datatype-jdk8\2.15.3\jackson-datatype-jdk8-2.15.3.jar;C:\Users\masayuki\.m2\repository\com\fasterxml\jackson\datatype\jackson-datatype-jsr310\2.15.3\jackson-datatype-jsr310-2.15.3.jar;C:\Users\masayuki\.m2\repository\com\fasterxml\jackson\module\jackson-module-parameter-names\2.15.3\jackson-module-parameter-names-2.15.3.jar;C:\Users\masayuki\.m2\repository\org\springframework\boot\spring-boot-starter-tomcat\3.2.2\spring-boot-starter-tomcat-3.2.2.jar;C:\Users\masayuki\.m2\repository\org\apache\tomcat\embed\tomcat-embed-core\10.1.18\tomcat-embed-core-10.1.18.jar;C:\Users\masayuki\.m2\repository\org\apache\tomcat\embed\tomcat-embed-websocket\10.1.18\tomcat-embed-websocket-10.1.18.jar;C:\Users\masayuki\.m2\repository\org\springframework\spring-web\6.1.3\spring-web-6.1.3.jar;C:\Users\masayuki\.m2\repository\io\micrometer\micrometer-observation\1.12.2\micrometer-observation-1.12.2.jar;C:\Users\masayuki\.m2\repository\io\micrometer\micrometer-commons\1.12.2\micrometer-commons-1.12.2.jar;C:\Users\masayuki\.m2\repository\org\springframework\spring-webmvc\6.1.3\spring-webmvc-6.1.3.jar;C:\Users\masayuki\.m2\repository\org\springframework\spring-expression\6.1.3\spring-expression-6.1.3.jar;C:\Users\masayuki\.m2\repository\org\springframework\boot\spring-boot-devtools\3.2.2\spring-boot-devtools-3.2.2.jar;C:\Users\masayuki\.m2\repository\org\springframework\boot\spring-boot\3.2.2\spring-boot-3.2.2.jar;C:\Users\masayuki\.m2\repository\org\springframework\boot\spring-boot-autoconfigure\3.2.2\spring-boot-autoconfigure-3.2.2.jar;C:\Users\masayuki\.m2\repository\com\mysql\mysql-connector-j\8.3.0\mysql-connector-j-8.3.0.jar;C:\Users\masayuki\.m2\repository\org\projectlombok\lombok\1.18.30\lombok-1.18.30.jar;C:\Users\masayuki\.m2\repository\jakarta\xml\bind\jakarta.xml.bind-api\4.0.1\jakarta.xml.bind-api-4.0.1.jar;C:\Users\masayuki\.m2\repository\jakarta\activation\jakarta.activation-api\2.1.2\jakarta.activation-api-2.1.2.jar;C:\Users\masayuki\.m2\repository\org\springframework\spring-core\6.1.3\spring-core-6.1.3.jar;C:\Users\masayuki\.m2\repository\org\springframework\spring-jcl\6.1.3\spring-jcl-6.1.3.jar;C:\Users\masayuki\.m2\repository\org\flywaydb\flyway-mysql\9.22.3\flyway-mysql-9.22.3.jar;C:\Users\masayuki\.m2\repository\org\flywaydb\flyway-core\9.22.3\flyway-core-9.22.3.jar;C:\Users\masayuki\.m2\repository\com\fasterxml\jackson\dataformat\jackson-dataformat-toml\2.15.3\jackson-dataformat-toml-2.15.3.jar;C:\Users\masayuki\.m2\repository\com\google\code\gson\gson\2.10.1\gson-2.10.1.jar;C:\Users\masayuki\.m2\repository\org\webjars\bootstrap\5.1.3\bootstrap-5.1.3.jar;C:\Users\masayuki\.m2\repository\org\webjars\popper.js\2.9.3\popper.js-2.9.3.jar;C:\Users\masayuki\.m2\repository\org\webjars\webjars-locator-core\0.55\webjars-locator-core-0.55.jar;C:\Users\masayuki\.m2\repository\org\slf4j\slf4j-api\2.0.11\slf4j-api-2.0.11.jar;C:\Users\masayuki\.m2\repository\io\github\classgraph\classgraph\4.8.149\classgraph-4.8.149.jar;C:\Users\masayuki\.m2\repository\com\fasterxml\jackson\core\jackson-core\2.15.3\jackson-core-2.15.3.jar;C:\Users\masayuki\.m2\repository\org\webjars\npm\bootstrap-icons\1.7.2\bootstrap-icons-1.7.2.jar;C:\Users\masayuki\.m2\repository\nz\net\ultraq\thymeleaf\thymeleaf-layout-dialect\3.3.0\thymeleaf-layout-dialect-3.3.0.jar;C:\Users\masayuki\.m2\repository\org\apache\groovy\groovy\4.0.17\groovy-4.0.17.jar;C:\Users\masayuki\.m2\repository\nz\net\ultraq\groovy\groovy-extensions\2.1.0\groovy-extensions-2.1.0.jar;C:\Users\masayuki\.m2\repository\nz\net\ultraq\thymeleaf\thymeleaf-expression-processor\3.2.0\thymeleaf-expression-processor-3.2.0.jar;C:\Users\masayuki\.m2\repository\org\thymeleaf\thymeleaf\3.1.2.RELEASE\thymeleaf-3.1.2.RELEASE.jar;C:\Users\masayuki\.m2\repository\ognl\ognl\3.3.4\ognl-3.3.4.jar;C:\Users\masayuki\.m2\repository\org\javassist\javassist\3.29.0-GA\javassist-3.29.0-GA.jar;C:\Users\masayuki\.m2\repository\org\attoparser\attoparser\2.0.7.RELEASE\attoparser-2.0.7.RELEASE.jar;C:\Users\masayuki\.m2\repository\org\unbescape\unbescape\1.1.6.RELEASE\unbescape-1.1.6.RELEASE.jar
Launcher Type: SUN_STANDARD

[Global flags]
     intx CICompilerCount                          = 3                                         {product} {ergonomic}
     uint ConcGCThreads                            = 1                                         {product} {ergonomic}
     uint G1ConcRefinementThreads                  = 4                                         {product} {ergonomic}
   size_t G1HeapRegionSize                         = 1048576                                   {product} {ergonomic}
    uintx GCDrainStackTargetSize                   = 64                                        {product} {ergonomic}
   size_t InitialHeapSize                          = 132120576                                 {product} {ergonomic}
     bool ManagementServer                         = true                                      {product} {command line}
   size_t MarkStackSize                            = 4194304                                   {product} {ergonomic}
   size_t MaxHeapSize                              = 2105540608                                {product} {ergonomic}
   size_t MaxNewSize                               = 1262485504                                {product} {ergonomic}
   size_t MinHeapDeltaBytes                        = 1048576                                   {product} {ergonomic}
   size_t MinHeapSize                              = 8388608                                   {product} {ergonomic}
    uintx NonNMethodCodeHeapSize                   = 4096                                   {pd product} {ergonomic}
    uintx NonProfiledCodeHeapSize                  = 0                                      {pd product} {ergonomic}
     bool ProfileInterpreter                       = false                                  {pd product} {command line}
    uintx ProfiledCodeHeapSize                     = 0                                      {pd product} {ergonomic}
     bool ShowCodeDetailsInExceptionMessages       = true                                   {manageable} {command line}
   size_t SoftMaxHeapSize                          = 2105540608                             {manageable} {ergonomic}
     intx TieredStopAtLevel                        = 1                                         {product} {command line}
     bool UseCompressedOops                        = true                           {product lp64_product} {ergonomic}
     bool UseG1GC                                  = true                                      {product} {ergonomic}
     bool UseLargePagesIndividualAllocation        = false                                  {pd product} {ergonomic}

Logging:
Log output configuration:
 #0: stdout all=warning uptime,level,tags foldmultilines=false
 #1: stderr all=off uptime,level,tags foldmultilines=false

Environment Variables:
PATH=C:/pleiades/2023-12/eclipse//../java/17/bin/server;C:/pleiades/2023-12/eclipse//../java/17/bin;C:\Program Files (x86)\Intel\Intel(R) Management Engine Components\iCLS\;C:\Program Files\Intel\Intel(R) Management Engine Components\iCLS\;C:\WINDOWS\system32;C:\WINDOWS;C:\WINDOWS\System32\Wbem;C:\WINDOWS\System32\WindowsPowerShell\v1.0\;C:\Program Files (x86)\Intel\Intel(R) Management Engine Components\DAL;C:\Program Files\Intel\Intel(R) Management Engine Components\DAL;C:\Program Files (x86)\Intel\Intel(R) Management Engine Components\IPT;C:\Program Files\Intel\Intel(R) Management Engine Components\IPT;C:\Program Files\Intel\WiFi\bin\;C:\Program Files\Common Files\Intel\WirelessCommon\;C:\Program Files (x86)\Common Files\Roxio Shared\DLLShared\;C:\Program Files (x86)\Common Files\Roxio Shared\OEM\12.0\DLLShared\;C:\Program Files (x86)\Roxio 2010\OEM\AudioCore\;C:\HashiCorp\Vagrant\bin;C:\Program Files\Git\cmd;C:\WINDOWS\System32\OpenSSH\;C:\Program Files\nodejs\;C:\Program Files (x86)\dotnet\;C:\Program Files\Docker\Docker\resources\bin;C:\ProgramData\DockerDesktop\version-bin;C:\Program Files\Geth;C:\Program Files\dotnet\;C:\Users\masayuki\AppData\Local\Microsoft\WindowsApps;C:\Users\masayuki\AppData\Local\atom\bin;C:\Users\masayuki\AppData\Local\Microsoft\WindowsApps;C:\Users\masayuki\AppData\Roaming\npm;C:\pleiades\2023-12\eclipse;
USERNAME=masayuki
OS=Windows_NT
PROCESSOR_IDENTIFIER=Intel64 Family 6 Model 142 Stepping 9, GenuineIntel
TMP=C:\Users\masayuki\AppData\Local\Temp
TEMP=C:\Users\masayuki\AppData\Local\Temp




Periodic native trim disabled

---------------  S Y S T E M  ---------------

OS:
 Windows 10 , 64 bit Build 19041 (10.0.19041.3636)
OS uptime: 5 days 21:41 hours
Hyper-V role detected

CPU: total 4 (initial active 4) (2 cores per cpu, 2 threads per core) family 6 model 142 stepping 9 microcode 0xb4, cx8, cmov, fxsr, ht, mmx, 3dnowpref, sse, sse2, sse3, ssse3, sse4.1, sse4.2, popcnt, lzcnt, tsc, tscinvbit, avx, avx2, aes, erms, clmul, bmi1, bmi2, rtm, adx, fma, vzeroupper, clflush, clflushopt, hv, rdtscp, f16c
Processor Information for all 4 processors :
  Max Mhz: 2701, Current Mhz: 1600, Mhz Limit: 1593

Memory: 4k page, system-wide physical 8024M (954M free)
TotalPageFile size 17743M (AvailPageFile size 4073M)
current process WorkingSet (physical memory assigned to process): 364M, peak: 364M
current process commit charge ("private bytes"): 397M, peak: 397M

vm_info: OpenJDK 64-Bit Server VM (21.0.1+12-LTS) for windows-amd64 JRE (21.0.1+12-LTS), built on 2023-10-17T00:00:00Z by "admin" with unknown MS VC++:1937

END.
